Wed, 16 Dec 2020 22:44:07 main.py[line:40] INFO *****************************************
Wed, 16 Dec 2020 22:44:07 main.py[line:41] INFO **********[Main program starts]**********
Wed, 16 Dec 2020 22:44:07 main.py[line:42] INFO *****************************************

Wed, 16 Dec 2020 22:44:07 main.py[line:48] INFO **********[Task A1 starts]**********
Wed, 16 Dec 2020 22:44:07 helper.py[line:332] INFO ==========[Data Preparation starts]==========
Wed, 16 Dec 2020 22:44:08 helper.py[line:340] INFO Data have been collected from /Users/friedrich/Projects/GitHub/AMLS_assignment20_21/AMLS_20-21_SN20043715/A1/A1_dataset.csv.
Wed, 16 Dec 2020 22:44:08 helper.py[line:341] INFO ==========[Data Preparation ends]==========
Wed, 16 Dec 2020 22:44:08 helper.py[line:355] INFO ==========[Feature selection starts]==========
Wed, 16 Dec 2020 22:44:09 helper.py[line:363] INFO [Original features amount]: 136
Wed, 16 Dec 2020 22:44:09 helper.py[line:364] INFO [Selected features amount]: 68
Wed, 16 Dec 2020 22:44:09 helper.py[line:366] INFO ==========[Feature selection ends]==========
Wed, 16 Dec 2020 22:44:09 helper.py[line:382] INFO ==========[Model training starts]==========
Wed, 16 Dec 2020 22:44:09 helper.py[line:383] INFO [Task]: A1
Wed, 16 Dec 2020 22:44:09 helper.py[line:384] INFO [Model]: LinearSVM
Wed, 16 Dec 2020 22:44:09 helper.py[line:397] INFO [Model]: No model has been found for this task.
Wed, 16 Dec 2020 22:44:09 helper.py[line:398] INFO Starting to train a new one...
Wed, 16 Dec 2020 22:44:22 helper.py[line:450] INFO ====================
Wed, 16 Dec 2020 22:44:22 helper.py[line:453] INFO [Best Parameters]: {'linearsvc__C': 0.1}
Wed, 16 Dec 2020 22:44:22 helper.py[line:454] INFO [Best Test Score]: 0.9139796177007857
Wed, 16 Dec 2020 22:44:22 helper.py[line:456] INFO [Best Training Score]: 0.9248446241724734
Wed, 16 Dec 2020 22:44:22 helper.py[line:485] INFO [Execution time]: 00:00:13
Wed, 16 Dec 2020 22:44:22 helper.py[line:486] INFO ==========[Model training ends]==========
Wed, 16 Dec 2020 22:44:22 main.py[line:65] INFO **********[Task A1 ends]**********
Wed, 16 Dec 2020 22:44:22 main.py[line:66] INFO ***********************************
Wed, 16 Dec 2020 22:44:22 main.py[line:135] INFO [Total execution time]: 00:00:14
Wed, 16 Dec 2020 22:44:22 main.py[line:137] INFO *****************************************
Wed, 16 Dec 2020 22:44:22 main.py[line:138] INFO ***********[Main program ends]***********
Wed, 16 Dec 2020 22:44:22 main.py[line:139] INFO *****************************************

(base) 
# friedrich @ Friedrich-MBP in ~/Projects/GitHub/AMLS_assignment20_21/AMLS_20-21_SN20043715 on git:master x [22:44:01] 
$ source /Users/friedrich/opt/anaconda3/bin/activate
conda activate mls_lab
(base) 
# friedrich @ Friedrich-MBP in ~/Projects/GitHub/AMLS_assignment20_21/AMLS_20-21_SN20043715 on git:master x [22:44:01] 
$ conda activate mls_lab
(mls_lab) 
# friedrich @ Friedrich-MBP in ~/Projects/GitHub/AMLS_assignment20_21/AMLS_20-21_SN20043715 on git:master x [22:44:02] 
$ /Users/friedrich/opt/anaconda3/envs/mls_lab/bin/python /Users/friedrich/Projects/GitHub/AMLS_assignment20_21/AMLS_20-21_SN20043715/main.py
Using TensorFlow backend.
/Users/friedrich/opt/anaconda3/envs/mls_lab/lib/python3.7/site-packages/sklearn/feature_selection/_from_model.py:224: DataConversionWarning: A column-vector y was passed when a 1d array was expected. Please change the shape of y to (n_samples,), for example using ravel().
  self.estimator_.fit(X, y, **fit_params)
Fitting 5 folds for each of 4 candidates, totalling 20 fits
[Parallel(n_jobs=-1)]: Using backend LokyBackend with 8 concurrent workers.
[CV] linearsvc__C=0.1 ................................................
[CV] linearsvc__C=0.1 ................................................
[CV] linearsvc__C=0.1 ................................................
[CV] linearsvc__C=0.1 ................................................
/Users/friedrich/opt/anaconda3/envs/mls_lab/lib/python3.7/site-packages/sklearn/utils/validation.py:72: DataConversionWarning: A column-vector y was passed when a 1d array was expected. Please change the shape of y to (n_samples, ), for example using ravel().
  return f(**kwargs)
/Users/friedrich/opt/anaconda3/envs/mls_lab/lib/python3.7/site-packages/sklearn/utils/validation.py:72: DataConversionWarning: A column-vector y was passed when a 1d array was expected. Please change the shape of y to (n_samples, ), for example using ravel().
  return f(**kwargs)
/Users/friedrich/opt/anaconda3/envs/mls_lab/lib/python3.7/site-packages/sklearn/utils/validation.py:72: DataConversionWarning: A column-vector y was passed when a 1d array was expected. Please change the shape of y to (n_samples, ), for example using ravel().
  return f(**kwargs)
/Users/friedrich/opt/anaconda3/envs/mls_lab/lib/python3.7/site-packages/sklearn/utils/validation.py:72: DataConversionWarning: A column-vector y was passed when a 1d array was expected. Please change the shape of y to (n_samples, ), for example using ravel().
  return f(**kwargs)
[CV] linearsvc__C=0.1 ................................................
[CV] linearsvc__C=1 ..................................................
/Users/friedrich/opt/anaconda3/envs/mls_lab/lib/python3.7/site-packages/sklearn/utils/validation.py:72: DataConversionWarning: A column-vector y was passed when a 1d array was expected. Please change the shape of y to (n_samples, ), for example using ravel().
  return f(**kwargs)
/Users/friedrich/opt/anaconda3/envs/mls_lab/lib/python3.7/site-packages/sklearn/utils/validation.py:72: DataConversionWarning: A column-vector y was passed when a 1d array was expected. Please change the shape of y to (n_samples, ), for example using ravel().
  return f(**kwargs)
[CV] linearsvc__C=1 ..................................................
[CV] linearsvc__C=1 ..................................................
/Users/friedrich/opt/anaconda3/envs/mls_lab/lib/python3.7/site-packages/sklearn/utils/validation.py:72: DataConversionWarning: A column-vector y was passed when a 1d array was expected. Please change the shape of y to (n_samples, ), for example using ravel().
  return f(**kwargs)
/Users/friedrich/opt/anaconda3/envs/mls_lab/lib/python3.7/site-packages/sklearn/utils/validation.py:72: DataConversionWarning: A column-vector y was passed when a 1d array was expected. Please change the shape of y to (n_samples, ), for example using ravel().
  return f(**kwargs)
[CV]  linearsvc__C=0.1, score=(train=0.923, test=0.911), total=   0.7s
[Parallel(n_jobs=-1)]: Done   1 tasks      | elapsed:    2.9s
[CV]  linearsvc__C=0.1, score=(train=0.924, test=0.925), total=   0.8s
[Parallel(n_jobs=-1)]: Done   2 tasks      | elapsed:    2.9s
[CV] linearsvc__C=1 ..................................................
[CV]  linearsvc__C=0.1, score=(train=0.924, test=0.922), total=   0.7s
/Users/friedrich/opt/anaconda3/envs/mls_lab/lib/python3.7/site-packages/sklearn/utils/validation.py:72: DataConversionWarning: A column-vector y was passed when a 1d array was expected. Please change the shape of y to (n_samples, ), for example using ravel().
  return f(**kwargs)
[Parallel(n_jobs=-1)]: Done   3 tasks      | elapsed:    3.0s
[CV]  linearsvc__C=0.1, score=(train=0.925, test=0.916), total=   0.8s
[Parallel(n_jobs=-1)]: Done   4 tasks      | elapsed:    3.0s
[CV] linearsvc__C=1 ..................................................
/Users/friedrich/opt/anaconda3/envs/mls_lab/lib/python3.7/site-packages/sklearn/utils/validation.py:72: DataConversionWarning: A column-vector y was passed when a 1d array was expected. Please change the shape of y to (n_samples, ), for example using ravel().
  return f(**kwargs)
[CV] linearsvc__C=10 .................................................
[CV] linearsvc__C=10 .................................................
/Users/friedrich/opt/anaconda3/envs/mls_lab/lib/python3.7/site-packages/sklearn/utils/validation.py:72: DataConversionWarning: A column-vector y was passed when a 1d array was expected. Please change the shape of y to (n_samples, ), for example using ravel().
  return f(**kwargs)
/Users/friedrich/opt/anaconda3/envs/mls_lab/lib/python3.7/site-packages/sklearn/utils/validation.py:72: DataConversionWarning: A column-vector y was passed when a 1d array was expected. Please change the shape of y to (n_samples, ), for example using ravel().
  return f(**kwargs)
[CV]  linearsvc__C=0.1, score=(train=0.929, test=0.896), total=   1.2s
[Parallel(n_jobs=-1)]: Done   5 tasks      | elapsed:    3.3s
[CV] linearsvc__C=10 .................................................
/Users/friedrich/opt/anaconda3/envs/mls_lab/lib/python3.7/site-packages/sklearn/utils/validation.py:72: DataConversionWarning: A column-vector y was passed when a 1d array was expected. Please change the shape of y to (n_samples, ), for example using ravel().
  return f(**kwargs)
/Users/friedrich/opt/anaconda3/envs/mls_lab/lib/python3.7/site-packages/sklearn/svm/_base.py:977: ConvergenceWarning: Liblinear failed to converge, increase the number of iterations.
  "the number of iterations.", ConvergenceWarning)
[CV] .. linearsvc__C=1, score=(train=0.923, test=0.919), total=   4.3s
[Parallel(n_jobs=-1)]: Done   6 out of  20 | elapsed:    6.8s remaining:   15.9s
[CV] linearsvc__C=10 .................................................
/Users/friedrich/opt/anaconda3/envs/mls_lab/lib/python3.7/site-packages/sklearn/utils/validation.py:72: DataConversionWarning: A column-vector y was passed when a 1d array was expected. Please change the shape of y to (n_samples, ), for example using ravel().
  return f(**kwargs)
/Users/friedrich/opt/anaconda3/envs/mls_lab/lib/python3.7/site-packages/sklearn/svm/_base.py:977: ConvergenceWarning: Liblinear failed to converge, increase the number of iterations.
  "the number of iterations.", ConvergenceWarning)
/Users/friedrich/opt/anaconda3/envs/mls_lab/lib/python3.7/site-packages/sklearn/svm/_base.py:977: ConvergenceWarning: Liblinear failed to converge, increase the number of iterations.
  "the number of iterations.", ConvergenceWarning)
[CV] .. linearsvc__C=1, score=(train=0.924, test=0.913), total=   4.5s
[Parallel(n_jobs=-1)]: Done   7 out of  20 | elapsed:    6.9s remaining:   12.9s
[CV] .. linearsvc__C=1, score=(train=0.924, test=0.911), total=   4.7s
[Parallel(n_jobs=-1)]: Done   8 out of  20 | elapsed:    6.9s remaining:   10.4s
[CV] linearsvc__C=10 .................................................
[CV] linearsvc__C=100 ................................................
/Users/friedrich/opt/anaconda3/envs/mls_lab/lib/python3.7/site-packages/sklearn/utils/validation.py:72: DataConversionWarning: A column-vector y was passed when a 1d array was expected. Please change the shape of y to (n_samples, ), for example using ravel().
  return f(**kwargs)
/Users/friedrich/opt/anaconda3/envs/mls_lab/lib/python3.7/site-packages/sklearn/utils/validation.py:72: DataConversionWarning: A column-vector y was passed when a 1d array was expected. Please change the shape of y to (n_samples, ), for example using ravel().
  return f(**kwargs)
/Users/friedrich/opt/anaconda3/envs/mls_lab/lib/python3.7/site-packages/sklearn/svm/_base.py:977: ConvergenceWarning: Liblinear failed to converge, increase the number of iterations.
  "the number of iterations.", ConvergenceWarning)
[CV] .. linearsvc__C=1, score=(train=0.929, test=0.899), total=   4.2s
[Parallel(n_jobs=-1)]: Done   9 out of  20 | elapsed:    7.1s remaining:    8.7s
[CV] linearsvc__C=100 ................................................
/Users/friedrich/opt/anaconda3/envs/mls_lab/lib/python3.7/site-packages/sklearn/utils/validation.py:72: DataConversionWarning: A column-vector y was passed when a 1d array was expected. Please change the shape of y to (n_samples, ), for example using ravel().
  return f(**kwargs)
/Users/friedrich/opt/anaconda3/envs/mls_lab/lib/python3.7/site-packages/sklearn/svm/_base.py:977: ConvergenceWarning: Liblinear failed to converge, increase the number of iterations.
  "the number of iterations.", ConvergenceWarning)
[CV] .. linearsvc__C=1, score=(train=0.925, test=0.922), total=   4.5s
[Parallel(n_jobs=-1)]: Done  10 out of  20 | elapsed:    7.5s remaining:    7.5s
[CV] linearsvc__C=100 ................................................
/Users/friedrich/opt/anaconda3/envs/mls_lab/lib/python3.7/site-packages/sklearn/utils/validation.py:72: DataConversionWarning: A column-vector y was passed when a 1d array was expected. Please change the shape of y to (n_samples, ), for example using ravel().
  return f(**kwargs)
/Users/friedrich/opt/anaconda3/envs/mls_lab/lib/python3.7/site-packages/sklearn/svm/_base.py:977: ConvergenceWarning: Liblinear failed to converge, increase the number of iterations.
  "the number of iterations.", ConvergenceWarning)
[CV] . linearsvc__C=10, score=(train=0.922, test=0.908), total=   4.7s
[Parallel(n_jobs=-1)]: Done  11 out of  20 | elapsed:    7.7s remaining:    6.3s
[CV] linearsvc__C=100 ................................................
/Users/friedrich/opt/anaconda3/envs/mls_lab/lib/python3.7/site-packages/sklearn/utils/validation.py:72: DataConversionWarning: A column-vector y was passed when a 1d array was expected. Please change the shape of y to (n_samples, ), for example using ravel().
  return f(**kwargs)
/Users/friedrich/opt/anaconda3/envs/mls_lab/lib/python3.7/site-packages/sklearn/svm/_base.py:977: ConvergenceWarning: Liblinear failed to converge, increase the number of iterations.
  "the number of iterations.", ConvergenceWarning)
[CV] . linearsvc__C=10, score=(train=0.924, test=0.913), total=   4.9s
[Parallel(n_jobs=-1)]: Done  12 out of  20 | elapsed:    8.0s remaining:    5.3s
[CV] linearsvc__C=100 ................................................
/Users/friedrich/opt/anaconda3/envs/mls_lab/lib/python3.7/site-packages/sklearn/svm/_base.py:977: ConvergenceWarning: Liblinear failed to converge, increase the number of iterations.
  "the number of iterations.", ConvergenceWarning)
/Users/friedrich/opt/anaconda3/envs/mls_lab/lib/python3.7/site-packages/sklearn/utils/validation.py:72: DataConversionWarning: A column-vector y was passed when a 1d array was expected. Please change the shape of y to (n_samples, ), for example using ravel().
  return f(**kwargs)
[CV] . linearsvc__C=10, score=(train=0.924, test=0.920), total=   4.7s
[Parallel(n_jobs=-1)]: Done  13 out of  20 | elapsed:    8.0s remaining:    4.3s
/Users/friedrich/opt/anaconda3/envs/mls_lab/lib/python3.7/site-packages/sklearn/svm/_base.py:977: ConvergenceWarning: Liblinear failed to converge, increase the number of iterations.
  "the number of iterations.", ConvergenceWarning)
[CV] . linearsvc__C=10, score=(train=0.928, test=0.895), total=   4.5s
[Parallel(n_jobs=-1)]: Done  14 out of  20 | elapsed:   11.4s remaining:    4.9s
/Users/friedrich/opt/anaconda3/envs/mls_lab/lib/python3.7/site-packages/sklearn/svm/_base.py:977: ConvergenceWarning: Liblinear failed to converge, increase the number of iterations.
  "the number of iterations.", ConvergenceWarning)
[CV] . linearsvc__C=10, score=(train=0.925, test=0.920), total=   4.7s
[Parallel(n_jobs=-1)]: Done  15 out of  20 | elapsed:   11.6s remaining:    3.9s
/Users/friedrich/opt/anaconda3/envs/mls_lab/lib/python3.7/site-packages/sklearn/svm/_base.py:977: ConvergenceWarning: Liblinear failed to converge, increase the number of iterations.
  "the number of iterations.", ConvergenceWarning)
[CV]  linearsvc__C=100, score=(train=0.901, test=0.883), total=   5.2s
[Parallel(n_jobs=-1)]: Done  16 out of  20 | elapsed:   12.2s remaining:    3.0s
/Users/friedrich/opt/anaconda3/envs/mls_lab/lib/python3.7/site-packages/sklearn/svm/_base.py:977: ConvergenceWarning: Liblinear failed to converge, increase the number of iterations.
  "the number of iterations.", ConvergenceWarning)
[CV]  linearsvc__C=100, score=(train=0.918, test=0.885), total=   4.7s
[Parallel(n_jobs=-1)]: Done  17 out of  20 | elapsed:   12.5s remaining:    2.2s
/Users/friedrich/opt/anaconda3/envs/mls_lab/lib/python3.7/site-packages/sklearn/svm/_base.py:977: ConvergenceWarning: Liblinear failed to converge, increase the number of iterations.
  "the number of iterations.", ConvergenceWarning)
[CV]  linearsvc__C=100, score=(train=0.918, test=0.905), total=   5.4s
[Parallel(n_jobs=-1)]: Done  18 out of  20 | elapsed:   12.6s remaining:    1.4s
/Users/friedrich/opt/anaconda3/envs/mls_lab/lib/python3.7/site-packages/sklearn/svm/_base.py:977: ConvergenceWarning: Liblinear failed to converge, increase the number of iterations.
  "the number of iterations.", ConvergenceWarning)
[CV]  linearsvc__C=100, score=(train=0.916, test=0.913), total=   5.1s
/Users/friedrich/opt/anaconda3/envs/mls_lab/lib/python3.7/site-packages/sklearn/svm/_base.py:977: ConvergenceWarning: Liblinear failed to converge, increase the number of iterations.
  "the number of iterations.", ConvergenceWarning)
[CV]  linearsvc__C=100, score=(train=0.914, test=0.902), total=   4.8s
[Parallel(n_jobs=-1)]: Done  20 out of  20 | elapsed:   12.8s remaining:    0.0s
[Parallel(n_jobs=-1)]: Done  20 out of  20 | elapsed:   12.8s finished
/Users/friedrich/opt/anaconda3/envs/mls_lab/lib/python3.7/site-packages/sklearn/utils/validation.py:72: DataConversionWarning: A column-vector y was passed when a 1d array was expected. Please change the shape of y to (n_samples, ), for example using ravel().
  return f(**kwargs)
TA1:0.9248446241724734,0.9144827586206896
(mls_lab) 
# friedrich @ Friedrich-MBP in ~/Projects/GitHub/AMLS_assignment20_21/AMLS_20-21_SN20043715 on git:master x [22:44:28] 
$ 