Wed, 16 Dec 2020 22:37:48 main.py[line:40] INFO *****************************************
Wed, 16 Dec 2020 22:37:48 main.py[line:41] INFO **********[Main program starts]**********
Wed, 16 Dec 2020 22:37:48 main.py[line:42] INFO *****************************************

Wed, 16 Dec 2020 22:37:48 main.py[line:48] INFO **********[Task A1 starts]**********
Wed, 16 Dec 2020 22:37:48 helper.py[line:332] INFO ==========[Data Preparation starts]==========
Wed, 16 Dec 2020 22:37:48 helper.py[line:340] INFO Data have been collected from /Users/friedrich/Projects/GitHub/AMLS_assignment20_21/AMLS_20-21_SN20043715/A1/A1_dataset.csv.
Wed, 16 Dec 2020 22:37:48 helper.py[line:341] INFO ==========[Data Preparation ends]==========
Wed, 16 Dec 2020 22:37:48 helper.py[line:382] INFO ==========[Model training starts]==========
Wed, 16 Dec 2020 22:37:48 helper.py[line:383] INFO [Task]: A1
Wed, 16 Dec 2020 22:37:48 helper.py[line:384] INFO [Model]: RandomForest
Wed, 16 Dec 2020 22:37:48 helper.py[line:397] INFO [Model]: No model has been found for this task.
Wed, 16 Dec 2020 22:37:48 helper.py[line:398] INFO Starting to train a new one...
Wed, 16 Dec 2020 22:38:34 helper.py[line:450] INFO ====================
Wed, 16 Dec 2020 22:38:34 helper.py[line:453] INFO [Best Parameters]: {'max_features': 7, 'n_estimators': 101}
Wed, 16 Dec 2020 22:38:34 helper.py[line:454] INFO [Best Test Score]: 0.8672746978053194
Wed, 16 Dec 2020 22:38:34 helper.py[line:456] INFO [Best Training Score]: 1.0
Wed, 16 Dec 2020 22:38:34 helper.py[line:470] INFO [Feature Importances]: [(0.0653931133788913, 'feature_54'), (0.05506205704322092, 'feature_36'), (0.029389375291937525, 'feature_38'), (0.027744808851778432, 'feature_52'), (0.025083722085149654, 'feature_80'), (0.021282030200497546, 'feature_96'), (0.020762878776861598, 'feature_86'), (0.020377417054390463, 'feature_82'), (0.014526611480848784, 'feature_94'), (0.01275420092785052, 'feature_20'), (0.012727309311744189, 'feature_43'), (0.011734495248067484, 'feature_84'), (0.011701295668991049, 'feature_45'), (0.011485623259906909, 'feature_14'), (0.011409625758354422, 'feature_16'), (0.011140774474500256, 'feature_83'), (0.011131186906190797, 'feature_93'), (0.010922944561716812, 'feature_106'), (0.010545237048493694, 'feature_18'), (0.01034620985063761, 'feature_71'), (0.009446759274473786, 'feature_22'), (0.00929724718552415, 'feature_104'), (0.00916316760858749, 'feature_100'), (0.00913941451079044, 'feature_108'), (0.00881626119018598, 'feature_91'), (0.008449738973580473, 'feature_102'), (0.008217829787082671, 'feature_118'), (0.007816401336591118, 'feature_73'), (0.007614338466668522, 'feature_116'), (0.007545086168742523, 'feature_63'), (0.007445010723819782, 'feature_114'), (0.007287881215907571, 'feature_40'), (0.007161648072969283, 'feature_72'), (0.007092668111303961, 'feature_76'), (0.0065357254475046644, 'feature_24'), (0.006331210931097188, 'feature_50'), (0.006209083092413691, 'feature_25'), (0.006201090035411096, 'feature_112'), (0.006195754100456298, 'feature_19'), (0.006184062281314247, 'feature_21'), (0.006118601482522807, 'feature_81'), (0.006099244464534461, 'feature_51'), (0.006060364820714836, 'feature_2'), (0.006024648215774292, 'feature_56'), (0.006001839491108165, 'feature_27'), (0.005970095973635218, 'feature_12'), (0.00590230826241349, 'feature_34'), (0.005866442210472121, 'feature_13'), (0.005757555142326543, 'feature_10'), (0.005574416033466087, 'feature_70'), (0.005574225635092382, 'feature_4'), (0.005570952101378267, 'feature_75'), (0.005546853415171171, 'feature_46'), (0.005542162051194029, 'feature_6'), (0.0055072575983219395, 'feature_64'), (0.005482885900675053, 'feature_37'), (0.005460074030064456, 'feature_65'), (0.0054315852413458, 'feature_32'), (0.005373735627305193, 'feature_9'), (0.0053282636017919945, 'feature_66'), (0.005262980168823322, 'feature_23'), (0.00522111377168857, 'feature_62'), (0.005214919288769237, 'feature_120'), (0.005182886469627492, 'feature_60'), (0.0051775931203251035, 'feature_132'), (0.00517224982138468, 'feature_42'), (0.0051699772286008415, 'feature_15'), (0.005135087777499692, 'feature_47'), (0.005019179363401748, 'feature_69'), (0.005016920931467989, 'feature_98'), (0.00499936215886593, 'feature_28'), (0.00496705053579604, 'feature_89'), (0.004961924784667129, 'feature_31'), (0.004957092544336366, 'feature_48'), (0.004950134560647339, 'feature_26'), (0.004926994306105464, 'feature_134'), (0.004888858580441975, 'feature_29'), (0.004880531915618163, 'feature_41'), (0.0048170458535395045, 'feature_7'), (0.004811937467514525, 'feature_44'), (0.004799709459688646, 'feature_30'), (0.00477949223632204, 'feature_126'), (0.004743682906976422, 'feature_58'), (0.0047376816613336, 'feature_90'), (0.004659644908432349, 'feature_3'), (0.004616115480282396, 'feature_128'), (0.004613906757134137, 'feature_129'), (0.0045886016849419975, 'feature_123'), (0.004581828357672341, 'feature_33'), (0.004552518423560632, 'feature_11'), (0.004526602674143867, 'feature_39'), (0.004525525285623285, 'feature_109'), (0.004522053845774742, 'feature_119'), (0.004495868005806787, 'feature_136'), (0.004475508276060305, 'feature_99'), (0.004448799506917758, 'feature_105'), (0.004426707807749264, 'feature_5'), (0.004419962644692832, 'feature_121'), (0.004417681591502174, 'feature_92'), (0.004402857233850086, 'feature_53'), (0.004343094218526168, 'feature_101'), (0.004313330933455576, 'feature_49'), (0.004312736250673804, 'feature_110'), (0.004297511433489398, 'feature_61'), (0.0042622159110641605, 'feature_68'), (0.004209855267656124, 'feature_78'), (0.004198626172477395, 'feature_35'), (0.004185054686239337, 'feature_97'), (0.004153129259092827, 'feature_127'), (0.004151492396010102, 'feature_135'), (0.004137735758673466, 'feature_124'), (0.004117967888387083, 'feature_133'), (0.00411614617389088, 'feature_115'), (0.004069361788527092, 'feature_8'), (0.003953054893878621, 'feature_125'), (0.003932164418470573, 'feature_55'), (0.0038903047106871526, 'feature_107'), (0.003879148808659768, 'feature_1'), (0.0038699513659451634, 'feature_74'), (0.0038469091184616887, 'feature_111'), (0.0038265731851621874, 'feature_59'), (0.003765334734880143, 'feature_88'), (0.0036978659606746165, 'feature_103'), (0.0036596612782705154, 'feature_95'), (0.003640612784137204, 'feature_67'), (0.0035760935765574583, 'feature_57'), (0.0035478811967371592, 'feature_131'), (0.003448417561615647, 'feature_17'), (0.003274853180314804, 'feature_113'), (0.003264163158863183, 'feature_87'), (0.0032395935552942358, 'feature_130'), (0.0032024013416743625, 'feature_79'), (0.0031884739508825466, 'feature_117'), (0.0029683858631135832, 'feature_85'), (0.0027711669880631433, 'feature_77'), (0.002755333838142853, 'feature_122')]
Wed, 16 Dec 2020 22:38:34 helper.py[line:485] INFO [Execution time]: 00:00:45
Wed, 16 Dec 2020 22:38:34 helper.py[line:486] INFO ==========[Model training ends]==========
Wed, 16 Dec 2020 22:38:34 main.py[line:65] INFO **********[Task A1 ends]**********
Wed, 16 Dec 2020 22:38:34 main.py[line:66] INFO ***********************************
Wed, 16 Dec 2020 22:38:34 main.py[line:135] INFO [Total execution time]: 00:00:45
Wed, 16 Dec 2020 22:38:34 main.py[line:137] INFO *****************************************
Wed, 16 Dec 2020 22:38:34 main.py[line:138] INFO ***********[Main program ends]***********
Wed, 16 Dec 2020 22:38:34 main.py[line:139] INFO *****************************************

/Users/friedrich/opt/anaconda3/envs/mls_lab/lib/python3.7/site-packages/sklearn/model_selection/_validation.py:531: DataConversionWarning: A column-vector y was passed when a 1d array was expected. Please change the shape of y to (n_samples,), for example using ravel().
  estimator.fit(X_train, y_train, **fit_params)
[CV]  max_features=7, n_estimators=91, score=(train=1.000, test=0.858), total=   1.0s
[Parallel(n_jobs=-1)]: Done 376 tasks      | elapsed:   27.1s
[CV] max_features=7, n_estimators=101 ................................
/Users/friedrich/opt/anaconda3/envs/mls_lab/lib/python3.7/site-packages/sklearn/model_selection/_validation.py:531: DataConversionWarning: A column-vector y was passed when a 1d array was expected. Please change the shape of y to (n_samples,), for example using ravel().
  estimator.fit(X_train, y_train, **fit_params)
[CV]  max_features=7, n_estimators=91, score=(train=1.000, test=0.864), total=   1.0s
[Parallel(n_jobs=-1)]: Done 377 tasks      | elapsed:   27.4s
[CV]  max_features=7, n_estimators=91, score=(train=1.000, test=0.864), total=   1.0s
[Parallel(n_jobs=-1)]: Done 378 tasks      | elapsed:   27.4s
[CV] max_features=7, n_estimators=101 ................................
/Users/friedrich/opt/anaconda3/envs/mls_lab/lib/python3.7/site-packages/sklearn/model_selection/_validation.py:531: DataConversionWarning: A column-vector y was passed when a 1d array was expected. Please change the shape of y to (n_samples,), for example using ravel().
  estimator.fit(X_train, y_train, **fit_params)
[CV] max_features=8, n_estimators=1 ..................................
/Users/friedrich/opt/anaconda3/envs/mls_lab/lib/python3.7/site-packages/sklearn/model_selection/_validation.py:531: DataConversionWarning: A column-vector y was passed when a 1d array was expected. Please change the shape of y to (n_samples,), for example using ravel().
  estimator.fit(X_train, y_train, **fit_params)
[CV]  max_features=8, n_estimators=1, score=(train=0.904, test=0.764), total=   0.0s
[Parallel(n_jobs=-1)]: Done 379 tasks      | elapsed:   27.5s
[CV] max_features=8, n_estimators=1 ..................................
/Users/friedrich/opt/anaconda3/envs/mls_lab/lib/python3.7/site-packages/sklearn/model_selection/_validation.py:531: DataConversionWarning: A column-vector y was passed when a 1d array was expected. Please change the shape of y to (n_samples,), for example using ravel().
  estimator.fit(X_train, y_train, **fit_params)
[CV]  max_features=8, n_estimators=1, score=(train=0.888, test=0.705), total=   0.0s
[Parallel(n_jobs=-1)]: Done 380 tasks      | elapsed:   27.6s
[CV] max_features=8, n_estimators=1 ..................................
/Users/friedrich/opt/anaconda3/envs/mls_lab/lib/python3.7/site-packages/sklearn/model_selection/_validation.py:531: DataConversionWarning: A column-vector y was passed when a 1d array was expected. Please change the shape of y to (n_samples,), for example using ravel().
  estimator.fit(X_train, y_train, **fit_params)
[CV]  max_features=8, n_estimators=1, score=(train=0.909, test=0.750), total=   0.0s
[Parallel(n_jobs=-1)]: Done 381 tasks      | elapsed:   27.7s
[CV]  max_features=7, n_estimators=91, score=(train=1.000, test=0.843), total=   1.1s
[CV] max_features=8, n_estimators=1 ..................................
[Parallel(n_jobs=-1)]: Done 382 tasks      | elapsed:   27.7s
/Users/friedrich/opt/anaconda3/envs/mls_lab/lib/python3.7/site-packages/sklearn/model_selection/_validation.py:531: DataConversionWarning: A column-vector y was passed when a 1d array was expected. Please change the shape of y to (n_samples,), for example using ravel().
  estimator.fit(X_train, y_train, **fit_params)
[CV]  max_features=8, n_estimators=1, score=(train=0.898, test=0.719), total=   0.0s
[Parallel(n_jobs=-1)]: Done 383 tasks      | elapsed:   27.7s
[CV] max_features=8, n_estimators=1 ..................................
[CV] max_features=8, n_estimators=11 .................................
/Users/friedrich/opt/anaconda3/envs/mls_lab/lib/python3.7/site-packages/sklearn/model_selection/_validation.py:531: DataConversionWarning: A column-vector y was passed when a 1d array was expected. Please change the shape of y to (n_samples,), for example using ravel().
  estimator.fit(X_train, y_train, **fit_params)
/Users/friedrich/opt/anaconda3/envs/mls_lab/lib/python3.7/site-packages/sklearn/model_selection/_validation.py:531: DataConversionWarning: A column-vector y was passed when a 1d array was expected. Please change the shape of y to (n_samples,), for example using ravel().
  estimator.fit(X_train, y_train, **fit_params)
[CV]  max_features=8, n_estimators=1, score=(train=0.905, test=0.757), total=   0.0s
[Parallel(n_jobs=-1)]: Done 384 tasks      | elapsed:   27.8s
[CV] max_features=8, n_estimators=11 .................................
/Users/friedrich/opt/anaconda3/envs/mls_lab/lib/python3.7/site-packages/sklearn/model_selection/_validation.py:531: DataConversionWarning: A column-vector y was passed when a 1d array was expected. Please change the shape of y to (n_samples,), for example using ravel().
  estimator.fit(X_train, y_train, **fit_params)
[CV]  max_features=7, n_estimators=91, score=(train=1.000, test=0.870), total=   1.1s
[Parallel(n_jobs=-1)]: Done 385 tasks      | elapsed:   27.9s
[CV] max_features=8, n_estimators=11 .................................
/Users/friedrich/opt/anaconda3/envs/mls_lab/lib/python3.7/site-packages/sklearn/model_selection/_validation.py:531: DataConversionWarning: A column-vector y was passed when a 1d array was expected. Please change the shape of y to (n_samples,), for example using ravel().
  estimator.fit(X_train, y_train, **fit_params)
[CV]  max_features=8, n_estimators=11, score=(train=0.993, test=0.829), total=   0.2s
[Parallel(n_jobs=-1)]: Done 386 tasks      | elapsed:   27.9s
[CV] max_features=8, n_estimators=11 .................................
/Users/friedrich/opt/anaconda3/envs/mls_lab/lib/python3.7/site-packages/sklearn/model_selection/_validation.py:531: DataConversionWarning: A column-vector y was passed when a 1d array was expected. Please change the shape of y to (n_samples,), for example using ravel().
  estimator.fit(X_train, y_train, **fit_params)
[CV]  max_features=8, n_estimators=11, score=(train=0.995, test=0.823), total=   0.2s
[Parallel(n_jobs=-1)]: Done 387 tasks      | elapsed:   28.0s
[CV] max_features=8, n_estimators=11 .................................
[CV]  max_features=7, n_estimators=101, score=(train=1.000, test=0.869), total=   1.3s
[Parallel(n_jobs=-1)]: Done 388 tasks      | elapsed:   28.0s
/Users/friedrich/opt/anaconda3/envs/mls_lab/lib/python3.7/site-packages/sklearn/model_selection/_validation.py:531: DataConversionWarning: A column-vector y was passed when a 1d array was expected. Please change the shape of y to (n_samples,), for example using ravel().
  estimator.fit(X_train, y_train, **fit_params)
[CV] max_features=8, n_estimators=21 .................................
/Users/friedrich/opt/anaconda3/envs/mls_lab/lib/python3.7/site-packages/sklearn/model_selection/_validation.py:531: DataConversionWarning: A column-vector y was passed when a 1d array was expected. Please change the shape of y to (n_samples,), for example using ravel().
  estimator.fit(X_train, y_train, **fit_params)
[CV]  max_features=8, n_estimators=11, score=(train=0.995, test=0.848), total=   0.2s
[Parallel(n_jobs=-1)]: Done 389 tasks      | elapsed:   28.1s
[CV] max_features=8, n_estimators=21 .................................
/Users/friedrich/opt/anaconda3/envs/mls_lab/lib/python3.7/site-packages/sklearn/model_selection/_validation.py:531: DataConversionWarning: A column-vector y was passed when a 1d array was expected. Please change the shape of y to (n_samples,), for example using ravel().
  estimator.fit(X_train, y_train, **fit_params)
[CV]  max_features=8, n_estimators=11, score=(train=0.996, test=0.824), total=   0.2s
[Parallel(n_jobs=-1)]: Done 390 tasks      | elapsed:   28.2s
[CV] max_features=8, n_estimators=21 .................................
/Users/friedrich/opt/anaconda3/envs/mls_lab/lib/python3.7/site-packages/sklearn/model_selection/_validation.py:531: DataConversionWarning: A column-vector y was passed when a 1d array was expected. Please change the shape of y to (n_samples,), for example using ravel().
  estimator.fit(X_train, y_train, **fit_params)
[CV]  max_features=8, n_estimators=11, score=(train=0.993, test=0.831), total=   0.2s
[Parallel(n_jobs=-1)]: Done 391 tasks      | elapsed:   28.2s
[CV] max_features=8, n_estimators=21 .................................
/Users/friedrich/opt/anaconda3/envs/mls_lab/lib/python3.7/site-packages/sklearn/model_selection/_validation.py:531: DataConversionWarning: A column-vector y was passed when a 1d array was expected. Please change the shape of y to (n_samples,), for example using ravel().
  estimator.fit(X_train, y_train, **fit_params)
[CV]  max_features=7, n_estimators=101, score=(train=1.000, test=0.863), total=   1.3s
[Parallel(n_jobs=-1)]: Done 392 tasks      | elapsed:   28.2s
[CV] max_features=8, n_estimators=21 .................................
/Users/friedrich/opt/anaconda3/envs/mls_lab/lib/python3.7/site-packages/sklearn/model_selection/_validation.py:531: DataConversionWarning: A column-vector y was passed when a 1d array was expected. Please change the shape of y to (n_samples,), for example using ravel().
  estimator.fit(X_train, y_train, **fit_params)
[CV]  max_features=7, n_estimators=101, score=(train=1.000, test=0.880), total=   1.3s
[Parallel(n_jobs=-1)]: Done 393 tasks      | elapsed:   28.4s
[CV]  max_features=8, n_estimators=21, score=(train=0.999, test=0.843), total=   0.3s
[Parallel(n_jobs=-1)]: Done 394 tasks      | elapsed:   28.4s
[CV] max_features=8, n_estimators=31 .................................
/Users/friedrich/opt/anaconda3/envs/mls_lab/lib/python3.7/site-packages/sklearn/model_selection/_validation.py:531: DataConversionWarning: A column-vector y was passed when a 1d array was expected. Please change the shape of y to (n_samples,), for example using ravel().
  estimator.fit(X_train, y_train, **fit_params)
[CV] max_features=8, n_estimators=31 .................................
/Users/friedrich/opt/anaconda3/envs/mls_lab/lib/python3.7/site-packages/sklearn/model_selection/_validation.py:531: DataConversionWarning: A column-vector y was passed when a 1d array was expected. Please change the shape of y to (n_samples,), for example using ravel().
  estimator.fit(X_train, y_train, **fit_params)
[CV]  max_features=8, n_estimators=21, score=(train=0.999, test=0.843), total=   0.3s
[Parallel(n_jobs=-1)]: Done 395 tasks      | elapsed:   28.5s
[CV] max_features=8, n_estimators=31 .................................
[CV]  max_features=8, n_estimators=21, score=(train=1.000, test=0.857), total=   0.3s
[Parallel(n_jobs=-1)]: Done 396 tasks      | elapsed:   28.5s
[CV] max_features=8, n_estimators=31 .................................
/Users/friedrich/opt/anaconda3/envs/mls_lab/lib/python3.7/site-packages/sklearn/model_selection/_validation.py:531: DataConversionWarning: A column-vector y was passed when a 1d array was expected. Please change the shape of y to (n_samples,), for example using ravel().
  estimator.fit(X_train, y_train, **fit_params)
/Users/friedrich/opt/anaconda3/envs/mls_lab/lib/python3.7/site-packages/sklearn/model_selection/_validation.py:531: DataConversionWarning: A column-vector y was passed when a 1d array was expected. Please change the shape of y to (n_samples,), for example using ravel().
  estimator.fit(X_train, y_train, **fit_params)
[CV]  max_features=7, n_estimators=101, score=(train=1.000, test=0.851), total=   1.3s
[Parallel(n_jobs=-1)]: Done 397 tasks      | elapsed:   28.5s
[CV]  max_features=8, n_estimators=21, score=(train=1.000, test=0.817), total=   0.3s
[Parallel(n_jobs=-1)]: Done 398 tasks      | elapsed:   28.6s
[CV] max_features=8, n_estimators=31 .................................
/Users/friedrich/opt/anaconda3/envs/mls_lab/lib/python3.7/site-packages/sklearn/model_selection/_validation.py:531: DataConversionWarning: A column-vector y was passed when a 1d array was expected. Please change the shape of y to (n_samples,), for example using ravel().
  estimator.fit(X_train, y_train, **fit_params)
[CV] max_features=8, n_estimators=41 .................................
/Users/friedrich/opt/anaconda3/envs/mls_lab/lib/python3.7/site-packages/sklearn/model_selection/_validation.py:531: DataConversionWarning: A column-vector y was passed when a 1d array was expected. Please change the shape of y to (n_samples,), for example using ravel().
  estimator.fit(X_train, y_train, **fit_params)
[CV]  max_features=8, n_estimators=21, score=(train=1.000, test=0.859), total=   0.3s
[Parallel(n_jobs=-1)]: Done 399 tasks      | elapsed:   28.7s
[CV] max_features=8, n_estimators=41 .................................
/Users/friedrich/opt/anaconda3/envs/mls_lab/lib/python3.7/site-packages/sklearn/model_selection/_validation.py:531: DataConversionWarning: A column-vector y was passed when a 1d array was expected. Please change the shape of y to (n_samples,), for example using ravel().
  estimator.fit(X_train, y_train, **fit_params)
[CV]  max_features=8, n_estimators=31, score=(train=1.000, test=0.840), total=   0.4s
[Parallel(n_jobs=-1)]: Done 400 tasks      | elapsed:   28.9s
[CV] max_features=8, n_estimators=41 .................................
/Users/friedrich/opt/anaconda3/envs/mls_lab/lib/python3.7/site-packages/sklearn/model_selection/_validation.py:531: DataConversionWarning: A column-vector y was passed when a 1d array was expected. Please change the shape of y to (n_samples,), for example using ravel().
  estimator.fit(X_train, y_train, **fit_params)
[CV]  max_features=8, n_estimators=31, score=(train=1.000, test=0.846), total=   0.4s
[Parallel(n_jobs=-1)]: Done 401 tasks      | elapsed:   28.9s
[CV]  max_features=7, n_estimators=101, score=(train=1.000, test=0.874), total=   1.4s
[Parallel(n_jobs=-1)]: Done 402 tasks      | elapsed:   28.9s
[CV] max_features=8, n_estimators=41 .................................
/Users/friedrich/opt/anaconda3/envs/mls_lab/lib/python3.7/site-packages/sklearn/model_selection/_validation.py:531: DataConversionWarning: A column-vector y was passed when a 1d array was expected. Please change the shape of y to (n_samples,), for example using ravel().
  estimator.fit(X_train, y_train, **fit_params)
[CV]  max_features=8, n_estimators=31, score=(train=1.000, test=0.843), total=   0.5s
[Parallel(n_jobs=-1)]: Done 403 tasks      | elapsed:   29.0s
[CV]  max_features=8, n_estimators=31, score=(train=1.000, test=0.839), total=   0.4s
[Parallel(n_jobs=-1)]: Done 404 tasks      | elapsed:   29.0s
[CV] max_features=8, n_estimators=41 .................................
/Users/friedrich/opt/anaconda3/envs/mls_lab/lib/python3.7/site-packages/sklearn/model_selection/_validation.py:531: DataConversionWarning: A column-vector y was passed when a 1d array was expected. Please change the shape of y to (n_samples,), for example using ravel().
  estimator.fit(X_train, y_train, **fit_params)
[CV] max_features=8, n_estimators=51 .................................
[CV] max_features=8, n_estimators=51 .................................
/Users/friedrich/opt/anaconda3/envs/mls_lab/lib/python3.7/site-packages/sklearn/model_selection/_validation.py:531: DataConversionWarning: A column-vector y was passed when a 1d array was expected. Please change the shape of y to (n_samples,), for example using ravel().
  estimator.fit(X_train, y_train, **fit_params)
/Users/friedrich/opt/anaconda3/envs/mls_lab/lib/python3.7/site-packages/sklearn/model_selection/_validation.py:531: DataConversionWarning: A column-vector y was passed when a 1d array was expected. Please change the shape of y to (n_samples,), for example using ravel().
  estimator.fit(X_train, y_train, **fit_params)
[CV]  max_features=8, n_estimators=31, score=(train=1.000, test=0.857), total=   0.5s
[Parallel(n_jobs=-1)]: Done 405 tasks      | elapsed:   29.1s
[CV] max_features=8, n_estimators=51 .................................
/Users/friedrich/opt/anaconda3/envs/mls_lab/lib/python3.7/site-packages/sklearn/model_selection/_validation.py:531: DataConversionWarning: A column-vector y was passed when a 1d array was expected. Please change the shape of y to (n_samples,), for example using ravel().
  estimator.fit(X_train, y_train, **fit_params)
[CV]  max_features=8, n_estimators=41, score=(train=1.000, test=0.848), total=   0.6s
[Parallel(n_jobs=-1)]: Done 406 tasks      | elapsed:   29.2s
[CV] max_features=8, n_estimators=51 .................................
/Users/friedrich/opt/anaconda3/envs/mls_lab/lib/python3.7/site-packages/sklearn/model_selection/_validation.py:531: DataConversionWarning: A column-vector y was passed when a 1d array was expected. Please change the shape of y to (n_samples,), for example using ravel().
  estimator.fit(X_train, y_train, **fit_params)
[CV]  max_features=8, n_estimators=41, score=(train=1.000, test=0.840), total=   0.6s
[Parallel(n_jobs=-1)]: Done 407 tasks      | elapsed:   29.3s
[CV] max_features=8, n_estimators=51 .................................
/Users/friedrich/opt/anaconda3/envs/mls_lab/lib/python3.7/site-packages/sklearn/model_selection/_validation.py:531: DataConversionWarning: A column-vector y was passed when a 1d array was expected. Please change the shape of y to (n_samples,), for example using ravel().
  estimator.fit(X_train, y_train, **fit_params)
[CV]  max_features=8, n_estimators=41, score=(train=1.000, test=0.873), total=   0.6s
[Parallel(n_jobs=-1)]: Done 408 tasks      | elapsed:   29.5s
[CV] max_features=8, n_estimators=61 .................................
[CV]  max_features=8, n_estimators=41, score=(train=1.000, test=0.837), total=   0.6s
[Parallel(n_jobs=-1)]: Done 409 tasks      | elapsed:   29.6s
/Users/friedrich/opt/anaconda3/envs/mls_lab/lib/python3.7/site-packages/sklearn/model_selection/_validation.py:531: DataConversionWarning: A column-vector y was passed when a 1d array was expected. Please change the shape of y to (n_samples,), for example using ravel().
  estimator.fit(X_train, y_train, **fit_params)
[CV] max_features=8, n_estimators=61 .................................
[CV]  max_features=8, n_estimators=41, score=(train=1.000, test=0.871), total=   0.6s
[Parallel(n_jobs=-1)]: Done 410 tasks      | elapsed:   29.6s
/Users/friedrich/opt/anaconda3/envs/mls_lab/lib/python3.7/site-packages/sklearn/model_selection/_validation.py:531: DataConversionWarning: A column-vector y was passed when a 1d array was expected. Please change the shape of y to (n_samples,), for example using ravel().
  estimator.fit(X_train, y_train, **fit_params)
[CV] max_features=8, n_estimators=61 .................................
/Users/friedrich/opt/anaconda3/envs/mls_lab/lib/python3.7/site-packages/sklearn/model_selection/_validation.py:531: DataConversionWarning: A column-vector y was passed when a 1d array was expected. Please change the shape of y to (n_samples,), for example using ravel().
  estimator.fit(X_train, y_train, **fit_params)
[CV]  max_features=8, n_estimators=51, score=(train=1.000, test=0.854), total=   0.7s
[Parallel(n_jobs=-1)]: Done 411 tasks      | elapsed:   29.8s
[CV]  max_features=8, n_estimators=51, score=(train=1.000, test=0.857), total=   0.7s
[Parallel(n_jobs=-1)]: Done 412 tasks      | elapsed:   29.8s
[CV] max_features=8, n_estimators=61 .................................
[CV] max_features=8, n_estimators=61 .................................
/Users/friedrich/opt/anaconda3/envs/mls_lab/lib/python3.7/site-packages/sklearn/model_selection/_validation.py:531: DataConversionWarning: A column-vector y was passed when a 1d array was expected. Please change the shape of y to (n_samples,), for example using ravel().
  estimator.fit(X_train, y_train, **fit_params)
/Users/friedrich/opt/anaconda3/envs/mls_lab/lib/python3.7/site-packages/sklearn/model_selection/_validation.py:531: DataConversionWarning: A column-vector y was passed when a 1d array was expected. Please change the shape of y to (n_samples,), for example using ravel().
  estimator.fit(X_train, y_train, **fit_params)
[CV]  max_features=8, n_estimators=51, score=(train=1.000, test=0.867), total=   0.7s
[Parallel(n_jobs=-1)]: Done 413 tasks      | elapsed:   29.9s
[CV] max_features=8, n_estimators=71 .................................
/Users/friedrich/opt/anaconda3/envs/mls_lab/lib/python3.7/site-packages/sklearn/model_selection/_validation.py:531: DataConversionWarning: A column-vector y was passed when a 1d array was expected. Please change the shape of y to (n_samples,), for example using ravel().
  estimator.fit(X_train, y_train, **fit_params)
[CV]  max_features=8, n_estimators=51, score=(train=1.000, test=0.845), total=   0.7s
[Parallel(n_jobs=-1)]: Done 414 tasks      | elapsed:   30.0s
[CV] max_features=8, n_estimators=71 .................................
/Users/friedrich/opt/anaconda3/envs/mls_lab/lib/python3.7/site-packages/sklearn/model_selection/_validation.py:531: DataConversionWarning: A column-vector y was passed when a 1d array was expected. Please change the shape of y to (n_samples,), for example using ravel().
  estimator.fit(X_train, y_train, **fit_params)
[CV]  max_features=8, n_estimators=51, score=(train=1.000, test=0.870), total=   0.7s
[Parallel(n_jobs=-1)]: Done 415 tasks      | elapsed:   30.1s
[CV] max_features=8, n_estimators=71 .................................
/Users/friedrich/opt/anaconda3/envs/mls_lab/lib/python3.7/site-packages/sklearn/model_selection/_validation.py:531: DataConversionWarning: A column-vector y was passed when a 1d array was expected. Please change the shape of y to (n_samples,), for example using ravel().
  estimator.fit(X_train, y_train, **fit_params)
[CV]  max_features=8, n_estimators=61, score=(train=1.000, test=0.860), total=   0.8s
[Parallel(n_jobs=-1)]: Done 416 tasks      | elapsed:   30.5s
[CV] max_features=8, n_estimators=71 .................................
/Users/friedrich/opt/anaconda3/envs/mls_lab/lib/python3.7/site-packages/sklearn/model_selection/_validation.py:531: DataConversionWarning: A column-vector y was passed when a 1d array was expected. Please change the shape of y to (n_samples,), for example using ravel().
  estimator.fit(X_train, y_train, **fit_params)
[CV]  max_features=8, n_estimators=61, score=(train=1.000, test=0.846), total=   0.8s
[Parallel(n_jobs=-1)]: Done 417 tasks      | elapsed:   30.5s
[CV] max_features=8, n_estimators=71 .................................
/Users/friedrich/opt/anaconda3/envs/mls_lab/lib/python3.7/site-packages/sklearn/model_selection/_validation.py:531: DataConversionWarning: A column-vector y was passed when a 1d array was expected. Please change the shape of y to (n_samples,), for example using ravel().
  estimator.fit(X_train, y_train, **fit_params)
[CV]  max_features=8, n_estimators=61, score=(train=1.000, test=0.876), total=   0.8s
[Parallel(n_jobs=-1)]: Done 418 tasks      | elapsed:   30.6s
[CV] max_features=8, n_estimators=81 .................................
/Users/friedrich/opt/anaconda3/envs/mls_lab/lib/python3.7/site-packages/sklearn/model_selection/_validation.py:531: DataConversionWarning: A column-vector y was passed when a 1d array was expected. Please change the shape of y to (n_samples,), for example using ravel().
  estimator.fit(X_train, y_train, **fit_params)
[CV]  max_features=8, n_estimators=61, score=(train=1.000, test=0.837), total=   0.8s
[Parallel(n_jobs=-1)]: Done 419 tasks      | elapsed:   30.7s
[CV]  max_features=8, n_estimators=61, score=(train=1.000, test=0.854), total=   0.9s
[Parallel(n_jobs=-1)]: Done 420 tasks      | elapsed:   30.8s
[CV] max_features=8, n_estimators=81 .................................
[CV] max_features=8, n_estimators=81 .................................
/Users/friedrich/opt/anaconda3/envs/mls_lab/lib/python3.7/site-packages/sklearn/model_selection/_validation.py:531: DataConversionWarning: A column-vector y was passed when a 1d array was expected. Please change the shape of y to (n_samples,), for example using ravel().
  estimator.fit(X_train, y_train, **fit_params)
/Users/friedrich/opt/anaconda3/envs/mls_lab/lib/python3.7/site-packages/sklearn/model_selection/_validation.py:531: DataConversionWarning: A column-vector y was passed when a 1d array was expected. Please change the shape of y to (n_samples,), for example using ravel().
  estimator.fit(X_train, y_train, **fit_params)
[CV]  max_features=8, n_estimators=71, score=(train=1.000, test=0.848), total=   1.0s
[Parallel(n_jobs=-1)]: Done 421 tasks      | elapsed:   31.0s
[CV] max_features=8, n_estimators=81 .................................
/Users/friedrich/opt/anaconda3/envs/mls_lab/lib/python3.7/site-packages/sklearn/model_selection/_validation.py:531: DataConversionWarning: A column-vector y was passed when a 1d array was expected. Please change the shape of y to (n_samples,), for example using ravel().
  estimator.fit(X_train, y_train, **fit_params)
[CV]  max_features=8, n_estimators=71, score=(train=1.000, test=0.855), total=   1.0s
[Parallel(n_jobs=-1)]: Done 422 tasks      | elapsed:   31.1s
[CV] max_features=8, n_estimators=81 .................................
[CV]  max_features=8, n_estimators=71, score=(train=1.000, test=0.877), total=   1.0s
[Parallel(n_jobs=-1)]: Done 423 tasks      | elapsed:   31.2s
/Users/friedrich/opt/anaconda3/envs/mls_lab/lib/python3.7/site-packages/sklearn/model_selection/_validation.py:531: DataConversionWarning: A column-vector y was passed when a 1d array was expected. Please change the shape of y to (n_samples,), for example using ravel().
  estimator.fit(X_train, y_train, **fit_params)
[CV] max_features=8, n_estimators=91 .................................
/Users/friedrich/opt/anaconda3/envs/mls_lab/lib/python3.7/site-packages/sklearn/model_selection/_validation.py:531: DataConversionWarning: A column-vector y was passed when a 1d array was expected. Please change the shape of y to (n_samples,), for example using ravel().
  estimator.fit(X_train, y_train, **fit_params)
[CV]  max_features=8, n_estimators=71, score=(train=1.000, test=0.852), total=   1.0s
[Parallel(n_jobs=-1)]: Done 424 tasks      | elapsed:   31.5s
[CV]  max_features=8, n_estimators=71, score=(train=1.000, test=0.867), total=   1.0s
[Parallel(n_jobs=-1)]: Done 425 tasks      | elapsed:   31.5s
[CV] max_features=8, n_estimators=91 .................................
/Users/friedrich/opt/anaconda3/envs/mls_lab/lib/python3.7/site-packages/sklearn/model_selection/_validation.py:531: DataConversionWarning: A column-vector y was passed when a 1d array was expected. Please change the shape of y to (n_samples,), for example using ravel().
  estimator.fit(X_train, y_train, **fit_params)
[CV] max_features=8, n_estimators=91 .................................
/Users/friedrich/opt/anaconda3/envs/mls_lab/lib/python3.7/site-packages/sklearn/model_selection/_validation.py:531: DataConversionWarning: A column-vector y was passed when a 1d array was expected. Please change the shape of y to (n_samples,), for example using ravel().
  estimator.fit(X_train, y_train, **fit_params)
[CV]  max_features=8, n_estimators=81, score=(train=1.000, test=0.860), total=   1.0s
[Parallel(n_jobs=-1)]: Done 426 tasks      | elapsed:   31.7s
[CV] max_features=8, n_estimators=91 .................................
/Users/friedrich/opt/anaconda3/envs/mls_lab/lib/python3.7/site-packages/sklearn/model_selection/_validation.py:531: DataConversionWarning: A column-vector y was passed when a 1d array was expected. Please change the shape of y to (n_samples,), for example using ravel().
  estimator.fit(X_train, y_train, **fit_params)
[CV]  max_features=8, n_estimators=81, score=(train=1.000, test=0.864), total=   1.0s
[Parallel(n_jobs=-1)]: Done 427 tasks      | elapsed:   31.9s
[CV]  max_features=8, n_estimators=81, score=(train=1.000, test=0.876), total=   1.0s
[Parallel(n_jobs=-1)]: Done 428 tasks      | elapsed:   31.9s
[CV] max_features=8, n_estimators=91 .................................
[CV] max_features=8, n_estimators=101 ................................
/Users/friedrich/opt/anaconda3/envs/mls_lab/lib/python3.7/site-packages/sklearn/model_selection/_validation.py:531: DataConversionWarning: A column-vector y was passed when a 1d array was expected. Please change the shape of y to (n_samples,), for example using ravel().
  estimator.fit(X_train, y_train, **fit_params)
/Users/friedrich/opt/anaconda3/envs/mls_lab/lib/python3.7/site-packages/sklearn/model_selection/_validation.py:531: DataConversionWarning: A column-vector y was passed when a 1d array was expected. Please change the shape of y to (n_samples,), for example using ravel().
  estimator.fit(X_train, y_train, **fit_params)
[CV]  max_features=8, n_estimators=81, score=(train=1.000, test=0.849), total=   1.0s
[Parallel(n_jobs=-1)]: Done 429 tasks      | elapsed:   32.1s
[CV] max_features=8, n_estimators=101 ................................
/Users/friedrich/opt/anaconda3/envs/mls_lab/lib/python3.7/site-packages/sklearn/model_selection/_validation.py:531: DataConversionWarning: A column-vector y was passed when a 1d array was expected. Please change the shape of y to (n_samples,), for example using ravel().
  estimator.fit(X_train, y_train, **fit_params)
[CV]  max_features=8, n_estimators=81, score=(train=1.000, test=0.871), total=   1.0s
[Parallel(n_jobs=-1)]: Done 430 tasks      | elapsed:   32.2s
[CV] max_features=8, n_estimators=101 ................................
/Users/friedrich/opt/anaconda3/envs/mls_lab/lib/python3.7/site-packages/sklearn/model_selection/_validation.py:531: DataConversionWarning: A column-vector y was passed when a 1d array was expected. Please change the shape of y to (n_samples,), for example using ravel().
  estimator.fit(X_train, y_train, **fit_params)
[CV]  max_features=8, n_estimators=91, score=(train=1.000, test=0.861), total=   1.1s
[Parallel(n_jobs=-1)]: Done 431 tasks      | elapsed:   32.4s
[CV] max_features=8, n_estimators=101 ................................
/Users/friedrich/opt/anaconda3/envs/mls_lab/lib/python3.7/site-packages/sklearn/model_selection/_validation.py:531: DataConversionWarning: A column-vector y was passed when a 1d array was expected. Please change the shape of y to (n_samples,), for example using ravel().
  estimator.fit(X_train, y_train, **fit_params)
[CV]  max_features=8, n_estimators=91, score=(train=1.000, test=0.857), total=   1.1s
[Parallel(n_jobs=-1)]: Done 432 tasks      | elapsed:   32.7s
[CV]  max_features=8, n_estimators=91, score=(train=1.000, test=0.866), total=   1.1s
[Parallel(n_jobs=-1)]: Done 433 tasks      | elapsed:   32.7s
[CV] max_features=8, n_estimators=101 ................................
/Users/friedrich/opt/anaconda3/envs/mls_lab/lib/python3.7/site-packages/sklearn/model_selection/_validation.py:531: DataConversionWarning: A column-vector y was passed when a 1d array was expected. Please change the shape of y to (n_samples,), for example using ravel().
  estimator.fit(X_train, y_train, **fit_params)
[CV] max_features=9, n_estimators=1 ..................................
/Users/friedrich/opt/anaconda3/envs/mls_lab/lib/python3.7/site-packages/sklearn/model_selection/_validation.py:531: DataConversionWarning: A column-vector y was passed when a 1d array was expected. Please change the shape of y to (n_samples,), for example using ravel().
  estimator.fit(X_train, y_train, **fit_params)
[CV]  max_features=9, n_estimators=1, score=(train=0.913, test=0.747), total=   0.0s
[Parallel(n_jobs=-1)]: Done 434 tasks      | elapsed:   32.9s
[CV] max_features=9, n_estimators=1 ..................................
/Users/friedrich/opt/anaconda3/envs/mls_lab/lib/python3.7/site-packages/sklearn/model_selection/_validation.py:531: DataConversionWarning: A column-vector y was passed when a 1d array was expected. Please change the shape of y to (n_samples,), for example using ravel().
  estimator.fit(X_train, y_train, **fit_params)
[CV]  max_features=9, n_estimators=1, score=(train=0.904, test=0.737), total=   0.0s
[Parallel(n_jobs=-1)]: Done 435 tasks      | elapsed:   32.9s
[CV] max_features=9, n_estimators=1 ..................................
/Users/friedrich/opt/anaconda3/envs/mls_lab/lib/python3.7/site-packages/sklearn/model_selection/_validation.py:531: DataConversionWarning: A column-vector y was passed when a 1d array was expected. Please change the shape of y to (n_samples,), for example using ravel().
  estimator.fit(X_train, y_train, **fit_params)
[CV]  max_features=9, n_estimators=1, score=(train=0.901, test=0.715), total=   0.0s
[Parallel(n_jobs=-1)]: Done 436 tasks      | elapsed:   32.9s
[CV] max_features=9, n_estimators=1 ..................................
/Users/friedrich/opt/anaconda3/envs/mls_lab/lib/python3.7/site-packages/sklearn/model_selection/_validation.py:531: DataConversionWarning: A column-vector y was passed when a 1d array was expected. Please change the shape of y to (n_samples,), for example using ravel().
  estimator.fit(X_train, y_train, **fit_params)
[CV]  max_features=8, n_estimators=91, score=(train=1.000, test=0.846), total=   1.1s
[Parallel(n_jobs=-1)]: Done 437 tasks      | elapsed:   33.0s
[CV]  max_features=9, n_estimators=1, score=(train=0.908, test=0.717), total=   0.0s
[Parallel(n_jobs=-1)]: Done 438 tasks      | elapsed:   33.0s
[CV] max_features=9, n_estimators=1 ..................................
/Users/friedrich/opt/anaconda3/envs/mls_lab/lib/python3.7/site-packages/sklearn/model_selection/_validation.py:531: DataConversionWarning: A column-vector y was passed when a 1d array was expected. Please change the shape of y to (n_samples,), for example using ravel().
  estimator.fit(X_train, y_train, **fit_params)
[CV] max_features=9, n_estimators=11 .................................
[CV]  max_features=9, n_estimators=1, score=(train=0.894, test=0.716), total=   0.0s
[Parallel(n_jobs=-1)]: Done 439 tasks      | elapsed:   33.1s
[CV] max_features=9, n_estimators=11 .................................
/Users/friedrich/opt/anaconda3/envs/mls_lab/lib/python3.7/site-packages/sklearn/model_selection/_validation.py:531: DataConversionWarning: A column-vector y was passed when a 1d array was expected. Please change the shape of y to (n_samples,), for example using ravel().
  estimator.fit(X_train, y_train, **fit_params)
/Users/friedrich/opt/anaconda3/envs/mls_lab/lib/python3.7/site-packages/sklearn/model_selection/_validation.py:531: DataConversionWarning: A column-vector y was passed when a 1d array was expected. Please change the shape of y to (n_samples,), for example using ravel().
  estimator.fit(X_train, y_train, **fit_params)
[CV]  max_features=8, n_estimators=91, score=(train=1.000, test=0.867), total=   1.1s
[Parallel(n_jobs=-1)]: Done 440 tasks      | elapsed:   33.2s
[CV] max_features=9, n_estimators=11 .................................
/Users/friedrich/opt/anaconda3/envs/mls_lab/lib/python3.7/site-packages/sklearn/model_selection/_validation.py:531: DataConversionWarning: A column-vector y was passed when a 1d array was expected. Please change the shape of y to (n_samples,), for example using ravel().
  estimator.fit(X_train, y_train, **fit_params)
[CV]  max_features=9, n_estimators=11, score=(train=0.996, test=0.835), total=   0.1s
[Parallel(n_jobs=-1)]: Done 441 tasks      | elapsed:   33.2s
[CV] max_features=9, n_estimators=11 .................................
[CV]  max_features=9, n_estimators=11, score=(train=0.993, test=0.830), total=   0.1s
[Parallel(n_jobs=-1)]: Done 442 tasks      | elapsed:   33.2s
[CV] max_features=9, n_estimators=11 .................................
/Users/friedrich/opt/anaconda3/envs/mls_lab/lib/python3.7/site-packages/sklearn/model_selection/_validation.py:531: DataConversionWarning: A column-vector y was passed when a 1d array was expected. Please change the shape of y to (n_samples,), for example using ravel().
  estimator.fit(X_train, y_train, **fit_params)
/Users/friedrich/opt/anaconda3/envs/mls_lab/lib/python3.7/site-packages/sklearn/model_selection/_validation.py:531: DataConversionWarning: A column-vector y was passed when a 1d array was expected. Please change the shape of y to (n_samples,), for example using ravel().
  estimator.fit(X_train, y_train, **fit_params)
[CV]  max_features=8, n_estimators=101, score=(train=1.000, test=0.864), total=   1.2s
[Parallel(n_jobs=-1)]: Done 443 tasks      | elapsed:   33.3s
[CV] max_features=9, n_estimators=21 .................................
/Users/friedrich/opt/anaconda3/envs/mls_lab/lib/python3.7/site-packages/sklearn/model_selection/_validation.py:531: DataConversionWarning: A column-vector y was passed when a 1d array was expected. Please change the shape of y to (n_samples,), for example using ravel().
  estimator.fit(X_train, y_train, **fit_params)
[CV]  max_features=9, n_estimators=11, score=(train=0.996, test=0.838), total=   0.2s
[Parallel(n_jobs=-1)]: Done 444 tasks      | elapsed:   33.4s
[CV] max_features=9, n_estimators=21 .................................
/Users/friedrich/opt/anaconda3/envs/mls_lab/lib/python3.7/site-packages/sklearn/model_selection/_validation.py:531: DataConversionWarning: A column-vector y was passed when a 1d array was expected. Please change the shape of y to (n_samples,), for example using ravel().
  estimator.fit(X_train, y_train, **fit_params)
[CV]  max_features=9, n_estimators=11, score=(train=0.996, test=0.839), total=   0.2s
[Parallel(n_jobs=-1)]: Done 445 tasks      | elapsed:   33.4s
[CV]  max_features=9, n_estimators=11, score=(train=0.997, test=0.848), total=   0.2s
[Parallel(n_jobs=-1)]: Done 446 tasks      | elapsed:   33.4s
[CV] max_features=9, n_estimators=21 .................................
[CV] max_features=9, n_estimators=21 .................................
/Users/friedrich/opt/anaconda3/envs/mls_lab/lib/python3.7/site-packages/sklearn/model_selection/_validation.py:531: DataConversionWarning: A column-vector y was passed when a 1d array was expected. Please change the shape of y to (n_samples,), for example using ravel().
  estimator.fit(X_train, y_train, **fit_params)
/Users/friedrich/opt/anaconda3/envs/mls_lab/lib/python3.7/site-packages/sklearn/model_selection/_validation.py:531: DataConversionWarning: A column-vector y was passed when a 1d array was expected. Please change the shape of y to (n_samples,), for example using ravel().
  estimator.fit(X_train, y_train, **fit_params)
[CV]  max_features=8, n_estimators=101, score=(train=1.000, test=0.851), total=   1.2s
[Parallel(n_jobs=-1)]: Done 447 tasks      | elapsed:   33.5s
[CV] max_features=9, n_estimators=21 .................................
/Users/friedrich/opt/anaconda3/envs/mls_lab/lib/python3.7/site-packages/sklearn/model_selection/_validation.py:531: DataConversionWarning: A column-vector y was passed when a 1d array was expected. Please change the shape of y to (n_samples,), for example using ravel().
  estimator.fit(X_train, y_train, **fit_params)
[CV]  max_features=9, n_estimators=21, score=(train=0.999, test=0.849), total=   0.4s
[CV]  max_features=8, n_estimators=101, score=(train=1.000, test=0.876), total=   1.3s
[Parallel(n_jobs=-1)]: Done 448 tasks      | elapsed:   33.7s
[Parallel(n_jobs=-1)]: Done 449 tasks      | elapsed:   33.7s
[CV] max_features=9, n_estimators=31 .................................
/Users/friedrich/opt/anaconda3/envs/mls_lab/lib/python3.7/site-packages/sklearn/model_selection/_validation.py:531: DataConversionWarning: A column-vector y was passed when a 1d array was expected. Please change the shape of y to (n_samples,), for example using ravel().
  estimator.fit(X_train, y_train, **fit_params)
[CV] max_features=9, n_estimators=31 .................................
/Users/friedrich/opt/anaconda3/envs/mls_lab/lib/python3.7/site-packages/sklearn/model_selection/_validation.py:531: DataConversionWarning: A column-vector y was passed when a 1d array was expected. Please change the shape of y to (n_samples,), for example using ravel().
  estimator.fit(X_train, y_train, **fit_params)
[CV]  max_features=9, n_estimators=21, score=(train=1.000, test=0.833), total=   0.4s
[Parallel(n_jobs=-1)]: Done 450 tasks      | elapsed:   33.8s
[CV] max_features=9, n_estimators=31 .................................
[CV]  max_features=9, n_estimators=21, score=(train=0.997, test=0.858), total=   0.4s
[CV]  max_features=9, n_estimators=21, score=(train=0.999, test=0.843), total=   0.3s
[Parallel(n_jobs=-1)]: Done 451 tasks      | elapsed:   33.8s
[Parallel(n_jobs=-1)]: Done 452 tasks      | elapsed:   33.8s
/Users/friedrich/opt/anaconda3/envs/mls_lab/lib/python3.7/site-packages/sklearn/model_selection/_validation.py:531: DataConversionWarning: A column-vector y was passed when a 1d array was expected. Please change the shape of y to (n_samples,), for example using ravel().
  estimator.fit(X_train, y_train, **fit_params)
[CV] max_features=9, n_estimators=31 .................................
/Users/friedrich/opt/anaconda3/envs/mls_lab/lib/python3.7/site-packages/sklearn/model_selection/_validation.py:531: DataConversionWarning: A column-vector y was passed when a 1d array was expected. Please change the shape of y to (n_samples,), for example using ravel().
  estimator.fit(X_train, y_train, **fit_params)
[CV] max_features=9, n_estimators=31 .................................
/Users/friedrich/opt/anaconda3/envs/mls_lab/lib/python3.7/site-packages/sklearn/model_selection/_validation.py:531: DataConversionWarning: A column-vector y was passed when a 1d array was expected. Please change the shape of y to (n_samples,), for example using ravel().
  estimator.fit(X_train, y_train, **fit_params)
[CV]  max_features=9, n_estimators=21, score=(train=1.000, test=0.848), total=   0.3s
[Parallel(n_jobs=-1)]: Done 453 tasks      | elapsed:   33.9s
[CV] max_features=9, n_estimators=41 .................................
[CV]  max_features=8, n_estimators=101, score=(train=1.000, test=0.855), total=   1.4s
[Parallel(n_jobs=-1)]: Done 454 tasks      | elapsed:   33.9s
/Users/friedrich/opt/anaconda3/envs/mls_lab/lib/python3.7/site-packages/sklearn/model_selection/_validation.py:531: DataConversionWarning: A column-vector y was passed when a 1d array was expected. Please change the shape of y to (n_samples,), for example using ravel().
  estimator.fit(X_train, y_train, **fit_params)
[CV] max_features=9, n_estimators=41 .................................
/Users/friedrich/opt/anaconda3/envs/mls_lab/lib/python3.7/site-packages/sklearn/model_selection/_validation.py:531: DataConversionWarning: A column-vector y was passed when a 1d array was expected. Please change the shape of y to (n_samples,), for example using ravel().
  estimator.fit(X_train, y_train, **fit_params)
[CV]  max_features=8, n_estimators=101, score=(train=1.000, test=0.870), total=   1.3s
[Parallel(n_jobs=-1)]: Done 455 tasks      | elapsed:   34.1s
[CV]  max_features=9, n_estimators=31, score=(train=1.000, test=0.852), total=   0.4s
[Parallel(n_jobs=-1)]: Done 456 tasks      | elapsed:   34.1s
[CV]  max_features=9, n_estimators=31, score=(train=1.000, test=0.827), total=   0.4s
[Parallel(n_jobs=-1)]: Done 457 tasks      | elapsed:   34.2s
[CV] max_features=9, n_estimators=41 .................................
[CV] max_features=9, n_estimators=41 .................................
[CV] max_features=9, n_estimators=41 .................................
/Users/friedrich/opt/anaconda3/envs/mls_lab/lib/python3.7/site-packages/sklearn/model_selection/_validation.py:531: DataConversionWarning: A column-vector y was passed when a 1d array was expected. Please change the shape of y to (n_samples,), for example using ravel().
  estimator.fit(X_train, y_train, **fit_params)
/Users/friedrich/opt/anaconda3/envs/mls_lab/lib/python3.7/site-packages/sklearn/model_selection/_validation.py:531: DataConversionWarning: A column-vector y was passed when a 1d array was expected. Please change the shape of y to (n_samples,), for example using ravel().
  estimator.fit(X_train, y_train, **fit_params)
/Users/friedrich/opt/anaconda3/envs/mls_lab/lib/python3.7/site-packages/sklearn/model_selection/_validation.py:531: DataConversionWarning: A column-vector y was passed when a 1d array was expected. Please change the shape of y to (n_samples,), for example using ravel().
  estimator.fit(X_train, y_train, **fit_params)
[CV]  max_features=9, n_estimators=31, score=(train=1.000, test=0.859), total=   0.4s
[Parallel(n_jobs=-1)]: Done 458 tasks      | elapsed:   34.2s
[CV]  max_features=9, n_estimators=31, score=(train=1.000, test=0.851), total=   0.5s
[Parallel(n_jobs=-1)]: Done 459 tasks      | elapsed:   34.3s
[CV] max_features=9, n_estimators=51 .................................
[CV]  max_features=9, n_estimators=31, score=(train=1.000, test=0.861), total=   0.4s
[Parallel(n_jobs=-1)]: Done 460 tasks      | elapsed:   34.3s
[CV] max_features=9, n_estimators=51 .................................
/Users/friedrich/opt/anaconda3/envs/mls_lab/lib/python3.7/site-packages/sklearn/model_selection/_validation.py:531: DataConversionWarning: A column-vector y was passed when a 1d array was expected. Please change the shape of y to (n_samples,), for example using ravel().
  estimator.fit(X_train, y_train, **fit_params)
[CV] max_features=9, n_estimators=51 .................................
/Users/friedrich/opt/anaconda3/envs/mls_lab/lib/python3.7/site-packages/sklearn/model_selection/_validation.py:531: DataConversionWarning: A column-vector y was passed when a 1d array was expected. Please change the shape of y to (n_samples,), for example using ravel().
  estimator.fit(X_train, y_train, **fit_params)
/Users/friedrich/opt/anaconda3/envs/mls_lab/lib/python3.7/site-packages/sklearn/model_selection/_validation.py:531: DataConversionWarning: A column-vector y was passed when a 1d array was expected. Please change the shape of y to (n_samples,), for example using ravel().
  estimator.fit(X_train, y_train, **fit_params)
[CV]  max_features=9, n_estimators=41, score=(train=1.000, test=0.852), total=   0.5s
[Parallel(n_jobs=-1)]: Done 461 tasks      | elapsed:   34.5s
[CV] max_features=9, n_estimators=51 .................................
/Users/friedrich/opt/anaconda3/envs/mls_lab/lib/python3.7/site-packages/sklearn/model_selection/_validation.py:531: DataConversionWarning: A column-vector y was passed when a 1d array was expected. Please change the shape of y to (n_samples,), for example using ravel().
  estimator.fit(X_train, y_train, **fit_params)
[CV]  max_features=9, n_estimators=41, score=(train=1.000, test=0.852), total=   0.5s
[Parallel(n_jobs=-1)]: Done 462 tasks      | elapsed:   34.5s
[CV] max_features=9, n_estimators=51 .................................
/Users/friedrich/opt/anaconda3/envs/mls_lab/lib/python3.7/site-packages/sklearn/model_selection/_validation.py:531: DataConversionWarning: A column-vector y was passed when a 1d array was expected. Please change the shape of y to (n_samples,), for example using ravel().
  estimator.fit(X_train, y_train, **fit_params)
[CV]  max_features=9, n_estimators=41, score=(train=1.000, test=0.858), total=   0.5s
[Parallel(n_jobs=-1)]: Done 463 tasks      | elapsed:   34.7s
[CV]  max_features=9, n_estimators=41, score=(train=1.000, test=0.852), total=   0.5s
[Parallel(n_jobs=-1)]: Done 464 tasks      | elapsed:   34.7s
[CV]  max_features=9, n_estimators=41, score=(train=1.000, test=0.874), total=   0.5s
[Parallel(n_jobs=-1)]: Done 465 tasks      | elapsed:   34.7s
[CV] max_features=9, n_estimators=61 .................................
[CV] max_features=9, n_estimators=61 .................................
/Users/friedrich/opt/anaconda3/envs/mls_lab/lib/python3.7/site-packages/sklearn/model_selection/_validation.py:531: DataConversionWarning: A column-vector y was passed when a 1d array was expected. Please change the shape of y to (n_samples,), for example using ravel().
  estimator.fit(X_train, y_train, **fit_params)
[CV] max_features=9, n_estimators=61 .................................
/Users/friedrich/opt/anaconda3/envs/mls_lab/lib/python3.7/site-packages/sklearn/model_selection/_validation.py:531: DataConversionWarning: A column-vector y was passed when a 1d array was expected. Please change the shape of y to (n_samples,), for example using ravel().
  estimator.fit(X_train, y_train, **fit_params)
/Users/friedrich/opt/anaconda3/envs/mls_lab/lib/python3.7/site-packages/sklearn/model_selection/_validation.py:531: DataConversionWarning: A column-vector y was passed when a 1d array was expected. Please change the shape of y to (n_samples,), for example using ravel().
  estimator.fit(X_train, y_train, **fit_params)
[CV]  max_features=9, n_estimators=51, score=(train=1.000, test=0.843), total=   0.6s
[Parallel(n_jobs=-1)]: Done 466 tasks      | elapsed:   34.9s
[CV] max_features=9, n_estimators=61 .................................
[CV]  max_features=9, n_estimators=51, score=(train=1.000, test=0.861), total=   0.6s
[Parallel(n_jobs=-1)]: Done 467 tasks      | elapsed:   35.0s
[CV]  max_features=9, n_estimators=51, score=(train=1.000, test=0.852), total=   0.6s
[Parallel(n_jobs=-1)]: Done 468 tasks      | elapsed:   35.0s
/Users/friedrich/opt/anaconda3/envs/mls_lab/lib/python3.7/site-packages/sklearn/model_selection/_validation.py:531: DataConversionWarning: A column-vector y was passed when a 1d array was expected. Please change the shape of y to (n_samples,), for example using ravel().
  estimator.fit(X_train, y_train, **fit_params)
[CV] max_features=9, n_estimators=61 .................................
/Users/friedrich/opt/anaconda3/envs/mls_lab/lib/python3.7/site-packages/sklearn/model_selection/_validation.py:531: DataConversionWarning: A column-vector y was passed when a 1d array was expected. Please change the shape of y to (n_samples,), for example using ravel().
  estimator.fit(X_train, y_train, **fit_params)
[CV] max_features=9, n_estimators=71 .................................
/Users/friedrich/opt/anaconda3/envs/mls_lab/lib/python3.7/site-packages/sklearn/model_selection/_validation.py:531: DataConversionWarning: A column-vector y was passed when a 1d array was expected. Please change the shape of y to (n_samples,), for example using ravel().
  estimator.fit(X_train, y_train, **fit_params)
[CV]  max_features=9, n_estimators=51, score=(train=1.000, test=0.848), total=   0.6s
[Parallel(n_jobs=-1)]: Done 469 tasks      | elapsed:   35.1s
[CV] max_features=9, n_estimators=71 .................................
[CV]  max_features=9, n_estimators=51, score=(train=1.000, test=0.859), total=   0.6s
[Parallel(n_jobs=-1)]: Done 470 tasks      | elapsed:   35.2s
/Users/friedrich/opt/anaconda3/envs/mls_lab/lib/python3.7/site-packages/sklearn/model_selection/_validation.py:531: DataConversionWarning: A column-vector y was passed when a 1d array was expected. Please change the shape of y to (n_samples,), for example using ravel().
  estimator.fit(X_train, y_train, **fit_params)
[CV] max_features=9, n_estimators=71 .................................
/Users/friedrich/opt/anaconda3/envs/mls_lab/lib/python3.7/site-packages/sklearn/model_selection/_validation.py:531: DataConversionWarning: A column-vector y was passed when a 1d array was expected. Please change the shape of y to (n_samples,), for example using ravel().
  estimator.fit(X_train, y_train, **fit_params)
[CV]  max_features=9, n_estimators=61, score=(train=1.000, test=0.857), total=   0.7s
[Parallel(n_jobs=-1)]: Done 471 tasks      | elapsed:   35.5s
[CV]  max_features=9, n_estimators=61, score=(train=1.000, test=0.870), total=   0.7s
[Parallel(n_jobs=-1)]: Done 472 tasks      | elapsed:   35.5s
[CV]  max_features=9, n_estimators=61, score=(train=1.000, test=0.851), total=   0.7s
[Parallel(n_jobs=-1)]: Done 473 tasks      | elapsed:   35.5s
[CV] max_features=9, n_estimators=71 .................................
/Users/friedrich/opt/anaconda3/envs/mls_lab/lib/python3.7/site-packages/sklearn/model_selection/_validation.py:531: DataConversionWarning: A column-vector y was passed when a 1d array was expected. Please change the shape of y to (n_samples,), for example using ravel().
  estimator.fit(X_train, y_train, **fit_params)
[CV] max_features=9, n_estimators=71 .................................
[CV] max_features=9, n_estimators=81 .................................
/Users/friedrich/opt/anaconda3/envs/mls_lab/lib/python3.7/site-packages/sklearn/model_selection/_validation.py:531: DataConversionWarning: A column-vector y was passed when a 1d array was expected. Please change the shape of y to (n_samples,), for example using ravel().
  estimator.fit(X_train, y_train, **fit_params)
/Users/friedrich/opt/anaconda3/envs/mls_lab/lib/python3.7/site-packages/sklearn/model_selection/_validation.py:531: DataConversionWarning: A column-vector y was passed when a 1d array was expected. Please change the shape of y to (n_samples,), for example using ravel().
  estimator.fit(X_train, y_train, **fit_params)
[CV]  max_features=9, n_estimators=61, score=(train=1.000, test=0.839), total=   0.7s
[Parallel(n_jobs=-1)]: Done 474 tasks      | elapsed:   35.7s
[CV]  max_features=9, n_estimators=61, score=(train=1.000, test=0.857), total=   0.7s
[Parallel(n_jobs=-1)]: Done 475 tasks      | elapsed:   35.7s
[CV] max_features=9, n_estimators=81 .................................
/Users/friedrich/opt/anaconda3/envs/mls_lab/lib/python3.7/site-packages/sklearn/model_selection/_validation.py:531: DataConversionWarning: A column-vector y was passed when a 1d array was expected. Please change the shape of y to (n_samples,), for example using ravel().
  estimator.fit(X_train, y_train, **fit_params)
[CV] max_features=9, n_estimators=81 .................................
/Users/friedrich/opt/anaconda3/envs/mls_lab/lib/python3.7/site-packages/sklearn/model_selection/_validation.py:531: DataConversionWarning: A column-vector y was passed when a 1d array was expected. Please change the shape of y to (n_samples,), for example using ravel().
  estimator.fit(X_train, y_train, **fit_params)
[CV]  max_features=9, n_estimators=71, score=(train=1.000, test=0.855), total=   0.8s
[Parallel(n_jobs=-1)]: Done 476 tasks      | elapsed:   35.9s
[CV] max_features=9, n_estimators=81 .................................
/Users/friedrich/opt/anaconda3/envs/mls_lab/lib/python3.7/site-packages/sklearn/model_selection/_validation.py:531: DataConversionWarning: A column-vector y was passed when a 1d array was expected. Please change the shape of y to (n_samples,), for example using ravel().
  estimator.fit(X_train, y_train, **fit_params)
[CV]  max_features=9, n_estimators=71, score=(train=1.000, test=0.857), total=   0.8s
[Parallel(n_jobs=-1)]: Done 477 tasks      | elapsed:   36.1s
[CV] max_features=9, n_estimators=81 .................................
[CV]  max_features=9, n_estimators=71, score=(train=1.000, test=0.869), total=   0.8s
[Parallel(n_jobs=-1)]: Done 478 tasks      | elapsed:   36.1s
/Users/friedrich/opt/anaconda3/envs/mls_lab/lib/python3.7/site-packages/sklearn/model_selection/_validation.py:531: DataConversionWarning: A column-vector y was passed when a 1d array was expected. Please change the shape of y to (n_samples,), for example using ravel().
  estimator.fit(X_train, y_train, **fit_params)
[CV] max_features=9, n_estimators=91 .................................
/Users/friedrich/opt/anaconda3/envs/mls_lab/lib/python3.7/site-packages/sklearn/model_selection/_validation.py:531: DataConversionWarning: A column-vector y was passed when a 1d array was expected. Please change the shape of y to (n_samples,), for example using ravel().
  estimator.fit(X_train, y_train, **fit_params)
[CV]  max_features=9, n_estimators=71, score=(train=1.000, test=0.840), total=   0.9s
[Parallel(n_jobs=-1)]: Done 479 tasks      | elapsed:   36.4s
[CV]  max_features=9, n_estimators=71, score=(train=1.000, test=0.876), total=   0.9s
[Parallel(n_jobs=-1)]: Done 480 tasks      | elapsed:   36.5s
[CV] max_features=9, n_estimators=91 .................................
[CV] max_features=9, n_estimators=91 .................................
/Users/friedrich/opt/anaconda3/envs/mls_lab/lib/python3.7/site-packages/sklearn/model_selection/_validation.py:531: DataConversionWarning: A column-vector y was passed when a 1d array was expected. Please change the shape of y to (n_samples,), for example using ravel().
  estimator.fit(X_train, y_train, **fit_params)
/Users/friedrich/opt/anaconda3/envs/mls_lab/lib/python3.7/site-packages/sklearn/model_selection/_validation.py:531: DataConversionWarning: A column-vector y was passed when a 1d array was expected. Please change the shape of y to (n_samples,), for example using ravel().
  estimator.fit(X_train, y_train, **fit_params)
[CV]  max_features=9, n_estimators=81, score=(train=1.000, test=0.858), total=   1.0s
[Parallel(n_jobs=-1)]: Done 481 tasks      | elapsed:   36.6s
[CV] max_features=9, n_estimators=91 .................................
/Users/friedrich/opt/anaconda3/envs/mls_lab/lib/python3.7/site-packages/sklearn/model_selection/_validation.py:531: DataConversionWarning: A column-vector y was passed when a 1d array was expected. Please change the shape of y to (n_samples,), for example using ravel().
  estimator.fit(X_train, y_train, **fit_params)
[CV]  max_features=9, n_estimators=81, score=(train=1.000, test=0.855), total=   1.0s
[Parallel(n_jobs=-1)]: Done 482 tasks      | elapsed:   36.8s
[CV]  max_features=9, n_estimators=81, score=(train=1.000, test=0.873), total=   1.0s
[Parallel(n_jobs=-1)]: Done 483 tasks      | elapsed:   36.9s
[CV] max_features=9, n_estimators=91 .................................
/Users/friedrich/opt/anaconda3/envs/mls_lab/lib/python3.7/site-packages/sklearn/model_selection/_validation.py:531: DataConversionWarning: A column-vector y was passed when a 1d array was expected. Please change the shape of y to (n_samples,), for example using ravel().
  estimator.fit(X_train, y_train, **fit_params)
[CV] max_features=9, n_estimators=101 ................................
/Users/friedrich/opt/anaconda3/envs/mls_lab/lib/python3.7/site-packages/sklearn/model_selection/_validation.py:531: DataConversionWarning: A column-vector y was passed when a 1d array was expected. Please change the shape of y to (n_samples,), for example using ravel().
  estimator.fit(X_train, y_train, **fit_params)
[CV]  max_features=9, n_estimators=81, score=(train=1.000, test=0.851), total=   1.0s
[Parallel(n_jobs=-1)]: Done 484 tasks      | elapsed:   37.0s
[CV] max_features=9, n_estimators=101 ................................
/Users/friedrich/opt/anaconda3/envs/mls_lab/lib/python3.7/site-packages/sklearn/model_selection/_validation.py:531: DataConversionWarning: A column-vector y was passed when a 1d array was expected. Please change the shape of y to (n_samples,), for example using ravel().
  estimator.fit(X_train, y_train, **fit_params)
[CV]  max_features=9, n_estimators=81, score=(train=1.000, test=0.876), total=   1.1s
[Parallel(n_jobs=-1)]: Done 485 tasks      | elapsed:   37.2s
[CV] max_features=9, n_estimators=101 ................................
/Users/friedrich/opt/anaconda3/envs/mls_lab/lib/python3.7/site-packages/sklearn/model_selection/_validation.py:531: DataConversionWarning: A column-vector y was passed when a 1d array was expected. Please change the shape of y to (n_samples,), for example using ravel().
  estimator.fit(X_train, y_train, **fit_params)
[CV]  max_features=9, n_estimators=91, score=(train=1.000, test=0.855), total=   1.2s
[Parallel(n_jobs=-1)]: Done 486 tasks      | elapsed:   37.4s
[CV] max_features=9, n_estimators=101 ................................
/Users/friedrich/opt/anaconda3/envs/mls_lab/lib/python3.7/site-packages/sklearn/model_selection/_validation.py:531: DataConversionWarning: A column-vector y was passed when a 1d array was expected. Please change the shape of y to (n_samples,), for example using ravel().
  estimator.fit(X_train, y_train, **fit_params)
[CV]  max_features=9, n_estimators=91, score=(train=1.000, test=0.870), total=   1.2s
[Parallel(n_jobs=-1)]: Done 487 tasks      | elapsed:   37.8s
[CV]  max_features=9, n_estimators=91, score=(train=1.000, test=0.863), total=   1.2s
[Parallel(n_jobs=-1)]: Done 488 tasks      | elapsed:   37.8s
[CV] max_features=10, n_estimators=1 .................................
[CV] max_features=9, n_estimators=101 ................................
/Users/friedrich/opt/anaconda3/envs/mls_lab/lib/python3.7/site-packages/sklearn/model_selection/_validation.py:531: DataConversionWarning: A column-vector y was passed when a 1d array was expected. Please change the shape of y to (n_samples,), for example using ravel().
  estimator.fit(X_train, y_train, **fit_params)
/Users/friedrich/opt/anaconda3/envs/mls_lab/lib/python3.7/site-packages/sklearn/model_selection/_validation.py:531: DataConversionWarning: A column-vector y was passed when a 1d array was expected. Please change the shape of y to (n_samples,), for example using ravel().
  estimator.fit(X_train, y_train, **fit_params)
[CV]  max_features=10, n_estimators=1, score=(train=0.897, test=0.709), total=   0.0s
[Parallel(n_jobs=-1)]: Done 489 tasks      | elapsed:   37.9s
[CV] max_features=10, n_estimators=1 .................................
/Users/friedrich/opt/anaconda3/envs/mls_lab/lib/python3.7/site-packages/sklearn/model_selection/_validation.py:531: DataConversionWarning: A column-vector y was passed when a 1d array was expected. Please change the shape of y to (n_samples,), for example using ravel().
  estimator.fit(X_train, y_train, **fit_params)
[CV]  max_features=10, n_estimators=1, score=(train=0.908, test=0.727), total=   0.0s
[Parallel(n_jobs=-1)]: Done 490 tasks      | elapsed:   38.0s
[CV] max_features=10, n_estimators=1 .................................
[CV]  max_features=9, n_estimators=91, score=(train=1.000, test=0.851), total=   1.2s
[Parallel(n_jobs=-1)]: Done 491 tasks      | elapsed:   38.0s
/Users/friedrich/opt/anaconda3/envs/mls_lab/lib/python3.7/site-packages/sklearn/model_selection/_validation.py:531: DataConversionWarning: A column-vector y was passed when a 1d array was expected. Please change the shape of y to (n_samples,), for example using ravel().
  estimator.fit(X_train, y_train, **fit_params)
[CV]  max_features=10, n_estimators=1, score=(train=0.882, test=0.725), total=   0.0s
[Parallel(n_jobs=-1)]: Done 492 tasks      | elapsed:   38.0s
[CV] max_features=10, n_estimators=1 .................................
[CV] max_features=10, n_estimators=1 .................................
/Users/friedrich/opt/anaconda3/envs/mls_lab/lib/python3.7/site-packages/sklearn/model_selection/_validation.py:531: DataConversionWarning: A column-vector y was passed when a 1d array was expected. Please change the shape of y to (n_samples,), for example using ravel().
  estimator.fit(X_train, y_train, **fit_params)
/Users/friedrich/opt/anaconda3/envs/mls_lab/lib/python3.7/site-packages/sklearn/model_selection/_validation.py:531: DataConversionWarning: A column-vector y was passed when a 1d array was expected. Please change the shape of y to (n_samples,), for example using ravel().
  estimator.fit(X_train, y_train, **fit_params)
[CV]  max_features=10, n_estimators=1, score=(train=0.895, test=0.664), total=   0.0s
[Parallel(n_jobs=-1)]: Done 493 tasks      | elapsed:   38.1s
[CV] max_features=10, n_estimators=11 ................................
[CV]  max_features=10, n_estimators=1, score=(train=0.907, test=0.763), total=   0.0s
[Parallel(n_jobs=-1)]: Done 494 tasks      | elapsed:   38.1s
[CV] max_features=10, n_estimators=11 ................................
/Users/friedrich/opt/anaconda3/envs/mls_lab/lib/python3.7/site-packages/sklearn/model_selection/_validation.py:531: DataConversionWarning: A column-vector y was passed when a 1d array was expected. Please change the shape of y to (n_samples,), for example using ravel().
  estimator.fit(X_train, y_train, **fit_params)
/Users/friedrich/opt/anaconda3/envs/mls_lab/lib/python3.7/site-packages/sklearn/model_selection/_validation.py:531: DataConversionWarning: A column-vector y was passed when a 1d array was expected. Please change the shape of y to (n_samples,), for example using ravel().
  estimator.fit(X_train, y_train, **fit_params)
[CV]  max_features=9, n_estimators=91, score=(train=1.000, test=0.865), total=   1.3s
[Parallel(n_jobs=-1)]: Done 495 tasks      | elapsed:   38.2s
[CV]  max_features=10, n_estimators=11, score=(train=0.996, test=0.835), total=   0.1s
[Parallel(n_jobs=-1)]: Done 496 tasks      | elapsed:   38.3s
[CV]  max_features=10, n_estimators=11, score=(train=0.996, test=0.818), total=   0.2s
[Parallel(n_jobs=-1)]: Done 497 tasks      | elapsed:   38.3s
[CV] max_features=10, n_estimators=11 ................................
[CV] max_features=10, n_estimators=11 ................................
[CV] max_features=10, n_estimators=11 ................................
/Users/friedrich/opt/anaconda3/envs/mls_lab/lib/python3.7/site-packages/sklearn/model_selection/_validation.py:531: DataConversionWarning: A column-vector y was passed when a 1d array was expected. Please change the shape of y to (n_samples,), for example using ravel().
  estimator.fit(X_train, y_train, **fit_params)
/Users/friedrich/opt/anaconda3/envs/mls_lab/lib/python3.7/site-packages/sklearn/model_selection/_validation.py:531: DataConversionWarning: A column-vector y was passed when a 1d array was expected. Please change the shape of y to (n_samples,), for example using ravel().
  estimator.fit(X_train, y_train, **fit_params)
/Users/friedrich/opt/anaconda3/envs/mls_lab/lib/python3.7/site-packages/sklearn/model_selection/_validation.py:531: DataConversionWarning: A column-vector y was passed when a 1d array was expected. Please change the shape of y to (n_samples,), for example using ravel().
  estimator.fit(X_train, y_train, **fit_params)
[CV]  max_features=9, n_estimators=101, score=(train=1.000, test=0.852), total=   1.4s
[Parallel(n_jobs=-1)]: Done 498 tasks      | elapsed:   38.4s
[CV]  max_features=10, n_estimators=11, score=(train=0.998, test=0.845), total=   0.2s
[Parallel(n_jobs=-1)]: Done 499 tasks      | elapsed:   38.5s
[CV] max_features=10, n_estimators=21 ................................
[CV]  max_features=10, n_estimators=11, score=(train=0.996, test=0.831), total=   0.2s
[Parallel(n_jobs=-1)]: Done 500 tasks      | elapsed:   38.5s
[CV] max_features=10, n_estimators=21 ................................
[CV]  max_features=10, n_estimators=11, score=(train=0.995, test=0.851), total=   0.2s
[Parallel(n_jobs=-1)]: Done 501 tasks      | elapsed:   38.5s
[CV] max_features=10, n_estimators=21 ................................
/Users/friedrich/opt/anaconda3/envs/mls_lab/lib/python3.7/site-packages/sklearn/model_selection/_validation.py:531: DataConversionWarning: A column-vector y was passed when a 1d array was expected. Please change the shape of y to (n_samples,), for example using ravel().
  estimator.fit(X_train, y_train, **fit_params)
[CV] max_features=10, n_estimators=21 ................................
/Users/friedrich/opt/anaconda3/envs/mls_lab/lib/python3.7/site-packages/sklearn/model_selection/_validation.py:531: DataConversionWarning: A column-vector y was passed when a 1d array was expected. Please change the shape of y to (n_samples,), for example using ravel().
  estimator.fit(X_train, y_train, **fit_params)
/Users/friedrich/opt/anaconda3/envs/mls_lab/lib/python3.7/site-packages/sklearn/model_selection/_validation.py:531: DataConversionWarning: A column-vector y was passed when a 1d array was expected. Please change the shape of y to (n_samples,), for example using ravel().
  estimator.fit(X_train, y_train, **fit_params)
/Users/friedrich/opt/anaconda3/envs/mls_lab/lib/python3.7/site-packages/sklearn/model_selection/_validation.py:531: DataConversionWarning: A column-vector y was passed when a 1d array was expected. Please change the shape of y to (n_samples,), for example using ravel().
  estimator.fit(X_train, y_train, **fit_params)
[CV]  max_features=9, n_estimators=101, score=(train=1.000, test=0.852), total=   1.4s
[Parallel(n_jobs=-1)]: Done 502 tasks      | elapsed:   38.5s
[CV] max_features=10, n_estimators=21 ................................
/Users/friedrich/opt/anaconda3/envs/mls_lab/lib/python3.7/site-packages/sklearn/model_selection/_validation.py:531: DataConversionWarning: A column-vector y was passed when a 1d array was expected. Please change the shape of y to (n_samples,), for example using ravel().
  estimator.fit(X_train, y_train, **fit_params)
[CV]  max_features=9, n_estimators=101, score=(train=1.000, test=0.860), total=   1.4s
[Parallel(n_jobs=-1)]: Done 503 tasks      | elapsed:   38.7s
[CV] max_features=10, n_estimators=31 ................................
/Users/friedrich/opt/anaconda3/envs/mls_lab/lib/python3.7/site-packages/sklearn/model_selection/_validation.py:531: DataConversionWarning: A column-vector y was passed when a 1d array was expected. Please change the shape of y to (n_samples,), for example using ravel().
  estimator.fit(X_train, y_train, **fit_params)
[CV]  max_features=10, n_estimators=21, score=(train=0.999, test=0.829), total=   0.3s
[CV]  max_features=10, n_estimators=21, score=(train=0.999, test=0.842), total=   0.3s
[Parallel(n_jobs=-1)]: Done 504 tasks      | elapsed:   38.8s
[Parallel(n_jobs=-1)]: Done 505 tasks      | elapsed:   38.8s
[CV]  max_features=10, n_estimators=21, score=(train=0.999, test=0.854), total=   0.3s
[Parallel(n_jobs=-1)]: Done 506 tasks      | elapsed:   38.8s
[CV] max_features=10, n_estimators=31 ................................
[CV]  max_features=10, n_estimators=21, score=(train=0.997, test=0.840), total=   0.3s
[CV] max_features=10, n_estimators=31 ................................
[Parallel(n_jobs=-1)]: Done 507 tasks      | elapsed:   38.8s
[CV] max_features=10, n_estimators=31 ................................
[CV] max_features=10, n_estimators=31 ................................
/Users/friedrich/opt/anaconda3/envs/mls_lab/lib/python3.7/site-packages/sklearn/model_selection/_validation.py:531: DataConversionWarning: A column-vector y was passed when a 1d array was expected. Please change the shape of y to (n_samples,), for example using ravel().
  estimator.fit(X_train, y_train, **fit_params)
/Users/friedrich/opt/anaconda3/envs/mls_lab/lib/python3.7/site-packages/sklearn/model_selection/_validation.py:531: DataConversionWarning: A column-vector y was passed when a 1d array was expected. Please change the shape of y to (n_samples,), for example using ravel().
  estimator.fit(X_train, y_train, **fit_params)
/Users/friedrich/opt/anaconda3/envs/mls_lab/lib/python3.7/site-packages/sklearn/model_selection/_validation.py:531: DataConversionWarning: A column-vector y was passed when a 1d array was expected. Please change the shape of y to (n_samples,), for example using ravel().
  estimator.fit(X_train, y_train, **fit_params)
/Users/friedrich/opt/anaconda3/envs/mls_lab/lib/python3.7/site-packages/sklearn/model_selection/_validation.py:531: DataConversionWarning: A column-vector y was passed when a 1d array was expected. Please change the shape of y to (n_samples,), for example using ravel().
  estimator.fit(X_train, y_train, **fit_params)
[CV]  max_features=9, n_estimators=101, score=(train=1.000, test=0.848), total=   1.4s
[Parallel(n_jobs=-1)]: Done 508 tasks      | elapsed:   38.9s
[CV]  max_features=10, n_estimators=21, score=(train=0.999, test=0.859), total=   0.3s
[Parallel(n_jobs=-1)]: Done 509 tasks      | elapsed:   38.9s
[CV] max_features=10, n_estimators=41 ................................
[CV] max_features=10, n_estimators=41 ................................
/Users/friedrich/opt/anaconda3/envs/mls_lab/lib/python3.7/site-packages/sklearn/model_selection/_validation.py:531: DataConversionWarning: A column-vector y was passed when a 1d array was expected. Please change the shape of y to (n_samples,), for example using ravel().
  estimator.fit(X_train, y_train, **fit_params)
/Users/friedrich/opt/anaconda3/envs/mls_lab/lib/python3.7/site-packages/sklearn/model_selection/_validation.py:531: DataConversionWarning: A column-vector y was passed when a 1d array was expected. Please change the shape of y to (n_samples,), for example using ravel().
  estimator.fit(X_train, y_train, **fit_params)
[CV]  max_features=10, n_estimators=31, score=(train=1.000, test=0.854), total=   0.5s
[Parallel(n_jobs=-1)]: Done 510 tasks      | elapsed:   39.2s
[CV] max_features=10, n_estimators=41 ................................
/Users/friedrich/opt/anaconda3/envs/mls_lab/lib/python3.7/site-packages/sklearn/model_selection/_validation.py:531: DataConversionWarning: A column-vector y was passed when a 1d array was expected. Please change the shape of y to (n_samples,), for example using ravel().
  estimator.fit(X_train, y_train, **fit_params)
[CV]  max_features=10, n_estimators=31, score=(train=1.000, test=0.863), total=   0.4s
[Parallel(n_jobs=-1)]: Done 511 tasks      | elapsed:   39.3s
[CV]  max_features=9, n_estimators=101, score=(train=1.000, test=0.870), total=   1.3s
[Parallel(n_jobs=-1)]: Done 512 tasks      | elapsed:   39.3s
[CV]  max_features=10, n_estimators=31, score=(train=0.999, test=0.849), total=   0.4s
[Parallel(n_jobs=-1)]: Done 513 tasks      | elapsed:   39.3s
[CV]  max_features=10, n_estimators=31, score=(train=1.000, test=0.858), total=   0.4s
[Parallel(n_jobs=-1)]: Done 514 tasks      | elapsed:   39.3s
[CV] max_features=10, n_estimators=41 ................................
[CV]  max_features=10, n_estimators=31, score=(train=1.000, test=0.843), total=   0.4s
[Parallel(n_jobs=-1)]: Done 515 tasks      | elapsed:   39.4s
/Users/friedrich/opt/anaconda3/envs/mls_lab/lib/python3.7/site-packages/sklearn/model_selection/_validation.py:531: DataConversionWarning: A column-vector y was passed when a 1d array was expected. Please change the shape of y to (n_samples,), for example using ravel().
  estimator.fit(X_train, y_train, **fit_params)
[CV] max_features=10, n_estimators=41 ................................
[CV] max_features=10, n_estimators=51 ................................
[CV] max_features=10, n_estimators=51 ................................
/Users/friedrich/opt/anaconda3/envs/mls_lab/lib/python3.7/site-packages/sklearn/model_selection/_validation.py:531: DataConversionWarning: A column-vector y was passed when a 1d array was expected. Please change the shape of y to (n_samples,), for example using ravel().
  estimator.fit(X_train, y_train, **fit_params)
/Users/friedrich/opt/anaconda3/envs/mls_lab/lib/python3.7/site-packages/sklearn/model_selection/_validation.py:531: DataConversionWarning: A column-vector y was passed when a 1d array was expected. Please change the shape of y to (n_samples,), for example using ravel().
  estimator.fit(X_train, y_train, **fit_params)
[CV] max_features=10, n_estimators=51 ................................
/Users/friedrich/opt/anaconda3/envs/mls_lab/lib/python3.7/site-packages/sklearn/model_selection/_validation.py:531: DataConversionWarning: A column-vector y was passed when a 1d array was expected. Please change the shape of y to (n_samples,), for example using ravel().
  estimator.fit(X_train, y_train, **fit_params)
/Users/friedrich/opt/anaconda3/envs/mls_lab/lib/python3.7/site-packages/sklearn/model_selection/_validation.py:531: DataConversionWarning: A column-vector y was passed when a 1d array was expected. Please change the shape of y to (n_samples,), for example using ravel().
  estimator.fit(X_train, y_train, **fit_params)
[CV]  max_features=10, n_estimators=41, score=(train=1.000, test=0.870), total=   0.7s
[Parallel(n_jobs=-1)]: Done 516 tasks      | elapsed:   39.6s
[CV]  max_features=10, n_estimators=41, score=(train=1.000, test=0.852), total=   0.7s
[Parallel(n_jobs=-1)]: Done 517 tasks      | elapsed:   39.7s
[CV] max_features=10, n_estimators=51 ................................
/Users/friedrich/opt/anaconda3/envs/mls_lab/lib/python3.7/site-packages/sklearn/model_selection/_validation.py:531: DataConversionWarning: A column-vector y was passed when a 1d array was expected. Please change the shape of y to (n_samples,), for example using ravel().
  estimator.fit(X_train, y_train, **fit_params)
[CV] max_features=10, n_estimators=51 ................................
/Users/friedrich/opt/anaconda3/envs/mls_lab/lib/python3.7/site-packages/sklearn/model_selection/_validation.py:531: DataConversionWarning: A column-vector y was passed when a 1d array was expected. Please change the shape of y to (n_samples,), for example using ravel().
  estimator.fit(X_train, y_train, **fit_params)
[CV]  max_features=10, n_estimators=41, score=(train=1.000, test=0.849), total=   0.7s
[Parallel(n_jobs=-1)]: Done 518 tasks      | elapsed:   40.0s
[CV] max_features=10, n_estimators=61 ................................
[CV]  max_features=10, n_estimators=41, score=(train=1.000, test=0.852), total=   0.6s
[Parallel(n_jobs=-1)]: Done 519 tasks      | elapsed:   40.0s
/Users/friedrich/opt/anaconda3/envs/mls_lab/lib/python3.7/site-packages/sklearn/model_selection/_validation.py:531: DataConversionWarning: A column-vector y was passed when a 1d array was expected. Please change the shape of y to (n_samples,), for example using ravel().
  estimator.fit(X_train, y_train, **fit_params)
[CV]  max_features=10, n_estimators=41, score=(train=1.000, test=0.865), total=   0.6s
[Parallel(n_jobs=-1)]: Done 520 tasks      | elapsed:   40.0s
[CV] max_features=10, n_estimators=61 ................................
[CV] max_features=10, n_estimators=61 ................................
/Users/friedrich/opt/anaconda3/envs/mls_lab/lib/python3.7/site-packages/sklearn/model_selection/_validation.py:531: DataConversionWarning: A column-vector y was passed when a 1d array was expected. Please change the shape of y to (n_samples,), for example using ravel().
  estimator.fit(X_train, y_train, **fit_params)
/Users/friedrich/opt/anaconda3/envs/mls_lab/lib/python3.7/site-packages/sklearn/model_selection/_validation.py:531: DataConversionWarning: A column-vector y was passed when a 1d array was expected. Please change the shape of y to (n_samples,), for example using ravel().
  estimator.fit(X_train, y_train, **fit_params)
[CV]  max_features=10, n_estimators=51, score=(train=0.999, test=0.848), total=   0.7s
[Parallel(n_jobs=-1)]: Done 521 tasks      | elapsed:   40.2s
[CV] max_features=10, n_estimators=61 ................................
[CV]  max_features=10, n_estimators=51, score=(train=1.000, test=0.866), total=   0.7s
[Parallel(n_jobs=-1)]: Done 522 tasks      | elapsed:   40.2s
[CV]  max_features=10, n_estimators=51, score=(train=1.000, test=0.860), total=   0.7s
[Parallel(n_jobs=-1)]: Done 523 tasks      | elapsed:   40.2s
[CV] max_features=10, n_estimators=61 ................................
[CV] max_features=10, n_estimators=71 ................................
/Users/friedrich/opt/anaconda3/envs/mls_lab/lib/python3.7/site-packages/sklearn/model_selection/_validation.py:531: DataConversionWarning: A column-vector y was passed when a 1d array was expected. Please change the shape of y to (n_samples,), for example using ravel().
  estimator.fit(X_train, y_train, **fit_params)
/Users/friedrich/opt/anaconda3/envs/mls_lab/lib/python3.7/site-packages/sklearn/model_selection/_validation.py:531: DataConversionWarning: A column-vector y was passed when a 1d array was expected. Please change the shape of y to (n_samples,), for example using ravel().
  estimator.fit(X_train, y_train, **fit_params)
/Users/friedrich/opt/anaconda3/envs/mls_lab/lib/python3.7/site-packages/sklearn/model_selection/_validation.py:531: DataConversionWarning: A column-vector y was passed when a 1d array was expected. Please change the shape of y to (n_samples,), for example using ravel().
  estimator.fit(X_train, y_train, **fit_params)
[CV]  max_features=10, n_estimators=51, score=(train=1.000, test=0.852), total=   0.7s
[Parallel(n_jobs=-1)]: Done 524 tasks      | elapsed:   40.4s
[CV]  max_features=10, n_estimators=51, score=(train=1.000, test=0.871), total=   0.7s
[Parallel(n_jobs=-1)]: Done 525 tasks      | elapsed:   40.5s
[CV] max_features=10, n_estimators=71 ................................
[CV] max_features=10, n_estimators=71 ................................
/Users/friedrich/opt/anaconda3/envs/mls_lab/lib/python3.7/site-packages/sklearn/model_selection/_validation.py:531: DataConversionWarning: A column-vector y was passed when a 1d array was expected. Please change the shape of y to (n_samples,), for example using ravel().
  estimator.fit(X_train, y_train, **fit_params)
/Users/friedrich/opt/anaconda3/envs/mls_lab/lib/python3.7/site-packages/sklearn/model_selection/_validation.py:531: DataConversionWarning: A column-vector y was passed when a 1d array was expected. Please change the shape of y to (n_samples,), for example using ravel().
  estimator.fit(X_train, y_train, **fit_params)
[CV]  max_features=10, n_estimators=61, score=(train=1.000, test=0.855), total=   0.9s
[Parallel(n_jobs=-1)]: Done 526 tasks      | elapsed:   40.9s
[CV] max_features=10, n_estimators=71 ................................
/Users/friedrich/opt/anaconda3/envs/mls_lab/lib/python3.7/site-packages/sklearn/model_selection/_validation.py:531: DataConversionWarning: A column-vector y was passed when a 1d array was expected. Please change the shape of y to (n_samples,), for example using ravel().
  estimator.fit(X_train, y_train, **fit_params)
[CV]  max_features=10, n_estimators=61, score=(train=1.000, test=0.846), total=   0.8s
[Parallel(n_jobs=-1)]: Done 527 tasks      | elapsed:   41.0s
[CV]  max_features=10, n_estimators=61, score=(train=1.000, test=0.860), total=   0.8s
[Parallel(n_jobs=-1)]: Done 528 tasks      | elapsed:   41.0s
[CV] max_features=10, n_estimators=71 ................................
/Users/friedrich/opt/anaconda3/envs/mls_lab/lib/python3.7/site-packages/sklearn/model_selection/_validation.py:531: DataConversionWarning: A column-vector y was passed when a 1d array was expected. Please change the shape of y to (n_samples,), for example using ravel().
  estimator.fit(X_train, y_train, **fit_params)
[CV] max_features=10, n_estimators=81 ................................
/Users/friedrich/opt/anaconda3/envs/mls_lab/lib/python3.7/site-packages/sklearn/model_selection/_validation.py:531: DataConversionWarning: A column-vector y was passed when a 1d array was expected. Please change the shape of y to (n_samples,), for example using ravel().
  estimator.fit(X_train, y_train, **fit_params)
[CV]  max_features=10, n_estimators=61, score=(train=1.000, test=0.836), total=   0.9s
[Parallel(n_jobs=-1)]: Done 529 tasks      | elapsed:   41.1s
[CV]  max_features=10, n_estimators=61, score=(train=1.000, test=0.876), total=   0.9s
[Parallel(n_jobs=-1)]: Done 530 tasks      | elapsed:   41.1s
[CV] max_features=10, n_estimators=81 ................................
[CV] max_features=10, n_estimators=81 ................................
/Users/friedrich/opt/anaconda3/envs/mls_lab/lib/python3.7/site-packages/sklearn/model_selection/_validation.py:531: DataConversionWarning: A column-vector y was passed when a 1d array was expected. Please change the shape of y to (n_samples,), for example using ravel().
  estimator.fit(X_train, y_train, **fit_params)
/Users/friedrich/opt/anaconda3/envs/mls_lab/lib/python3.7/site-packages/sklearn/model_selection/_validation.py:531: DataConversionWarning: A column-vector y was passed when a 1d array was expected. Please change the shape of y to (n_samples,), for example using ravel().
  estimator.fit(X_train, y_train, **fit_params)
[CV]  max_features=10, n_estimators=71, score=(train=1.000, test=0.848), total=   1.0s
[Parallel(n_jobs=-1)]: Done 531 tasks      | elapsed:   41.3s
[CV] max_features=10, n_estimators=81 ................................
/Users/friedrich/opt/anaconda3/envs/mls_lab/lib/python3.7/site-packages/sklearn/model_selection/_validation.py:531: DataConversionWarning: A column-vector y was passed when a 1d array was expected. Please change the shape of y to (n_samples,), for example using ravel().
  estimator.fit(X_train, y_train, **fit_params)
[CV]  max_features=10, n_estimators=71, score=(train=1.000, test=0.880), total=   1.0s
[Parallel(n_jobs=-1)]: Done 532 tasks      | elapsed:   41.5s
[CV]  max_features=10, n_estimators=71, score=(train=1.000, test=0.855), total=   1.0s
[Parallel(n_jobs=-1)]: Done 533 tasks      | elapsed:   41.5s
[CV] max_features=10, n_estimators=91 ................................
[CV] max_features=10, n_estimators=81 ................................
/Users/friedrich/opt/anaconda3/envs/mls_lab/lib/python3.7/site-packages/sklearn/model_selection/_validation.py:531: DataConversionWarning: A column-vector y was passed when a 1d array was expected. Please change the shape of y to (n_samples,), for example using ravel().
  estimator.fit(X_train, y_train, **fit_params)
/Users/friedrich/opt/anaconda3/envs/mls_lab/lib/python3.7/site-packages/sklearn/model_selection/_validation.py:531: DataConversionWarning: A column-vector y was passed when a 1d array was expected. Please change the shape of y to (n_samples,), for example using ravel().
  estimator.fit(X_train, y_train, **fit_params)
[CV]  max_features=10, n_estimators=71, score=(train=1.000, test=0.849), total=   1.0s
[Parallel(n_jobs=-1)]: Done 534 tasks      | elapsed:   42.0s
[CV] max_features=10, n_estimators=91 ................................
[CV]  max_features=10, n_estimators=71, score=(train=1.000, test=0.867), total=   1.0s
[Parallel(n_jobs=-1)]: Done 535 tasks      | elapsed:   42.0s
/Users/friedrich/opt/anaconda3/envs/mls_lab/lib/python3.7/site-packages/sklearn/model_selection/_validation.py:531: DataConversionWarning: A column-vector y was passed when a 1d array was expected. Please change the shape of y to (n_samples,), for example using ravel().
  estimator.fit(X_train, y_train, **fit_params)
[CV] max_features=10, n_estimators=91 ................................
/Users/friedrich/opt/anaconda3/envs/mls_lab/lib/python3.7/site-packages/sklearn/model_selection/_validation.py:531: DataConversionWarning: A column-vector y was passed when a 1d array was expected. Please change the shape of y to (n_samples,), for example using ravel().
  estimator.fit(X_train, y_train, **fit_params)
[CV]  max_features=10, n_estimators=81, score=(train=1.000, test=0.860), total=   1.1s
[CV] max_features=10, n_estimators=91 ................................
/Users/friedrich/opt/anaconda3/envs/mls_lab/lib/python3.7/site-packages/sklearn/model_selection/_validation.py:531: DataConversionWarning: A column-vector y was passed when a 1d array was expected. Please change the shape of y to (n_samples,), for example using ravel().
  estimator.fit(X_train, y_train, **fit_params)
[CV]  max_features=10, n_estimators=81, score=(train=1.000, test=0.852), total=   1.1s
[CV]  max_features=10, n_estimators=81, score=(train=1.000, test=0.870), total=   1.1s
[CV] max_features=10, n_estimators=91 ................................
/Users/friedrich/opt/anaconda3/envs/mls_lab/lib/python3.7/site-packages/sklearn/model_selection/_validation.py:531: DataConversionWarning: A column-vector y was passed when a 1d array was expected. Please change the shape of y to (n_samples,), for example using ravel().
  estimator.fit(X_train, y_train, **fit_params)
[CV] max_features=10, n_estimators=101 ...............................
/Users/friedrich/opt/anaconda3/envs/mls_lab/lib/python3.7/site-packages/sklearn/model_selection/_validation.py:531: DataConversionWarning: A column-vector y was passed when a 1d array was expected. Please change the shape of y to (n_samples,), for example using ravel().
  estimator.fit(X_train, y_train, **fit_params)
[CV]  max_features=10, n_estimators=81, score=(train=1.000, test=0.834), total=   1.0s
[CV] max_features=10, n_estimators=101 ...............................
/Users/friedrich/opt/anaconda3/envs/mls_lab/lib/python3.7/site-packages/sklearn/model_selection/_validation.py:531: DataConversionWarning: A column-vector y was passed when a 1d array was expected. Please change the shape of y to (n_samples,), for example using ravel().
  estimator.fit(X_train, y_train, **fit_params)
[CV]  max_features=10, n_estimators=81, score=(train=1.000, test=0.871), total=   1.0s
[CV] max_features=10, n_estimators=101 ...............................
/Users/friedrich/opt/anaconda3/envs/mls_lab/lib/python3.7/site-packages/sklearn/model_selection/_validation.py:531: DataConversionWarning: A column-vector y was passed when a 1d array was expected. Please change the shape of y to (n_samples,), for example using ravel().
  estimator.fit(X_train, y_train, **fit_params)
[CV]  max_features=10, n_estimators=91, score=(train=1.000, test=0.848), total=   1.2s
[CV] max_features=10, n_estimators=101 ...............................
/Users/friedrich/opt/anaconda3/envs/mls_lab/lib/python3.7/site-packages/sklearn/model_selection/_validation.py:531: DataConversionWarning: A column-vector y was passed when a 1d array was expected. Please change the shape of y to (n_samples,), for example using ravel().
  estimator.fit(X_train, y_train, **fit_params)
[CV]  max_features=10, n_estimators=91, score=(train=1.000, test=0.855), total=   1.2s
[CV] max_features=10, n_estimators=101 ...............................
/Users/friedrich/opt/anaconda3/envs/mls_lab/lib/python3.7/site-packages/sklearn/model_selection/_validation.py:531: DataConversionWarning: A column-vector y was passed when a 1d array was expected. Please change the shape of y to (n_samples,), for example using ravel().
  estimator.fit(X_train, y_train, **fit_params)
[CV]  max_features=10, n_estimators=91, score=(train=1.000, test=0.874), total=   1.2s
[CV]  max_features=10, n_estimators=91, score=(train=1.000, test=0.851), total=   1.2s
[CV]  max_features=10, n_estimators=91, score=(train=1.000, test=0.861), total=   1.2s
[CV]  max_features=10, n_estimators=101, score=(train=1.000, test=0.845), total=   1.3s
[CV]  max_features=10, n_estimators=101, score=(train=1.000, test=0.852), total=   1.2s
[Parallel(n_jobs=-1)]: Done 547 out of 550 | elapsed:   43.8s remaining:    0.2s
[CV]  max_features=10, n_estimators=101, score=(train=1.000, test=0.874), total=   1.1s
[CV]  max_features=10, n_estimators=101, score=(train=1.000, test=0.843), total=   1.1s
[CV]  max_features=10, n_estimators=101, score=(train=1.000, test=0.858), total=   0.9s
[Parallel(n_jobs=-1)]: Done 550 out of 550 | elapsed:   44.2s finished
/Users/friedrich/opt/anaconda3/envs/mls_lab/lib/python3.7/site-packages/sklearn/model_selection/_search.py:765: DataConversionWarning: A column-vector y was passed when a 1d array was expected. Please change the shape of y to (n_samples,), for example using ravel().
  self.best_estimator_.fit(X, y, **fit_params)
TA1:1.0,0.8586206896551725
(mls_lab) 
# friedrich @ Friedrich-MBP in ~/Projects/GitHub/AMLS_assignment20_21/AMLS_20-21_SN20043715 on git:master x [22:38:34] 
$ 