Wed, 16 Dec 2020 22:50:15 main.py[line:40] INFO *****************************************
Wed, 16 Dec 2020 22:50:15 main.py[line:41] INFO **********[Main program starts]**********
Wed, 16 Dec 2020 22:50:15 main.py[line:42] INFO *****************************************

Wed, 16 Dec 2020 22:50:15 main.py[line:48] INFO **********[Task A1 starts]**********
Wed, 16 Dec 2020 22:50:15 helper.py[line:332] INFO ==========[Data Preparation starts]==========
Wed, 16 Dec 2020 22:50:15 helper.py[line:340] INFO Data have been collected from /Users/friedrich/Projects/GitHub/AMLS_assignment20_21/AMLS_20-21_SN20043715/A1/A1_dataset.csv.
Wed, 16 Dec 2020 22:50:15 helper.py[line:341] INFO ==========[Data Preparation ends]==========
Wed, 16 Dec 2020 22:50:15 helper.py[line:355] INFO ==========[Feature selection starts]==========
Wed, 16 Dec 2020 22:50:16 helper.py[line:363] INFO [Original features amount]: 136
Wed, 16 Dec 2020 22:50:16 helper.py[line:364] INFO [Selected features amount]: 68
Wed, 16 Dec 2020 22:50:16 helper.py[line:366] INFO ==========[Feature selection ends]==========
Wed, 16 Dec 2020 22:50:16 helper.py[line:382] INFO ==========[Model training starts]==========
Wed, 16 Dec 2020 22:50:16 helper.py[line:383] INFO [Task]: A1
Wed, 16 Dec 2020 22:50:16 helper.py[line:384] INFO [Model]: RandomForest
Wed, 16 Dec 2020 22:50:16 helper.py[line:397] INFO [Model]: No model has been found for this task.
Wed, 16 Dec 2020 22:50:16 helper.py[line:398] INFO Starting to train a new one...
Wed, 16 Dec 2020 22:50:53 helper.py[line:450] INFO ====================
Wed, 16 Dec 2020 22:50:53 helper.py[line:453] INFO [Best Parameters]: {'max_features': 10, 'n_estimators': 91}
Wed, 16 Dec 2020 22:50:53 helper.py[line:454] INFO [Best Test Score]: 0.867869472874586
Wed, 16 Dec 2020 22:50:53 helper.py[line:456] INFO [Best Training Score]: 1.0
Wed, 16 Dec 2020 22:50:53 helper.py[line:470] INFO [Feature Importances]: [(0.11683075653380684, 'feature_35'), (0.10667208630300568, 'feature_24'), (0.04252236078811228, 'feature_26'), (0.03960827988808447, 'feature_52'), (0.03440286260082027, 'feature_58'), (0.03322136199798445, 'feature_48'), (0.02581670164423437, 'feature_34'), (0.025660733566679663, 'feature_49'), (0.017345180836323103, 'feature_57'), (0.016225178764799234, 'feature_51'), (0.013580271486684363, 'feature_63'), (0.013405032143777829, 'feature_61'), (0.01295035599256965, 'feature_43'), (0.012874102208571343, 'feature_39'), (0.012808743071350562, 'feature_30'), (0.012635560790334831, 'feature_29'), (0.012427679798111619, 'feature_14'), (0.01210895568904998, 'feature_59'), (0.01193253121716183, 'feature_60'), (0.011850084672981003, 'feature_11'), (0.011590875151752533, 'feature_62'), (0.01110613275948795, 'feature_45'), (0.011042666645795814, 'feature_50'), (0.010886203156066499, 'feature_65'), (0.010869410571215201, 'feature_22'), (0.010832324682242515, 'feature_12'), (0.010798275662360749, 'feature_56'), (0.010796925835426963, 'feature_27'), (0.010227739791562196, 'feature_16'), (0.009892030802961286, 'feature_1'), (0.009864005543856646, 'feature_55'), (0.009751049713738108, 'feature_67'), (0.009491605574011042, 'feature_32'), (0.009237650824003109, 'feature_66'), (0.009190686425354363, 'feature_54'), (0.009147673986076537, 'feature_36'), (0.008936651101203135, 'feature_9'), (0.00882528401709737, 'feature_2'), (0.008813589015801022, 'feature_13'), (0.008772281755865781, 'feature_41'), (0.008718494830817446, 'feature_19'), (0.00869919769198827, 'feature_25'), (0.008493265488363594, 'feature_47'), (0.008441099818518401, 'feature_10'), (0.00840402543560977, 'feature_33'), (0.008314390428356253, 'feature_21'), (0.008313574663962169, 'feature_7'), (0.008282125116178327, 'feature_64'), (0.008231522632834016, 'feature_18'), (0.008119872205529616, 'feature_38'), (0.008106405477225647, 'feature_15'), (0.008042481949626711, 'feature_31'), (0.008031699483486126, 'feature_3'), (0.007974767952395892, 'feature_44'), (0.007831140239520726, 'feature_4'), (0.007679531085894802, 'feature_8'), (0.00754721806919423, 'feature_40'), (0.007488898448715796, 'feature_37'), (0.007450377273249934, 'feature_17'), (0.007305804132998904, 'feature_6'), (0.00723513546292895, 'feature_20'), (0.007187475932160448, 'feature_28'), (0.007178762594263404, 'feature_23'), (0.007075825156965248, 'feature_5'), (0.00651897263131532, 'feature_68'), (0.006266345845976819, 'feature_53'), (0.006125709353581846, 'feature_42'), (0.005983997588019342, 'feature_46')]
Wed, 16 Dec 2020 22:50:53 helper.py[line:485] INFO [Execution time]: 00:00:37
Wed, 16 Dec 2020 22:50:53 helper.py[line:486] INFO ==========[Model training ends]==========
Wed, 16 Dec 2020 22:50:53 main.py[line:65] INFO **********[Task A1 ends]**********
Wed, 16 Dec 2020 22:50:53 main.py[line:66] INFO ***********************************
Wed, 16 Dec 2020 22:50:53 main.py[line:135] INFO [Total execution time]: 00:00:38
Wed, 16 Dec 2020 22:50:53 main.py[line:137] INFO *****************************************
Wed, 16 Dec 2020 22:50:53 main.py[line:138] INFO ***********[Main program ends]***********
Wed, 16 Dec 2020 22:50:53 main.py[line:139] INFO *****************************************

/Users/friedrich/opt/anaconda3/envs/mls_lab/lib/python3.7/site-packages/sklearn/model_selection/_validation.py:531: DataConversionWarning: A column-vector y was passed when a 1d array was expected. Please change the shape of y to (n_samples,), for example using ravel().
  estimator.fit(X_train, y_train, **fit_params)
[CV]  max_features=7, n_estimators=91, score=(train=1.000, test=0.870), total=   0.8s
[Parallel(n_jobs=-1)]: Done 376 tasks      | elapsed:   22.2s
[CV] max_features=7, n_estimators=101 ................................
/Users/friedrich/opt/anaconda3/envs/mls_lab/lib/python3.7/site-packages/sklearn/model_selection/_validation.py:531: DataConversionWarning: A column-vector y was passed when a 1d array was expected. Please change the shape of y to (n_samples,), for example using ravel().
  estimator.fit(X_train, y_train, **fit_params)
[CV]  max_features=7, n_estimators=91, score=(train=1.000, test=0.860), total=   0.8s
[Parallel(n_jobs=-1)]: Done 377 tasks      | elapsed:   22.5s
[CV]  max_features=7, n_estimators=91, score=(train=1.000, test=0.869), total=   0.8s
[CV] max_features=7, n_estimators=101 ................................
[Parallel(n_jobs=-1)]: Done 378 tasks      | elapsed:   22.5s
[CV] max_features=8, n_estimators=1 ..................................
/Users/friedrich/opt/anaconda3/envs/mls_lab/lib/python3.7/site-packages/sklearn/model_selection/_validation.py:531: DataConversionWarning: A column-vector y was passed when a 1d array was expected. Please change the shape of y to (n_samples,), for example using ravel().
  estimator.fit(X_train, y_train, **fit_params)
/Users/friedrich/opt/anaconda3/envs/mls_lab/lib/python3.7/site-packages/sklearn/model_selection/_validation.py:531: DataConversionWarning: A column-vector y was passed when a 1d array was expected. Please change the shape of y to (n_samples,), for example using ravel().
  estimator.fit(X_train, y_train, **fit_params)
[CV]  max_features=8, n_estimators=1, score=(train=0.902, test=0.749), total=   0.0s
[Parallel(n_jobs=-1)]: Done 379 tasks      | elapsed:   22.5s
[CV] max_features=8, n_estimators=1 ..................................
/Users/friedrich/opt/anaconda3/envs/mls_lab/lib/python3.7/site-packages/sklearn/model_selection/_validation.py:531: DataConversionWarning: A column-vector y was passed when a 1d array was expected. Please change the shape of y to (n_samples,), for example using ravel().
  estimator.fit(X_train, y_train, **fit_params)
[CV]  max_features=8, n_estimators=1, score=(train=0.914, test=0.765), total=   0.0s
[Parallel(n_jobs=-1)]: Done 380 tasks      | elapsed:   22.6s
[CV] max_features=8, n_estimators=1 ..................................
/Users/friedrich/opt/anaconda3/envs/mls_lab/lib/python3.7/site-packages/sklearn/model_selection/_validation.py:531: DataConversionWarning: A column-vector y was passed when a 1d array was expected. Please change the shape of y to (n_samples,), for example using ravel().
  estimator.fit(X_train, y_train, **fit_params)
[CV]  max_features=8, n_estimators=1, score=(train=0.910, test=0.749), total=   0.0s
[Parallel(n_jobs=-1)]: Done 381 tasks      | elapsed:   22.6s
[CV] max_features=8, n_estimators=1 ..................................
/Users/friedrich/opt/anaconda3/envs/mls_lab/lib/python3.7/site-packages/sklearn/model_selection/_validation.py:531: DataConversionWarning: A column-vector y was passed when a 1d array was expected. Please change the shape of y to (n_samples,), for example using ravel().
  estimator.fit(X_train, y_train, **fit_params)
[CV]  max_features=8, n_estimators=1, score=(train=0.915, test=0.765), total=   0.0s
[Parallel(n_jobs=-1)]: Done 382 tasks      | elapsed:   22.6s
[CV]  max_features=7, n_estimators=91, score=(train=1.000, test=0.855), total=   0.8s
[Parallel(n_jobs=-1)]: Done 383 tasks      | elapsed:   22.6s
[CV] max_features=8, n_estimators=1 ..................................
/Users/friedrich/opt/anaconda3/envs/mls_lab/lib/python3.7/site-packages/sklearn/model_selection/_validation.py:531: DataConversionWarning: A column-vector y was passed when a 1d array was expected. Please change the shape of y to (n_samples,), for example using ravel().
  estimator.fit(X_train, y_train, **fit_params)
[CV]  max_features=8, n_estimators=1, score=(train=0.914, test=0.786), total=   0.0s
[Parallel(n_jobs=-1)]: Done 384 tasks      | elapsed:   22.7s
[CV] max_features=8, n_estimators=11 .................................
[CV] max_features=8, n_estimators=11 .................................
/Users/friedrich/opt/anaconda3/envs/mls_lab/lib/python3.7/site-packages/sklearn/model_selection/_validation.py:531: DataConversionWarning: A column-vector y was passed when a 1d array was expected. Please change the shape of y to (n_samples,), for example using ravel().
  estimator.fit(X_train, y_train, **fit_params)
/Users/friedrich/opt/anaconda3/envs/mls_lab/lib/python3.7/site-packages/sklearn/model_selection/_validation.py:531: DataConversionWarning: A column-vector y was passed when a 1d array was expected. Please change the shape of y to (n_samples,), for example using ravel().
  estimator.fit(X_train, y_train, **fit_params)
[CV]  max_features=7, n_estimators=91, score=(train=1.000, test=0.876), total=   0.9s
[Parallel(n_jobs=-1)]: Done 385 tasks      | elapsed:   22.8s
[CV] max_features=8, n_estimators=11 .................................
/Users/friedrich/opt/anaconda3/envs/mls_lab/lib/python3.7/site-packages/sklearn/model_selection/_validation.py:531: DataConversionWarning: A column-vector y was passed when a 1d array was expected. Please change the shape of y to (n_samples,), for example using ravel().
  estimator.fit(X_train, y_train, **fit_params)
[CV]  max_features=8, n_estimators=11, score=(train=0.994, test=0.835), total=   0.1s
[Parallel(n_jobs=-1)]: Done 386 tasks      | elapsed:   22.8s
[CV] max_features=8, n_estimators=11 .................................
/Users/friedrich/opt/anaconda3/envs/mls_lab/lib/python3.7/site-packages/sklearn/model_selection/_validation.py:531: DataConversionWarning: A column-vector y was passed when a 1d array was expected. Please change the shape of y to (n_samples,), for example using ravel().
  estimator.fit(X_train, y_train, **fit_params)
[CV]  max_features=8, n_estimators=11, score=(train=0.995, test=0.843), total=   0.1s
[Parallel(n_jobs=-1)]: Done 387 tasks      | elapsed:   22.8s
[CV] max_features=8, n_estimators=11 .................................
/Users/friedrich/opt/anaconda3/envs/mls_lab/lib/python3.7/site-packages/sklearn/model_selection/_validation.py:531: DataConversionWarning: A column-vector y was passed when a 1d array was expected. Please change the shape of y to (n_samples,), for example using ravel().
  estimator.fit(X_train, y_train, **fit_params)
[CV]  max_features=7, n_estimators=101, score=(train=1.000, test=0.870), total=   0.9s
[Parallel(n_jobs=-1)]: Done 388 tasks      | elapsed:   22.9s
[CV] max_features=8, n_estimators=21 .................................
/Users/friedrich/opt/anaconda3/envs/mls_lab/lib/python3.7/site-packages/sklearn/model_selection/_validation.py:531: DataConversionWarning: A column-vector y was passed when a 1d array was expected. Please change the shape of y to (n_samples,), for example using ravel().
  estimator.fit(X_train, y_train, **fit_params)
[CV]  max_features=8, n_estimators=11, score=(train=0.997, test=0.855), total=   0.1s
[Parallel(n_jobs=-1)]: Done 389 tasks      | elapsed:   22.9s
[CV] max_features=8, n_estimators=21 .................................
/Users/friedrich/opt/anaconda3/envs/mls_lab/lib/python3.7/site-packages/sklearn/model_selection/_validation.py:531: DataConversionWarning: A column-vector y was passed when a 1d array was expected. Please change the shape of y to (n_samples,), for example using ravel().
  estimator.fit(X_train, y_train, **fit_params)
[CV]  max_features=8, n_estimators=11, score=(train=0.997, test=0.851), total=   0.1s
[Parallel(n_jobs=-1)]: Done 390 tasks      | elapsed:   23.0s
[CV] max_features=8, n_estimators=21 .................................
/Users/friedrich/opt/anaconda3/envs/mls_lab/lib/python3.7/site-packages/sklearn/model_selection/_validation.py:531: DataConversionWarning: A column-vector y was passed when a 1d array was expected. Please change the shape of y to (n_samples,), for example using ravel().
  estimator.fit(X_train, y_train, **fit_params)
[CV]  max_features=8, n_estimators=11, score=(train=0.997, test=0.862), total=   0.1s
[Parallel(n_jobs=-1)]: Done 391 tasks      | elapsed:   23.0s
[CV]  max_features=7, n_estimators=101, score=(train=1.000, test=0.857), total=   1.0s
[CV] max_features=8, n_estimators=21 .................................
[Parallel(n_jobs=-1)]: Done 392 tasks      | elapsed:   23.0s
/Users/friedrich/opt/anaconda3/envs/mls_lab/lib/python3.7/site-packages/sklearn/model_selection/_validation.py:531: DataConversionWarning: A column-vector y was passed when a 1d array was expected. Please change the shape of y to (n_samples,), for example using ravel().
  estimator.fit(X_train, y_train, **fit_params)
[CV] max_features=8, n_estimators=21 .................................
/Users/friedrich/opt/anaconda3/envs/mls_lab/lib/python3.7/site-packages/sklearn/model_selection/_validation.py:531: DataConversionWarning: A column-vector y was passed when a 1d array was expected. Please change the shape of y to (n_samples,), for example using ravel().
  estimator.fit(X_train, y_train, **fit_params)
[CV]  max_features=7, n_estimators=101, score=(train=1.000, test=0.866), total=   1.0s
[Parallel(n_jobs=-1)]: Done 393 tasks      | elapsed:   23.1s
[CV]  max_features=8, n_estimators=21, score=(train=1.000, test=0.843), total=   0.2s
[Parallel(n_jobs=-1)]: Done 394 tasks      | elapsed:   23.2s
[CV] max_features=8, n_estimators=31 .................................
/Users/friedrich/opt/anaconda3/envs/mls_lab/lib/python3.7/site-packages/sklearn/model_selection/_validation.py:531: DataConversionWarning: A column-vector y was passed when a 1d array was expected. Please change the shape of y to (n_samples,), for example using ravel().
  estimator.fit(X_train, y_train, **fit_params)
[CV] max_features=8, n_estimators=31 .................................
[CV]  max_features=8, n_estimators=21, score=(train=0.997, test=0.845), total=   0.2s
[Parallel(n_jobs=-1)]: Done 395 tasks      | elapsed:   23.2s
/Users/friedrich/opt/anaconda3/envs/mls_lab/lib/python3.7/site-packages/sklearn/model_selection/_validation.py:531: DataConversionWarning: A column-vector y was passed when a 1d array was expected. Please change the shape of y to (n_samples,), for example using ravel().
  estimator.fit(X_train, y_train, **fit_params)
[CV] max_features=8, n_estimators=31 .................................
/Users/friedrich/opt/anaconda3/envs/mls_lab/lib/python3.7/site-packages/sklearn/model_selection/_validation.py:531: DataConversionWarning: A column-vector y was passed when a 1d array was expected. Please change the shape of y to (n_samples,), for example using ravel().
  estimator.fit(X_train, y_train, **fit_params)
[CV]  max_features=8, n_estimators=21, score=(train=0.999, test=0.849), total=   0.2s
[Parallel(n_jobs=-1)]: Done 396 tasks      | elapsed:   23.2s
[CV] max_features=8, n_estimators=31 .................................
/Users/friedrich/opt/anaconda3/envs/mls_lab/lib/python3.7/site-packages/sklearn/model_selection/_validation.py:531: DataConversionWarning: A column-vector y was passed when a 1d array was expected. Please change the shape of y to (n_samples,), for example using ravel().
  estimator.fit(X_train, y_train, **fit_params)
[CV]  max_features=8, n_estimators=21, score=(train=0.999, test=0.848), total=   0.2s
[Parallel(n_jobs=-1)]: Done 397 tasks      | elapsed:   23.2s
[CV] max_features=8, n_estimators=31 .................................
/Users/friedrich/opt/anaconda3/envs/mls_lab/lib/python3.7/site-packages/sklearn/model_selection/_validation.py:531: DataConversionWarning: A column-vector y was passed when a 1d array was expected. Please change the shape of y to (n_samples,), for example using ravel().
  estimator.fit(X_train, y_train, **fit_params)
[CV]  max_features=8, n_estimators=21, score=(train=0.999, test=0.859), total=   0.2s
[Parallel(n_jobs=-1)]: Done 398 tasks      | elapsed:   23.3s
[CV] max_features=8, n_estimators=41 .................................
/Users/friedrich/opt/anaconda3/envs/mls_lab/lib/python3.7/site-packages/sklearn/model_selection/_validation.py:531: DataConversionWarning: A column-vector y was passed when a 1d array was expected. Please change the shape of y to (n_samples,), for example using ravel().
  estimator.fit(X_train, y_train, **fit_params)
[CV]  max_features=7, n_estimators=101, score=(train=1.000, test=0.846), total=   1.0s
[Parallel(n_jobs=-1)]: Done 399 tasks      | elapsed:   23.3s
[CV] max_features=8, n_estimators=41 .................................
/Users/friedrich/opt/anaconda3/envs/mls_lab/lib/python3.7/site-packages/sklearn/model_selection/_validation.py:531: DataConversionWarning: A column-vector y was passed when a 1d array was expected. Please change the shape of y to (n_samples,), for example using ravel().
  estimator.fit(X_train, y_train, **fit_params)
[CV]  max_features=8, n_estimators=31, score=(train=1.000, test=0.857), total=   0.3s
[CV]  max_features=8, n_estimators=31, score=(train=1.000, test=0.864), total=   0.3s
[Parallel(n_jobs=-1)]: Done 400 tasks      | elapsed:   23.5s
[Parallel(n_jobs=-1)]: Done 401 tasks      | elapsed:   23.5s
[CV] max_features=8, n_estimators=41 .................................
[CV] max_features=8, n_estimators=41 .................................
[CV]  max_features=8, n_estimators=31, score=(train=0.999, test=0.861), total=   0.3s
[Parallel(n_jobs=-1)]: Done 402 tasks      | elapsed:   23.5s
[CV] max_features=8, n_estimators=41 .................................
/Users/friedrich/opt/anaconda3/envs/mls_lab/lib/python3.7/site-packages/sklearn/model_selection/_validation.py:531: DataConversionWarning: A column-vector y was passed when a 1d array was expected. Please change the shape of y to (n_samples,), for example using ravel().
  estimator.fit(X_train, y_train, **fit_params)
/Users/friedrich/opt/anaconda3/envs/mls_lab/lib/python3.7/site-packages/sklearn/model_selection/_validation.py:531: DataConversionWarning: A column-vector y was passed when a 1d array was expected. Please change the shape of y to (n_samples,), for example using ravel().
  estimator.fit(X_train, y_train, **fit_params)
/Users/friedrich/opt/anaconda3/envs/mls_lab/lib/python3.7/site-packages/sklearn/model_selection/_validation.py:531: DataConversionWarning: A column-vector y was passed when a 1d array was expected. Please change the shape of y to (n_samples,), for example using ravel().
  estimator.fit(X_train, y_train, **fit_params)
[CV]  max_features=8, n_estimators=31, score=(train=1.000, test=0.855), total=   0.3s
[Parallel(n_jobs=-1)]: Done 403 tasks      | elapsed:   23.6s
[CV] max_features=8, n_estimators=51 .................................
/Users/friedrich/opt/anaconda3/envs/mls_lab/lib/python3.7/site-packages/sklearn/model_selection/_validation.py:531: DataConversionWarning: A column-vector y was passed when a 1d array was expected. Please change the shape of y to (n_samples,), for example using ravel().
  estimator.fit(X_train, y_train, **fit_params)
[CV]  max_features=8, n_estimators=31, score=(train=0.999, test=0.876), total=   0.3s
[CV]  max_features=7, n_estimators=101, score=(train=1.000, test=0.868), total=   1.0s
[Parallel(n_jobs=-1)]: Done 404 tasks      | elapsed:   23.6s
[CV] max_features=8, n_estimators=51 .................................
[Parallel(n_jobs=-1)]: Done 405 tasks      | elapsed:   23.6s
/Users/friedrich/opt/anaconda3/envs/mls_lab/lib/python3.7/site-packages/sklearn/model_selection/_validation.py:531: DataConversionWarning: A column-vector y was passed when a 1d array was expected. Please change the shape of y to (n_samples,), for example using ravel().
  estimator.fit(X_train, y_train, **fit_params)
[CV] max_features=8, n_estimators=51 .................................
/Users/friedrich/opt/anaconda3/envs/mls_lab/lib/python3.7/site-packages/sklearn/model_selection/_validation.py:531: DataConversionWarning: A column-vector y was passed when a 1d array was expected. Please change the shape of y to (n_samples,), for example using ravel().
  estimator.fit(X_train, y_train, **fit_params)
[CV]  max_features=8, n_estimators=41, score=(train=1.000, test=0.854), total=   0.4s
[Parallel(n_jobs=-1)]: Done 406 tasks      | elapsed:   23.7s
[CV] max_features=8, n_estimators=51 .................................
/Users/friedrich/opt/anaconda3/envs/mls_lab/lib/python3.7/site-packages/sklearn/model_selection/_validation.py:531: DataConversionWarning: A column-vector y was passed when a 1d array was expected. Please change the shape of y to (n_samples,), for example using ravel().
  estimator.fit(X_train, y_train, **fit_params)
[CV]  max_features=8, n_estimators=41, score=(train=1.000, test=0.842), total=   0.4s
[Parallel(n_jobs=-1)]: Done 407 tasks      | elapsed:   23.8s
[CV] max_features=8, n_estimators=51 .................................
/Users/friedrich/opt/anaconda3/envs/mls_lab/lib/python3.7/site-packages/sklearn/model_selection/_validation.py:531: DataConversionWarning: A column-vector y was passed when a 1d array was expected. Please change the shape of y to (n_samples,), for example using ravel().
  estimator.fit(X_train, y_train, **fit_params)
[CV]  max_features=8, n_estimators=41, score=(train=1.000, test=0.846), total=   0.4s
[Parallel(n_jobs=-1)]: Done 408 tasks      | elapsed:   24.0s
[CV] max_features=8, n_estimators=61 .................................
[CV]  max_features=8, n_estimators=41, score=(train=1.000, test=0.858), total=   0.4s
[Parallel(n_jobs=-1)]: Done 409 tasks      | elapsed:   24.0s
/Users/friedrich/opt/anaconda3/envs/mls_lab/lib/python3.7/site-packages/sklearn/model_selection/_validation.py:531: DataConversionWarning: A column-vector y was passed when a 1d array was expected. Please change the shape of y to (n_samples,), for example using ravel().
  estimator.fit(X_train, y_train, **fit_params)
[CV]  max_features=8, n_estimators=41, score=(train=1.000, test=0.857), total=   0.4s
[Parallel(n_jobs=-1)]: Done 410 tasks      | elapsed:   24.0s
[CV] max_features=8, n_estimators=61 .................................
[CV] max_features=8, n_estimators=61 .................................
/Users/friedrich/opt/anaconda3/envs/mls_lab/lib/python3.7/site-packages/sklearn/model_selection/_validation.py:531: DataConversionWarning: A column-vector y was passed when a 1d array was expected. Please change the shape of y to (n_samples,), for example using ravel().
  estimator.fit(X_train, y_train, **fit_params)
/Users/friedrich/opt/anaconda3/envs/mls_lab/lib/python3.7/site-packages/sklearn/model_selection/_validation.py:531: DataConversionWarning: A column-vector y was passed when a 1d array was expected. Please change the shape of y to (n_samples,), for example using ravel().
  estimator.fit(X_train, y_train, **fit_params)
[CV]  max_features=8, n_estimators=51, score=(train=1.000, test=0.866), total=   0.5s
[Parallel(n_jobs=-1)]: Done 411 tasks      | elapsed:   24.1s
[CV]  max_features=8, n_estimators=51, score=(train=1.000, test=0.843), total=   0.5s
[Parallel(n_jobs=-1)]: Done 412 tasks      | elapsed:   24.2s
[CV] max_features=8, n_estimators=61 .................................
/Users/friedrich/opt/anaconda3/envs/mls_lab/lib/python3.7/site-packages/sklearn/model_selection/_validation.py:531: DataConversionWarning: A column-vector y was passed when a 1d array was expected. Please change the shape of y to (n_samples,), for example using ravel().
  estimator.fit(X_train, y_train, **fit_params)
[CV] max_features=8, n_estimators=61 .................................
[CV]  max_features=8, n_estimators=51, score=(train=1.000, test=0.854), total=   0.5s
[Parallel(n_jobs=-1)]: Done 413 tasks      | elapsed:   24.2s
[CV] max_features=8, n_estimators=71 .................................
/Users/friedrich/opt/anaconda3/envs/mls_lab/lib/python3.7/site-packages/sklearn/model_selection/_validation.py:531: DataConversionWarning: A column-vector y was passed when a 1d array was expected. Please change the shape of y to (n_samples,), for example using ravel().
  estimator.fit(X_train, y_train, **fit_params)
/Users/friedrich/opt/anaconda3/envs/mls_lab/lib/python3.7/site-packages/sklearn/model_selection/_validation.py:531: DataConversionWarning: A column-vector y was passed when a 1d array was expected. Please change the shape of y to (n_samples,), for example using ravel().
  estimator.fit(X_train, y_train, **fit_params)
[CV]  max_features=8, n_estimators=51, score=(train=1.000, test=0.854), total=   0.5s
[Parallel(n_jobs=-1)]: Done 414 tasks      | elapsed:   24.3s
[CV] max_features=8, n_estimators=71 .................................
/Users/friedrich/opt/anaconda3/envs/mls_lab/lib/python3.7/site-packages/sklearn/model_selection/_validation.py:531: DataConversionWarning: A column-vector y was passed when a 1d array was expected. Please change the shape of y to (n_samples,), for example using ravel().
  estimator.fit(X_train, y_train, **fit_params)
[CV]  max_features=8, n_estimators=51, score=(train=1.000, test=0.873), total=   0.5s
[Parallel(n_jobs=-1)]: Done 415 tasks      | elapsed:   24.4s
[CV] max_features=8, n_estimators=71 .................................
/Users/friedrich/opt/anaconda3/envs/mls_lab/lib/python3.7/site-packages/sklearn/model_selection/_validation.py:531: DataConversionWarning: A column-vector y was passed when a 1d array was expected. Please change the shape of y to (n_samples,), for example using ravel().
  estimator.fit(X_train, y_train, **fit_params)
[CV]  max_features=8, n_estimators=61, score=(train=1.000, test=0.866), total=   0.6s
[Parallel(n_jobs=-1)]: Done 416 tasks      | elapsed:   24.7s
[CV] max_features=8, n_estimators=71 .................................
[CV]  max_features=8, n_estimators=61, score=(train=1.000, test=0.846), total=   0.6s
[Parallel(n_jobs=-1)]: Done 417 tasks      | elapsed:   24.7s
/Users/friedrich/opt/anaconda3/envs/mls_lab/lib/python3.7/site-packages/sklearn/model_selection/_validation.py:531: DataConversionWarning: A column-vector y was passed when a 1d array was expected. Please change the shape of y to (n_samples,), for example using ravel().
  estimator.fit(X_train, y_train, **fit_params)
[CV]  max_features=8, n_estimators=61, score=(train=1.000, test=0.874), total=   0.6s
[Parallel(n_jobs=-1)]: Done 418 tasks      | elapsed:   24.7s
[CV] max_features=8, n_estimators=71 .................................
[CV] max_features=8, n_estimators=81 .................................
/Users/friedrich/opt/anaconda3/envs/mls_lab/lib/python3.7/site-packages/sklearn/model_selection/_validation.py:531: DataConversionWarning: A column-vector y was passed when a 1d array was expected. Please change the shape of y to (n_samples,), for example using ravel().
  estimator.fit(X_train, y_train, **fit_params)
/Users/friedrich/opt/anaconda3/envs/mls_lab/lib/python3.7/site-packages/sklearn/model_selection/_validation.py:531: DataConversionWarning: A column-vector y was passed when a 1d array was expected. Please change the shape of y to (n_samples,), for example using ravel().
  estimator.fit(X_train, y_train, **fit_params)
[CV]  max_features=8, n_estimators=61, score=(train=1.000, test=0.855), total=   0.6s
[Parallel(n_jobs=-1)]: Done 419 tasks      | elapsed:   24.9s
[CV] max_features=8, n_estimators=81 .................................
/Users/friedrich/opt/anaconda3/envs/mls_lab/lib/python3.7/site-packages/sklearn/model_selection/_validation.py:531: DataConversionWarning: A column-vector y was passed when a 1d array was expected. Please change the shape of y to (n_samples,), for example using ravel().
  estimator.fit(X_train, y_train, **fit_params)
[CV]  max_features=8, n_estimators=61, score=(train=1.000, test=0.874), total=   0.7s
[Parallel(n_jobs=-1)]: Done 420 tasks      | elapsed:   24.9s
[CV] max_features=8, n_estimators=81 .................................
/Users/friedrich/opt/anaconda3/envs/mls_lab/lib/python3.7/site-packages/sklearn/model_selection/_validation.py:531: DataConversionWarning: A column-vector y was passed when a 1d array was expected. Please change the shape of y to (n_samples,), for example using ravel().
  estimator.fit(X_train, y_train, **fit_params)
[CV]  max_features=8, n_estimators=71, score=(train=1.000, test=0.867), total=   0.7s
[Parallel(n_jobs=-1)]: Done 421 tasks      | elapsed:   25.0s
[CV] max_features=8, n_estimators=81 .................................
/Users/friedrich/opt/anaconda3/envs/mls_lab/lib/python3.7/site-packages/sklearn/model_selection/_validation.py:531: DataConversionWarning: A column-vector y was passed when a 1d array was expected. Please change the shape of y to (n_samples,), for example using ravel().
  estimator.fit(X_train, y_train, **fit_params)
[CV]  max_features=8, n_estimators=71, score=(train=1.000, test=0.843), total=   0.7s
[Parallel(n_jobs=-1)]: Done 422 tasks      | elapsed:   25.1s
[CV] max_features=8, n_estimators=81 .................................
/Users/friedrich/opt/anaconda3/envs/mls_lab/lib/python3.7/site-packages/sklearn/model_selection/_validation.py:531: DataConversionWarning: A column-vector y was passed when a 1d array was expected. Please change the shape of y to (n_samples,), for example using ravel().
  estimator.fit(X_train, y_train, **fit_params)
[CV]  max_features=8, n_estimators=71, score=(train=1.000, test=0.874), total=   0.7s
[Parallel(n_jobs=-1)]: Done 423 tasks      | elapsed:   25.2s
[CV] max_features=8, n_estimators=91 .................................
/Users/friedrich/opt/anaconda3/envs/mls_lab/lib/python3.7/site-packages/sklearn/model_selection/_validation.py:531: DataConversionWarning: A column-vector y was passed when a 1d array was expected. Please change the shape of y to (n_samples,), for example using ravel().
  estimator.fit(X_train, y_train, **fit_params)
[CV]  max_features=8, n_estimators=71, score=(train=1.000, test=0.879), total=   0.7s
[Parallel(n_jobs=-1)]: Done 424 tasks      | elapsed:   25.5s
[CV]  max_features=8, n_estimators=71, score=(train=1.000, test=0.861), total=   0.7s
[Parallel(n_jobs=-1)]: Done 425 tasks      | elapsed:   25.5s
[CV] max_features=8, n_estimators=91 .................................
/Users/friedrich/opt/anaconda3/envs/mls_lab/lib/python3.7/site-packages/sklearn/model_selection/_validation.py:531: DataConversionWarning: A column-vector y was passed when a 1d array was expected. Please change the shape of y to (n_samples,), for example using ravel().
  estimator.fit(X_train, y_train, **fit_params)
[CV] max_features=8, n_estimators=91 .................................
/Users/friedrich/opt/anaconda3/envs/mls_lab/lib/python3.7/site-packages/sklearn/model_selection/_validation.py:531: DataConversionWarning: A column-vector y was passed when a 1d array was expected. Please change the shape of y to (n_samples,), for example using ravel().
  estimator.fit(X_train, y_train, **fit_params)
[CV]  max_features=8, n_estimators=81, score=(train=1.000, test=0.854), total=   0.8s
[Parallel(n_jobs=-1)]: Done 426 tasks      | elapsed:   25.6s
[CV] max_features=8, n_estimators=91 .................................
/Users/friedrich/opt/anaconda3/envs/mls_lab/lib/python3.7/site-packages/sklearn/model_selection/_validation.py:531: DataConversionWarning: A column-vector y was passed when a 1d array was expected. Please change the shape of y to (n_samples,), for example using ravel().
  estimator.fit(X_train, y_train, **fit_params)
[CV]  max_features=8, n_estimators=81, score=(train=1.000, test=0.855), total=   0.8s
[Parallel(n_jobs=-1)]: Done 427 tasks      | elapsed:   25.7s
[CV] max_features=8, n_estimators=91 .................................
/Users/friedrich/opt/anaconda3/envs/mls_lab/lib/python3.7/site-packages/sklearn/model_selection/_validation.py:531: DataConversionWarning: A column-vector y was passed when a 1d array was expected. Please change the shape of y to (n_samples,), for example using ravel().
  estimator.fit(X_train, y_train, **fit_params)
[CV]  max_features=8, n_estimators=81, score=(train=1.000, test=0.858), total=   0.8s
[Parallel(n_jobs=-1)]: Done 428 tasks      | elapsed:   25.8s
[CV] max_features=8, n_estimators=101 ................................
/Users/friedrich/opt/anaconda3/envs/mls_lab/lib/python3.7/site-packages/sklearn/model_selection/_validation.py:531: DataConversionWarning: A column-vector y was passed when a 1d array was expected. Please change the shape of y to (n_samples,), for example using ravel().
  estimator.fit(X_train, y_train, **fit_params)
[CV]  max_features=8, n_estimators=81, score=(train=1.000, test=0.848), total=   0.8s
[Parallel(n_jobs=-1)]: Done 429 tasks      | elapsed:   25.9s
[CV] max_features=8, n_estimators=101 ................................
/Users/friedrich/opt/anaconda3/envs/mls_lab/lib/python3.7/site-packages/sklearn/model_selection/_validation.py:531: DataConversionWarning: A column-vector y was passed when a 1d array was expected. Please change the shape of y to (n_samples,), for example using ravel().
  estimator.fit(X_train, y_train, **fit_params)
[CV]  max_features=8, n_estimators=81, score=(train=1.000, test=0.871), total=   0.8s
[Parallel(n_jobs=-1)]: Done 430 tasks      | elapsed:   26.0s
[CV] max_features=8, n_estimators=101 ................................
/Users/friedrich/opt/anaconda3/envs/mls_lab/lib/python3.7/site-packages/sklearn/model_selection/_validation.py:531: DataConversionWarning: A column-vector y was passed when a 1d array was expected. Please change the shape of y to (n_samples,), for example using ravel().
  estimator.fit(X_train, y_train, **fit_params)
[CV]  max_features=8, n_estimators=91, score=(train=1.000, test=0.860), total=   0.9s
[Parallel(n_jobs=-1)]: Done 431 tasks      | elapsed:   26.2s
[CV] max_features=8, n_estimators=101 ................................
/Users/friedrich/opt/anaconda3/envs/mls_lab/lib/python3.7/site-packages/sklearn/model_selection/_validation.py:531: DataConversionWarning: A column-vector y was passed when a 1d array was expected. Please change the shape of y to (n_samples,), for example using ravel().
  estimator.fit(X_train, y_train, **fit_params)
[CV]  max_features=8, n_estimators=91, score=(train=1.000, test=0.860), total=   0.9s
[Parallel(n_jobs=-1)]: Done 432 tasks      | elapsed:   26.4s
[CV]  max_features=8, n_estimators=91, score=(train=1.000, test=0.869), total=   0.9s
[Parallel(n_jobs=-1)]: Done 433 tasks      | elapsed:   26.5s
[CV] max_features=8, n_estimators=101 ................................
[CV] max_features=9, n_estimators=1 ..................................
/Users/friedrich/opt/anaconda3/envs/mls_lab/lib/python3.7/site-packages/sklearn/model_selection/_validation.py:531: DataConversionWarning: A column-vector y was passed when a 1d array was expected. Please change the shape of y to (n_samples,), for example using ravel().
  estimator.fit(X_train, y_train, **fit_params)
/Users/friedrich/opt/anaconda3/envs/mls_lab/lib/python3.7/site-packages/sklearn/model_selection/_validation.py:531: DataConversionWarning: A column-vector y was passed when a 1d array was expected. Please change the shape of y to (n_samples,), for example using ravel().
  estimator.fit(X_train, y_train, **fit_params)
[CV]  max_features=9, n_estimators=1, score=(train=0.911, test=0.773), total=   0.0s
[Parallel(n_jobs=-1)]: Done 434 tasks      | elapsed:   26.5s
[CV] max_features=9, n_estimators=1 ..................................
/Users/friedrich/opt/anaconda3/envs/mls_lab/lib/python3.7/site-packages/sklearn/model_selection/_validation.py:531: DataConversionWarning: A column-vector y was passed when a 1d array was expected. Please change the shape of y to (n_samples,), for example using ravel().
  estimator.fit(X_train, y_train, **fit_params)
[CV]  max_features=9, n_estimators=1, score=(train=0.906, test=0.736), total=   0.0s
[Parallel(n_jobs=-1)]: Done 435 tasks      | elapsed:   26.5s
[CV] max_features=9, n_estimators=1 ..................................
/Users/friedrich/opt/anaconda3/envs/mls_lab/lib/python3.7/site-packages/sklearn/model_selection/_validation.py:531: DataConversionWarning: A column-vector y was passed when a 1d array was expected. Please change the shape of y to (n_samples,), for example using ravel().
  estimator.fit(X_train, y_train, **fit_params)
[CV]  max_features=9, n_estimators=1, score=(train=0.913, test=0.753), total=   0.0s
[Parallel(n_jobs=-1)]: Done 436 tasks      | elapsed:   26.6s
[CV] max_features=9, n_estimators=1 ..................................
/Users/friedrich/opt/anaconda3/envs/mls_lab/lib/python3.7/site-packages/sklearn/model_selection/_validation.py:531: DataConversionWarning: A column-vector y was passed when a 1d array was expected. Please change the shape of y to (n_samples,), for example using ravel().
  estimator.fit(X_train, y_train, **fit_params)
[CV]  max_features=9, n_estimators=1, score=(train=0.909, test=0.738), total=   0.0s
[Parallel(n_jobs=-1)]: Done 437 tasks      | elapsed:   26.6s
[CV] max_features=9, n_estimators=1 ..................................
/Users/friedrich/opt/anaconda3/envs/mls_lab/lib/python3.7/site-packages/sklearn/model_selection/_validation.py:531: DataConversionWarning: A column-vector y was passed when a 1d array was expected. Please change the shape of y to (n_samples,), for example using ravel().
  estimator.fit(X_train, y_train, **fit_params)
[CV]  max_features=8, n_estimators=91, score=(train=1.000, test=0.870), total=   0.9s
[Parallel(n_jobs=-1)]: Done 438 tasks      | elapsed:   26.6s
[CV] max_features=9, n_estimators=11 .................................
[CV]  max_features=9, n_estimators=1, score=(train=0.917, test=0.754), total=   0.0s
[Parallel(n_jobs=-1)]: Done 439 tasks      | elapsed:   26.6s
[CV] max_features=9, n_estimators=11 .................................
/Users/friedrich/opt/anaconda3/envs/mls_lab/lib/python3.7/site-packages/sklearn/model_selection/_validation.py:531: DataConversionWarning: A column-vector y was passed when a 1d array was expected. Please change the shape of y to (n_samples,), for example using ravel().
  estimator.fit(X_train, y_train, **fit_params)
/Users/friedrich/opt/anaconda3/envs/mls_lab/lib/python3.7/site-packages/sklearn/model_selection/_validation.py:531: DataConversionWarning: A column-vector y was passed when a 1d array was expected. Please change the shape of y to (n_samples,), for example using ravel().
  estimator.fit(X_train, y_train, **fit_params)
[CV]  max_features=8, n_estimators=91, score=(train=1.000, test=0.868), total=   0.9s
[Parallel(n_jobs=-1)]: Done 440 tasks      | elapsed:   26.7s
[CV] max_features=9, n_estimators=11 .................................
/Users/friedrich/opt/anaconda3/envs/mls_lab/lib/python3.7/site-packages/sklearn/model_selection/_validation.py:531: DataConversionWarning: A column-vector y was passed when a 1d array was expected. Please change the shape of y to (n_samples,), for example using ravel().
  estimator.fit(X_train, y_train, **fit_params)
[CV]  max_features=9, n_estimators=11, score=(train=0.994, test=0.869), total=   0.1s
[Parallel(n_jobs=-1)]: Done 441 tasks      | elapsed:   26.7s
[CV]  max_features=9, n_estimators=11, score=(train=0.997, test=0.820), total=   0.1s
[Parallel(n_jobs=-1)]: Done 442 tasks      | elapsed:   26.8s
[CV] max_features=9, n_estimators=11 .................................
/Users/friedrich/opt/anaconda3/envs/mls_lab/lib/python3.7/site-packages/sklearn/model_selection/_validation.py:531: DataConversionWarning: A column-vector y was passed when a 1d array was expected. Please change the shape of y to (n_samples,), for example using ravel().
  estimator.fit(X_train, y_train, **fit_params)
[CV] max_features=9, n_estimators=11 .................................
/Users/friedrich/opt/anaconda3/envs/mls_lab/lib/python3.7/site-packages/sklearn/model_selection/_validation.py:531: DataConversionWarning: A column-vector y was passed when a 1d array was expected. Please change the shape of y to (n_samples,), for example using ravel().
  estimator.fit(X_train, y_train, **fit_params)
[CV]  max_features=9, n_estimators=11, score=(train=0.996, test=0.821), total=   0.1s
[Parallel(n_jobs=-1)]: Done 443 tasks      | elapsed:   26.9s
[CV]  max_features=8, n_estimators=101, score=(train=1.000, test=0.863), total=   1.0s
[Parallel(n_jobs=-1)]: Done 444 tasks      | elapsed:   26.9s
[CV]  max_features=9, n_estimators=11, score=(train=0.995, test=0.846), total=   0.1s
[Parallel(n_jobs=-1)]: Done 445 tasks      | elapsed:   26.9s
[CV] max_features=9, n_estimators=21 .................................
[CV] max_features=9, n_estimators=21 .................................
/Users/friedrich/opt/anaconda3/envs/mls_lab/lib/python3.7/site-packages/sklearn/model_selection/_validation.py:531: DataConversionWarning: A column-vector y was passed when a 1d array was expected. Please change the shape of y to (n_samples,), for example using ravel().
  estimator.fit(X_train, y_train, **fit_params)
/Users/friedrich/opt/anaconda3/envs/mls_lab/lib/python3.7/site-packages/sklearn/model_selection/_validation.py:531: DataConversionWarning: A column-vector y was passed when a 1d array was expected. Please change the shape of y to (n_samples,), for example using ravel().
  estimator.fit(X_train, y_train, **fit_params)
[CV] max_features=9, n_estimators=21 .................................
[CV]  max_features=9, n_estimators=11, score=(train=0.996, test=0.857), total=   0.1s
[Parallel(n_jobs=-1)]: Done 446 tasks      | elapsed:   26.9s
/Users/friedrich/opt/anaconda3/envs/mls_lab/lib/python3.7/site-packages/sklearn/model_selection/_validation.py:531: DataConversionWarning: A column-vector y was passed when a 1d array was expected. Please change the shape of y to (n_samples,), for example using ravel().
  estimator.fit(X_train, y_train, **fit_params)
[CV] max_features=9, n_estimators=21 .................................
/Users/friedrich/opt/anaconda3/envs/mls_lab/lib/python3.7/site-packages/sklearn/model_selection/_validation.py:531: DataConversionWarning: A column-vector y was passed when a 1d array was expected. Please change the shape of y to (n_samples,), for example using ravel().
  estimator.fit(X_train, y_train, **fit_params)
[CV]  max_features=8, n_estimators=101, score=(train=1.000, test=0.855), total=   1.0s
[Parallel(n_jobs=-1)]: Done 447 tasks      | elapsed:   27.0s
[CV] max_features=9, n_estimators=21 .................................
/Users/friedrich/opt/anaconda3/envs/mls_lab/lib/python3.7/site-packages/sklearn/model_selection/_validation.py:531: DataConversionWarning: A column-vector y was passed when a 1d array was expected. Please change the shape of y to (n_samples,), for example using ravel().
  estimator.fit(X_train, y_train, **fit_params)
[CV]  max_features=8, n_estimators=101, score=(train=1.000, test=0.867), total=   1.0s
[Parallel(n_jobs=-1)]: Done 448 tasks      | elapsed:   27.1s
[CV] max_features=9, n_estimators=31 .................................
[CV]  max_features=9, n_estimators=21, score=(train=0.999, test=0.864), total=   0.2s
[CV]  max_features=9, n_estimators=21, score=(train=0.999, test=0.838), total=   0.2s
[Parallel(n_jobs=-1)]: Done 449 tasks      | elapsed:   27.2s
/Users/friedrich/opt/anaconda3/envs/mls_lab/lib/python3.7/site-packages/sklearn/model_selection/_validation.py:531: DataConversionWarning: A column-vector y was passed when a 1d array was expected. Please change the shape of y to (n_samples,), for example using ravel().
  estimator.fit(X_train, y_train, **fit_params)
[CV] max_features=9, n_estimators=31 .................................
[Parallel(n_jobs=-1)]: Done 450 tasks      | elapsed:   27.2s
[CV] max_features=9, n_estimators=31 .................................
/Users/friedrich/opt/anaconda3/envs/mls_lab/lib/python3.7/site-packages/sklearn/model_selection/_validation.py:531: DataConversionWarning: A column-vector y was passed when a 1d array was expected. Please change the shape of y to (n_samples,), for example using ravel().
  estimator.fit(X_train, y_train, **fit_params)
[CV]  max_features=9, n_estimators=21, score=(train=0.999, test=0.861), total=   0.2s
/Users/friedrich/opt/anaconda3/envs/mls_lab/lib/python3.7/site-packages/sklearn/model_selection/_validation.py:531: DataConversionWarning: A column-vector y was passed when a 1d array was expected. Please change the shape of y to (n_samples,), for example using ravel().
  estimator.fit(X_train, y_train, **fit_params)
[Parallel(n_jobs=-1)]: Done 451 tasks      | elapsed:   27.2s
[CV]  max_features=9, n_estimators=21, score=(train=0.999, test=0.852), total=   0.2s
[Parallel(n_jobs=-1)]: Done 452 tasks      | elapsed:   27.2s
[CV] max_features=9, n_estimators=31 .................................
[CV] max_features=9, n_estimators=31 .................................
/Users/friedrich/opt/anaconda3/envs/mls_lab/lib/python3.7/site-packages/sklearn/model_selection/_validation.py:531: DataConversionWarning: A column-vector y was passed when a 1d array was expected. Please change the shape of y to (n_samples,), for example using ravel().
  estimator.fit(X_train, y_train, **fit_params)
/Users/friedrich/opt/anaconda3/envs/mls_lab/lib/python3.7/site-packages/sklearn/model_selection/_validation.py:531: DataConversionWarning: A column-vector y was passed when a 1d array was expected. Please change the shape of y to (n_samples,), for example using ravel().
  estimator.fit(X_train, y_train, **fit_params)
[CV]  max_features=9, n_estimators=21, score=(train=0.999, test=0.861), total=   0.2s
[Parallel(n_jobs=-1)]: Done 453 tasks      | elapsed:   27.3s
[CV]  max_features=8, n_estimators=101, score=(train=1.000, test=0.854), total=   1.0s
[CV] max_features=9, n_estimators=41 .................................
[Parallel(n_jobs=-1)]: Done 454 tasks      | elapsed:   27.3s
/Users/friedrich/opt/anaconda3/envs/mls_lab/lib/python3.7/site-packages/sklearn/model_selection/_validation.py:531: DataConversionWarning: A column-vector y was passed when a 1d array was expected. Please change the shape of y to (n_samples,), for example using ravel().
  estimator.fit(X_train, y_train, **fit_params)
[CV] max_features=9, n_estimators=41 .................................
/Users/friedrich/opt/anaconda3/envs/mls_lab/lib/python3.7/site-packages/sklearn/model_selection/_validation.py:531: DataConversionWarning: A column-vector y was passed when a 1d array was expected. Please change the shape of y to (n_samples,), for example using ravel().
  estimator.fit(X_train, y_train, **fit_params)
[CV]  max_features=9, n_estimators=31, score=(train=0.999, test=0.866), total=   0.3s
[Parallel(n_jobs=-1)]: Done 455 tasks      | elapsed:   27.5s
[CV] max_features=9, n_estimators=41 .................................
[CV]  max_features=9, n_estimators=31, score=(train=0.999, test=0.846), total=   0.3s
[Parallel(n_jobs=-1)]: Done 456 tasks      | elapsed:   27.5s
/Users/friedrich/opt/anaconda3/envs/mls_lab/lib/python3.7/site-packages/sklearn/model_selection/_validation.py:531: DataConversionWarning: A column-vector y was passed when a 1d array was expected. Please change the shape of y to (n_samples,), for example using ravel().
  estimator.fit(X_train, y_train, **fit_params)
[CV]  max_features=9, n_estimators=31, score=(train=1.000, test=0.863), total=   0.3s
[Parallel(n_jobs=-1)]: Done 457 tasks      | elapsed:   27.5s
[CV]  max_features=9, n_estimators=31, score=(train=1.000, test=0.845), total=   0.3s
[CV] max_features=9, n_estimators=41 .................................
[Parallel(n_jobs=-1)]: Done 458 tasks      | elapsed:   27.5s
[CV] max_features=9, n_estimators=41 .................................
/Users/friedrich/opt/anaconda3/envs/mls_lab/lib/python3.7/site-packages/sklearn/model_selection/_validation.py:531: DataConversionWarning: A column-vector y was passed when a 1d array was expected. Please change the shape of y to (n_samples,), for example using ravel().
  estimator.fit(X_train, y_train, **fit_params)
/Users/friedrich/opt/anaconda3/envs/mls_lab/lib/python3.7/site-packages/sklearn/model_selection/_validation.py:531: DataConversionWarning: A column-vector y was passed when a 1d array was expected. Please change the shape of y to (n_samples,), for example using ravel().
  estimator.fit(X_train, y_train, **fit_params)
[CV]  max_features=9, n_estimators=31, score=(train=1.000, test=0.873), total=   0.3s
[Parallel(n_jobs=-1)]: Done 459 tasks      | elapsed:   27.6s
[CV] max_features=9, n_estimators=51 .................................
[CV] max_features=9, n_estimators=51 .................................
/Users/friedrich/opt/anaconda3/envs/mls_lab/lib/python3.7/site-packages/sklearn/model_selection/_validation.py:531: DataConversionWarning: A column-vector y was passed when a 1d array was expected. Please change the shape of y to (n_samples,), for example using ravel().
  estimator.fit(X_train, y_train, **fit_params)
/Users/friedrich/opt/anaconda3/envs/mls_lab/lib/python3.7/site-packages/sklearn/model_selection/_validation.py:531: DataConversionWarning: A column-vector y was passed when a 1d array was expected. Please change the shape of y to (n_samples,), for example using ravel().
  estimator.fit(X_train, y_train, **fit_params)
[CV]  max_features=8, n_estimators=101, score=(train=1.000, test=0.879), total=   1.1s
[Parallel(n_jobs=-1)]: Done 460 tasks      | elapsed:   27.6s
[CV] max_features=9, n_estimators=51 .................................
/Users/friedrich/opt/anaconda3/envs/mls_lab/lib/python3.7/site-packages/sklearn/model_selection/_validation.py:531: DataConversionWarning: A column-vector y was passed when a 1d array was expected. Please change the shape of y to (n_samples,), for example using ravel().
  estimator.fit(X_train, y_train, **fit_params)
[CV]  max_features=9, n_estimators=41, score=(train=1.000, test=0.857), total=   0.4s
[Parallel(n_jobs=-1)]: Done 461 tasks      | elapsed:   27.8s
[CV] max_features=9, n_estimators=51 .................................
/Users/friedrich/opt/anaconda3/envs/mls_lab/lib/python3.7/site-packages/sklearn/model_selection/_validation.py:531: DataConversionWarning: A column-vector y was passed when a 1d array was expected. Please change the shape of y to (n_samples,), for example using ravel().
  estimator.fit(X_train, y_train, **fit_params)
[CV]  max_features=9, n_estimators=41, score=(train=1.000, test=0.855), total=   0.4s
[Parallel(n_jobs=-1)]: Done 462 tasks      | elapsed:   27.8s
[CV] max_features=9, n_estimators=51 .................................
/Users/friedrich/opt/anaconda3/envs/mls_lab/lib/python3.7/site-packages/sklearn/model_selection/_validation.py:531: DataConversionWarning: A column-vector y was passed when a 1d array was expected. Please change the shape of y to (n_samples,), for example using ravel().
  estimator.fit(X_train, y_train, **fit_params)
[CV]  max_features=9, n_estimators=41, score=(train=1.000, test=0.867), total=   0.5s
[Parallel(n_jobs=-1)]: Done 463 tasks      | elapsed:   28.0s
[CV] max_features=9, n_estimators=61 .................................
[CV]  max_features=9, n_estimators=41, score=(train=1.000, test=0.839), total=   0.5s
/Users/friedrich/opt/anaconda3/envs/mls_lab/lib/python3.7/site-packages/sklearn/model_selection/_validation.py:531: DataConversionWarning: A column-vector y was passed when a 1d array was expected. Please change the shape of y to (n_samples,), for example using ravel().
  estimator.fit(X_train, y_train, **fit_params)
[Parallel(n_jobs=-1)]: Done 464 tasks      | elapsed:   28.0s
[CV]  max_features=9, n_estimators=41, score=(train=1.000, test=0.867), total=   0.5s
[Parallel(n_jobs=-1)]: Done 465 tasks      | elapsed:   28.0s
[CV] max_features=9, n_estimators=61 .................................
/Users/friedrich/opt/anaconda3/envs/mls_lab/lib/python3.7/site-packages/sklearn/model_selection/_validation.py:531: DataConversionWarning: A column-vector y was passed when a 1d array was expected. Please change the shape of y to (n_samples,), for example using ravel().
  estimator.fit(X_train, y_train, **fit_params)
[CV] max_features=9, n_estimators=61 .................................
/Users/friedrich/opt/anaconda3/envs/mls_lab/lib/python3.7/site-packages/sklearn/model_selection/_validation.py:531: DataConversionWarning: A column-vector y was passed when a 1d array was expected. Please change the shape of y to (n_samples,), for example using ravel().
  estimator.fit(X_train, y_train, **fit_params)
[CV]  max_features=9, n_estimators=51, score=(train=1.000, test=0.874), total=   0.6s
[Parallel(n_jobs=-1)]: Done 466 tasks      | elapsed:   28.2s
[CV]  max_features=9, n_estimators=51, score=(train=1.000, test=0.860), total=   0.6s
[Parallel(n_jobs=-1)]: Done 467 tasks      | elapsed:   28.2s
[CV] max_features=9, n_estimators=61 .................................
/Users/friedrich/opt/anaconda3/envs/mls_lab/lib/python3.7/site-packages/sklearn/model_selection/_validation.py:531: DataConversionWarning: A column-vector y was passed when a 1d array was expected. Please change the shape of y to (n_samples,), for example using ravel().
  estimator.fit(X_train, y_train, **fit_params)
[CV] max_features=9, n_estimators=61 .................................
/Users/friedrich/opt/anaconda3/envs/mls_lab/lib/python3.7/site-packages/sklearn/model_selection/_validation.py:531: DataConversionWarning: A column-vector y was passed when a 1d array was expected. Please change the shape of y to (n_samples,), for example using ravel().
  estimator.fit(X_train, y_train, **fit_params)
[CV]  max_features=9, n_estimators=51, score=(train=1.000, test=0.867), total=   0.6s
[Parallel(n_jobs=-1)]: Done 468 tasks      | elapsed:   28.2s
[CV] max_features=9, n_estimators=71 .................................
/Users/friedrich/opt/anaconda3/envs/mls_lab/lib/python3.7/site-packages/sklearn/model_selection/_validation.py:531: DataConversionWarning: A column-vector y was passed when a 1d array was expected. Please change the shape of y to (n_samples,), for example using ravel().
  estimator.fit(X_train, y_train, **fit_params)
[CV]  max_features=9, n_estimators=51, score=(train=1.000, test=0.843), total=   0.6s
[Parallel(n_jobs=-1)]: Done 469 tasks      | elapsed:   28.4s
[CV] max_features=9, n_estimators=71 .................................
/Users/friedrich/opt/anaconda3/envs/mls_lab/lib/python3.7/site-packages/sklearn/model_selection/_validation.py:531: DataConversionWarning: A column-vector y was passed when a 1d array was expected. Please change the shape of y to (n_samples,), for example using ravel().
  estimator.fit(X_train, y_train, **fit_params)
[CV]  max_features=9, n_estimators=51, score=(train=1.000, test=0.864), total=   0.6s
[Parallel(n_jobs=-1)]: Done 470 tasks      | elapsed:   28.4s
[CV] max_features=9, n_estimators=71 .................................
/Users/friedrich/opt/anaconda3/envs/mls_lab/lib/python3.7/site-packages/sklearn/model_selection/_validation.py:531: DataConversionWarning: A column-vector y was passed when a 1d array was expected. Please change the shape of y to (n_samples,), for example using ravel().
  estimator.fit(X_train, y_train, **fit_params)
[CV]  max_features=9, n_estimators=61, score=(train=1.000, test=0.873), total=   0.7s
[Parallel(n_jobs=-1)]: Done 471 tasks      | elapsed:   28.7s
[CV]  max_features=9, n_estimators=61, score=(train=1.000, test=0.849), total=   0.7s
[Parallel(n_jobs=-1)]: Done 472 tasks      | elapsed:   28.8s
[CV] max_features=9, n_estimators=71 .................................
[CV] max_features=9, n_estimators=71 .................................
/Users/friedrich/opt/anaconda3/envs/mls_lab/lib/python3.7/site-packages/sklearn/model_selection/_validation.py:531: DataConversionWarning: A column-vector y was passed when a 1d array was expected. Please change the shape of y to (n_samples,), for example using ravel().
  estimator.fit(X_train, y_train, **fit_params)
/Users/friedrich/opt/anaconda3/envs/mls_lab/lib/python3.7/site-packages/sklearn/model_selection/_validation.py:531: DataConversionWarning: A column-vector y was passed when a 1d array was expected. Please change the shape of y to (n_samples,), for example using ravel().
  estimator.fit(X_train, y_train, **fit_params)
[CV]  max_features=9, n_estimators=61, score=(train=1.000, test=0.854), total=   0.7s
[Parallel(n_jobs=-1)]: Done 473 tasks      | elapsed:   28.8s
[CV] max_features=9, n_estimators=81 .................................
/Users/friedrich/opt/anaconda3/envs/mls_lab/lib/python3.7/site-packages/sklearn/model_selection/_validation.py:531: DataConversionWarning: A column-vector y was passed when a 1d array was expected. Please change the shape of y to (n_samples,), for example using ravel().
  estimator.fit(X_train, y_train, **fit_params)
[CV]  max_features=9, n_estimators=61, score=(train=1.000, test=0.848), total=   0.7s
[Parallel(n_jobs=-1)]: Done 474 tasks      | elapsed:   28.9s
[CV]  max_features=9, n_estimators=61, score=(train=1.000, test=0.874), total=   0.7s
[Parallel(n_jobs=-1)]: Done 475 tasks      | elapsed:   28.9s
[CV] max_features=9, n_estimators=81 .................................
[CV] max_features=9, n_estimators=81 .................................
/Users/friedrich/opt/anaconda3/envs/mls_lab/lib/python3.7/site-packages/sklearn/model_selection/_validation.py:531: DataConversionWarning: A column-vector y was passed when a 1d array was expected. Please change the shape of y to (n_samples,), for example using ravel().
  estimator.fit(X_train, y_train, **fit_params)
/Users/friedrich/opt/anaconda3/envs/mls_lab/lib/python3.7/site-packages/sklearn/model_selection/_validation.py:531: DataConversionWarning: A column-vector y was passed when a 1d array was expected. Please change the shape of y to (n_samples,), for example using ravel().
  estimator.fit(X_train, y_train, **fit_params)
[CV]  max_features=9, n_estimators=71, score=(train=1.000, test=0.858), total=   0.8s
[Parallel(n_jobs=-1)]: Done 476 tasks      | elapsed:   29.1s
[CV] max_features=9, n_estimators=81 .................................
/Users/friedrich/opt/anaconda3/envs/mls_lab/lib/python3.7/site-packages/sklearn/model_selection/_validation.py:531: DataConversionWarning: A column-vector y was passed when a 1d array was expected. Please change the shape of y to (n_samples,), for example using ravel().
  estimator.fit(X_train, y_train, **fit_params)
[CV]  max_features=9, n_estimators=71, score=(train=1.000, test=0.846), total=   0.8s
[Parallel(n_jobs=-1)]: Done 477 tasks      | elapsed:   29.2s
[CV] max_features=9, n_estimators=81 .................................
/Users/friedrich/opt/anaconda3/envs/mls_lab/lib/python3.7/site-packages/sklearn/model_selection/_validation.py:531: DataConversionWarning: A column-vector y was passed when a 1d array was expected. Please change the shape of y to (n_samples,), for example using ravel().
  estimator.fit(X_train, y_train, **fit_params)
[CV]  max_features=9, n_estimators=71, score=(train=1.000, test=0.863), total=   0.8s
[Parallel(n_jobs=-1)]: Done 478 tasks      | elapsed:   29.3s
[CV] max_features=9, n_estimators=91 .................................
/Users/friedrich/opt/anaconda3/envs/mls_lab/lib/python3.7/site-packages/sklearn/model_selection/_validation.py:531: DataConversionWarning: A column-vector y was passed when a 1d array was expected. Please change the shape of y to (n_samples,), for example using ravel().
  estimator.fit(X_train, y_train, **fit_params)
[CV]  max_features=9, n_estimators=71, score=(train=1.000, test=0.858), total=   0.8s
[Parallel(n_jobs=-1)]: Done 479 tasks      | elapsed:   29.6s
[CV] max_features=9, n_estimators=91 .................................
[CV]  max_features=9, n_estimators=71, score=(train=1.000, test=0.867), total=   0.8s
[Parallel(n_jobs=-1)]: Done 480 tasks      | elapsed:   29.6s
/Users/friedrich/opt/anaconda3/envs/mls_lab/lib/python3.7/site-packages/sklearn/model_selection/_validation.py:531: DataConversionWarning: A column-vector y was passed when a 1d array was expected. Please change the shape of y to (n_samples,), for example using ravel().
  estimator.fit(X_train, y_train, **fit_params)
[CV] max_features=9, n_estimators=91 .................................
/Users/friedrich/opt/anaconda3/envs/mls_lab/lib/python3.7/site-packages/sklearn/model_selection/_validation.py:531: DataConversionWarning: A column-vector y was passed when a 1d array was expected. Please change the shape of y to (n_samples,), for example using ravel().
  estimator.fit(X_train, y_train, **fit_params)
[CV]  max_features=9, n_estimators=81, score=(train=1.000, test=0.858), total=   0.9s
[Parallel(n_jobs=-1)]: Done 481 tasks      | elapsed:   29.8s
[CV] max_features=9, n_estimators=91 .................................
/Users/friedrich/opt/anaconda3/envs/mls_lab/lib/python3.7/site-packages/sklearn/model_selection/_validation.py:531: DataConversionWarning: A column-vector y was passed when a 1d array was expected. Please change the shape of y to (n_samples,), for example using ravel().
  estimator.fit(X_train, y_train, **fit_params)
[CV]  max_features=9, n_estimators=81, score=(train=1.000, test=0.863), total=   0.9s
[Parallel(n_jobs=-1)]: Done 482 tasks      | elapsed:   29.9s
[CV] max_features=9, n_estimators=91 .................................
/Users/friedrich/opt/anaconda3/envs/mls_lab/lib/python3.7/site-packages/sklearn/model_selection/_validation.py:531: DataConversionWarning: A column-vector y was passed when a 1d array was expected. Please change the shape of y to (n_samples,), for example using ravel().
  estimator.fit(X_train, y_train, **fit_params)
[CV]  max_features=9, n_estimators=81, score=(train=1.000, test=0.866), total=   1.0s
[Parallel(n_jobs=-1)]: Done 483 tasks      | elapsed:   29.9s
[CV] max_features=9, n_estimators=101 ................................
/Users/friedrich/opt/anaconda3/envs/mls_lab/lib/python3.7/site-packages/sklearn/model_selection/_validation.py:531: DataConversionWarning: A column-vector y was passed when a 1d array was expected. Please change the shape of y to (n_samples,), for example using ravel().
  estimator.fit(X_train, y_train, **fit_params)
[CV]  max_features=9, n_estimators=81, score=(train=1.000, test=0.861), total=   0.9s
[Parallel(n_jobs=-1)]: Done 484 tasks      | elapsed:   30.1s
[CV] max_features=9, n_estimators=101 ................................
/Users/friedrich/opt/anaconda3/envs/mls_lab/lib/python3.7/site-packages/sklearn/model_selection/_validation.py:531: DataConversionWarning: A column-vector y was passed when a 1d array was expected. Please change the shape of y to (n_samples,), for example using ravel().
  estimator.fit(X_train, y_train, **fit_params)
[CV]  max_features=9, n_estimators=81, score=(train=1.000, test=0.871), total=   0.9s
[Parallel(n_jobs=-1)]: Done 485 tasks      | elapsed:   30.2s
[CV] max_features=9, n_estimators=101 ................................
/Users/friedrich/opt/anaconda3/envs/mls_lab/lib/python3.7/site-packages/sklearn/model_selection/_validation.py:531: DataConversionWarning: A column-vector y was passed when a 1d array was expected. Please change the shape of y to (n_samples,), for example using ravel().
  estimator.fit(X_train, y_train, **fit_params)
[CV]  max_features=9, n_estimators=91, score=(train=1.000, test=0.863), total=   1.0s
[Parallel(n_jobs=-1)]: Done 486 tasks      | elapsed:   30.4s
[CV] max_features=9, n_estimators=101 ................................
/Users/friedrich/opt/anaconda3/envs/mls_lab/lib/python3.7/site-packages/sklearn/model_selection/_validation.py:531: DataConversionWarning: A column-vector y was passed when a 1d array was expected. Please change the shape of y to (n_samples,), for example using ravel().
  estimator.fit(X_train, y_train, **fit_params)
[CV]  max_features=9, n_estimators=91, score=(train=1.000, test=0.846), total=   1.0s
[Parallel(n_jobs=-1)]: Done 487 tasks      | elapsed:   30.7s
[CV]  max_features=9, n_estimators=91, score=(train=1.000, test=0.866), total=   1.0s
[Parallel(n_jobs=-1)]: Done 488 tasks      | elapsed:   30.7s
[CV] max_features=9, n_estimators=101 ................................
[CV] max_features=10, n_estimators=1 .................................
/Users/friedrich/opt/anaconda3/envs/mls_lab/lib/python3.7/site-packages/sklearn/model_selection/_validation.py:531: DataConversionWarning: A column-vector y was passed when a 1d array was expected. Please change the shape of y to (n_samples,), for example using ravel().
  estimator.fit(X_train, y_train, **fit_params)
/Users/friedrich/opt/anaconda3/envs/mls_lab/lib/python3.7/site-packages/sklearn/model_selection/_validation.py:531: DataConversionWarning: A column-vector y was passed when a 1d array was expected. Please change the shape of y to (n_samples,), for example using ravel().
  estimator.fit(X_train, y_train, **fit_params)
[CV]  max_features=10, n_estimators=1, score=(train=0.913, test=0.759), total=   0.0s
[Parallel(n_jobs=-1)]: Done 489 tasks      | elapsed:   30.8s
[CV] max_features=10, n_estimators=1 .................................
/Users/friedrich/opt/anaconda3/envs/mls_lab/lib/python3.7/site-packages/sklearn/model_selection/_validation.py:531: DataConversionWarning: A column-vector y was passed when a 1d array was expected. Please change the shape of y to (n_samples,), for example using ravel().
  estimator.fit(X_train, y_train, **fit_params)
[CV]  max_features=10, n_estimators=1, score=(train=0.912, test=0.743), total=   0.0s
[Parallel(n_jobs=-1)]: Done 490 tasks      | elapsed:   30.8s
[CV] max_features=10, n_estimators=1 .................................
/Users/friedrich/opt/anaconda3/envs/mls_lab/lib/python3.7/site-packages/sklearn/model_selection/_validation.py:531: DataConversionWarning: A column-vector y was passed when a 1d array was expected. Please change the shape of y to (n_samples,), for example using ravel().
  estimator.fit(X_train, y_train, **fit_params)
[CV]  max_features=10, n_estimators=1, score=(train=0.918, test=0.759), total=   0.0s
[Parallel(n_jobs=-1)]: Done 491 tasks      | elapsed:   30.8s
[CV] max_features=10, n_estimators=1 .................................
/Users/friedrich/opt/anaconda3/envs/mls_lab/lib/python3.7/site-packages/sklearn/model_selection/_validation.py:531: DataConversionWarning: A column-vector y was passed when a 1d array was expected. Please change the shape of y to (n_samples,), for example using ravel().
  estimator.fit(X_train, y_train, **fit_params)
[CV]  max_features=10, n_estimators=1, score=(train=0.912, test=0.763), total=   0.0s
[Parallel(n_jobs=-1)]: Done 492 tasks      | elapsed:   30.9s
[CV] max_features=10, n_estimators=1 .................................
[CV]  max_features=9, n_estimators=91, score=(train=1.000, test=0.855), total=   1.0s
[Parallel(n_jobs=-1)]: Done 493 tasks      | elapsed:   30.9s
/Users/friedrich/opt/anaconda3/envs/mls_lab/lib/python3.7/site-packages/sklearn/model_selection/_validation.py:531: DataConversionWarning: A column-vector y was passed when a 1d array was expected. Please change the shape of y to (n_samples,), for example using ravel().
  estimator.fit(X_train, y_train, **fit_params)
[CV] max_features=10, n_estimators=11 ................................
[CV]  max_features=10, n_estimators=1, score=(train=0.918, test=0.744), total=   0.0s
[Parallel(n_jobs=-1)]: Done 494 tasks      | elapsed:   30.9s
[CV] max_features=10, n_estimators=11 ................................
/Users/friedrich/opt/anaconda3/envs/mls_lab/lib/python3.7/site-packages/sklearn/model_selection/_validation.py:531: DataConversionWarning: A column-vector y was passed when a 1d array was expected. Please change the shape of y to (n_samples,), for example using ravel().
  estimator.fit(X_train, y_train, **fit_params)
/Users/friedrich/opt/anaconda3/envs/mls_lab/lib/python3.7/site-packages/sklearn/model_selection/_validation.py:531: DataConversionWarning: A column-vector y was passed when a 1d array was expected. Please change the shape of y to (n_samples,), for example using ravel().
  estimator.fit(X_train, y_train, **fit_params)
[CV]  max_features=9, n_estimators=91, score=(train=1.000, test=0.877), total=   1.0s
[Parallel(n_jobs=-1)]: Done 495 tasks      | elapsed:   31.0s
[CV] max_features=10, n_estimators=11 ................................
/Users/friedrich/opt/anaconda3/envs/mls_lab/lib/python3.7/site-packages/sklearn/model_selection/_validation.py:531: DataConversionWarning: A column-vector y was passed when a 1d array was expected. Please change the shape of y to (n_samples,), for example using ravel().
  estimator.fit(X_train, y_train, **fit_params)
[CV]  max_features=10, n_estimators=11, score=(train=0.996, test=0.845), total=   0.1s
[Parallel(n_jobs=-1)]: Done 496 tasks      | elapsed:   31.1s
[CV] max_features=10, n_estimators=11 ................................
[CV]  max_features=10, n_estimators=11, score=(train=0.995, test=0.861), total=   0.1s
[Parallel(n_jobs=-1)]: Done 497 tasks      | elapsed:   31.1s
/Users/friedrich/opt/anaconda3/envs/mls_lab/lib/python3.7/site-packages/sklearn/model_selection/_validation.py:531: DataConversionWarning: A column-vector y was passed when a 1d array was expected. Please change the shape of y to (n_samples,), for example using ravel().
  estimator.fit(X_train, y_train, **fit_params)
[CV] max_features=10, n_estimators=11 ................................
/Users/friedrich/opt/anaconda3/envs/mls_lab/lib/python3.7/site-packages/sklearn/model_selection/_validation.py:531: DataConversionWarning: A column-vector y was passed when a 1d array was expected. Please change the shape of y to (n_samples,), for example using ravel().
  estimator.fit(X_train, y_train, **fit_params)
[CV]  max_features=10, n_estimators=11, score=(train=0.997, test=0.838), total=   0.2s
[Parallel(n_jobs=-1)]: Done 498 tasks      | elapsed:   31.2s
[CV]  max_features=9, n_estimators=101, score=(train=1.000, test=0.857), total=   1.1s
[Parallel(n_jobs=-1)]: Done 499 tasks      | elapsed:   31.2s
[CV] max_features=10, n_estimators=21 ................................
/Users/friedrich/opt/anaconda3/envs/mls_lab/lib/python3.7/site-packages/sklearn/model_selection/_validation.py:531: DataConversionWarning: A column-vector y was passed when a 1d array was expected. Please change the shape of y to (n_samples,), for example using ravel().
  estimator.fit(X_train, y_train, **fit_params)
[CV] max_features=10, n_estimators=21 ................................
[CV]  max_features=10, n_estimators=11, score=(train=0.995, test=0.834), total=   0.2s
[Parallel(n_jobs=-1)]: Done 500 tasks      | elapsed:   31.2s
/Users/friedrich/opt/anaconda3/envs/mls_lab/lib/python3.7/site-packages/sklearn/model_selection/_validation.py:531: DataConversionWarning: A column-vector y was passed when a 1d array was expected. Please change the shape of y to (n_samples,), for example using ravel().
  estimator.fit(X_train, y_train, **fit_params)
[CV] max_features=10, n_estimators=21 ................................
[CV]  max_features=10, n_estimators=11, score=(train=0.995, test=0.865), total=   0.2s
[Parallel(n_jobs=-1)]: Done 501 tasks      | elapsed:   31.2s
[CV] max_features=10, n_estimators=21 ................................
/Users/friedrich/opt/anaconda3/envs/mls_lab/lib/python3.7/site-packages/sklearn/model_selection/_validation.py:531: DataConversionWarning: A column-vector y was passed when a 1d array was expected. Please change the shape of y to (n_samples,), for example using ravel().
  estimator.fit(X_train, y_train, **fit_params)
/Users/friedrich/opt/anaconda3/envs/mls_lab/lib/python3.7/site-packages/sklearn/model_selection/_validation.py:531: DataConversionWarning: A column-vector y was passed when a 1d array was expected. Please change the shape of y to (n_samples,), for example using ravel().
  estimator.fit(X_train, y_train, **fit_params)
[CV]  max_features=9, n_estimators=101, score=(train=1.000, test=0.864), total=   1.1s
[Parallel(n_jobs=-1)]: Done 502 tasks      | elapsed:   31.3s
[CV] max_features=10, n_estimators=21 ................................
/Users/friedrich/opt/anaconda3/envs/mls_lab/lib/python3.7/site-packages/sklearn/model_selection/_validation.py:531: DataConversionWarning: A column-vector y was passed when a 1d array was expected. Please change the shape of y to (n_samples,), for example using ravel().
  estimator.fit(X_train, y_train, **fit_params)
[CV]  max_features=10, n_estimators=21, score=(train=0.999, test=0.857), total=   0.3s
[Parallel(n_jobs=-1)]: Done 503 tasks      | elapsed:   31.5s
[CV] max_features=10, n_estimators=31 ................................
/Users/friedrich/opt/anaconda3/envs/mls_lab/lib/python3.7/site-packages/sklearn/model_selection/_validation.py:531: DataConversionWarning: A column-vector y was passed when a 1d array was expected. Please change the shape of y to (n_samples,), for example using ravel().
  estimator.fit(X_train, y_train, **fit_params)
[CV]  max_features=9, n_estimators=101, score=(train=1.000, test=0.869), total=   1.2s
[Parallel(n_jobs=-1)]: Done 504 tasks      | elapsed:   31.5s
[CV]  max_features=10, n_estimators=21, score=(train=0.998, test=0.842), total=   0.3s
[Parallel(n_jobs=-1)]: Done 505 tasks      | elapsed:   31.5s
[CV] max_features=10, n_estimators=31 ................................
[CV]  max_features=10, n_estimators=21, score=(train=0.999, test=0.866), total=   0.3s
[Parallel(n_jobs=-1)]: Done 506 tasks      | elapsed:   31.5s
[CV] max_features=10, n_estimators=31 ................................
/Users/friedrich/opt/anaconda3/envs/mls_lab/lib/python3.7/site-packages/sklearn/model_selection/_validation.py:531: DataConversionWarning: A column-vector y was passed when a 1d array was expected. Please change the shape of y to (n_samples,), for example using ravel().
  estimator.fit(X_train, y_train, **fit_params)
[CV]  max_features=10, n_estimators=21, score=(train=0.998, test=0.845), total=   0.3s
[Parallel(n_jobs=-1)]: Done 507 tasks      | elapsed:   31.5s
/Users/friedrich/opt/anaconda3/envs/mls_lab/lib/python3.7/site-packages/sklearn/model_selection/_validation.py:531: DataConversionWarning: A column-vector y was passed when a 1d array was expected. Please change the shape of y to (n_samples,), for example using ravel().
  estimator.fit(X_train, y_train, **fit_params)
[CV] max_features=10, n_estimators=31 ................................
[CV] max_features=10, n_estimators=31 ................................
/Users/friedrich/opt/anaconda3/envs/mls_lab/lib/python3.7/site-packages/sklearn/model_selection/_validation.py:531: DataConversionWarning: A column-vector y was passed when a 1d array was expected. Please change the shape of y to (n_samples,), for example using ravel().
  estimator.fit(X_train, y_train, **fit_params)
/Users/friedrich/opt/anaconda3/envs/mls_lab/lib/python3.7/site-packages/sklearn/model_selection/_validation.py:531: DataConversionWarning: A column-vector y was passed when a 1d array was expected. Please change the shape of y to (n_samples,), for example using ravel().
  estimator.fit(X_train, y_train, **fit_params)
[CV]  max_features=9, n_estimators=101, score=(train=1.000, test=0.854), total=   1.2s
[Parallel(n_jobs=-1)]: Done 508 tasks      | elapsed:   31.6s
[CV]  max_features=10, n_estimators=21, score=(train=0.999, test=0.849), total=   0.3s
[Parallel(n_jobs=-1)]: Done 509 tasks      | elapsed:   31.6s
[CV] max_features=10, n_estimators=41 ................................
/Users/friedrich/opt/anaconda3/envs/mls_lab/lib/python3.7/site-packages/sklearn/model_selection/_validation.py:531: DataConversionWarning: A column-vector y was passed when a 1d array was expected. Please change the shape of y to (n_samples,), for example using ravel().
  estimator.fit(X_train, y_train, **fit_params)
[CV] max_features=10, n_estimators=41 ................................
/Users/friedrich/opt/anaconda3/envs/mls_lab/lib/python3.7/site-packages/sklearn/model_selection/_validation.py:531: DataConversionWarning: A column-vector y was passed when a 1d array was expected. Please change the shape of y to (n_samples,), for example using ravel().
  estimator.fit(X_train, y_train, **fit_params)
[CV]  max_features=10, n_estimators=31, score=(train=1.000, test=0.861), total=   0.4s
[Parallel(n_jobs=-1)]: Done 510 tasks      | elapsed:   31.9s
[CV] max_features=10, n_estimators=41 ................................
/Users/friedrich/opt/anaconda3/envs/mls_lab/lib/python3.7/site-packages/sklearn/model_selection/_validation.py:531: DataConversionWarning: A column-vector y was passed when a 1d array was expected. Please change the shape of y to (n_samples,), for example using ravel().
  estimator.fit(X_train, y_train, **fit_params)
[CV]  max_features=10, n_estimators=31, score=(train=1.000, test=0.836), total=   0.4s
[Parallel(n_jobs=-1)]: Done 511 tasks      | elapsed:   31.9s
[CV] max_features=10, n_estimators=41 ................................
[CV]  max_features=10, n_estimators=31, score=(train=0.999, test=0.854), total=   0.4s
[Parallel(n_jobs=-1)]: Done 512 tasks      | elapsed:   31.9s
/Users/friedrich/opt/anaconda3/envs/mls_lab/lib/python3.7/site-packages/sklearn/model_selection/_validation.py:531: DataConversionWarning: A column-vector y was passed when a 1d array was expected. Please change the shape of y to (n_samples,), for example using ravel().
  estimator.fit(X_train, y_train, **fit_params)
[CV]  max_features=10, n_estimators=31, score=(train=1.000, test=0.852), total=   0.4s
[Parallel(n_jobs=-1)]: Done 513 tasks      | elapsed:   31.9s
[CV]  max_features=10, n_estimators=31, score=(train=1.000, test=0.873), total=   0.4s
[Parallel(n_jobs=-1)]: Done 514 tasks      | elapsed:   31.9s
[CV] max_features=10, n_estimators=41 ................................
/Users/friedrich/opt/anaconda3/envs/mls_lab/lib/python3.7/site-packages/sklearn/model_selection/_validation.py:531: DataConversionWarning: A column-vector y was passed when a 1d array was expected. Please change the shape of y to (n_samples,), for example using ravel().
  estimator.fit(X_train, y_train, **fit_params)
[CV] max_features=10, n_estimators=51 ................................
[CV] max_features=10, n_estimators=51 ................................
/Users/friedrich/opt/anaconda3/envs/mls_lab/lib/python3.7/site-packages/sklearn/model_selection/_validation.py:531: DataConversionWarning: A column-vector y was passed when a 1d array was expected. Please change the shape of y to (n_samples,), for example using ravel().
  estimator.fit(X_train, y_train, **fit_params)
/Users/friedrich/opt/anaconda3/envs/mls_lab/lib/python3.7/site-packages/sklearn/model_selection/_validation.py:531: DataConversionWarning: A column-vector y was passed when a 1d array was expected. Please change the shape of y to (n_samples,), for example using ravel().
  estimator.fit(X_train, y_train, **fit_params)
[CV]  max_features=9, n_estimators=101, score=(train=1.000, test=0.885), total=   1.2s
[Parallel(n_jobs=-1)]: Done 515 tasks      | elapsed:   32.0s
[CV] max_features=10, n_estimators=51 ................................
/Users/friedrich/opt/anaconda3/envs/mls_lab/lib/python3.7/site-packages/sklearn/model_selection/_validation.py:531: DataConversionWarning: A column-vector y was passed when a 1d array was expected. Please change the shape of y to (n_samples,), for example using ravel().
  estimator.fit(X_train, y_train, **fit_params)
[CV]  max_features=10, n_estimators=41, score=(train=1.000, test=0.863), total=   0.5s
[Parallel(n_jobs=-1)]: Done 516 tasks      | elapsed:   32.1s
[CV] max_features=10, n_estimators=51 ................................
/Users/friedrich/opt/anaconda3/envs/mls_lab/lib/python3.7/site-packages/sklearn/model_selection/_validation.py:531: DataConversionWarning: A column-vector y was passed when a 1d array was expected. Please change the shape of y to (n_samples,), for example using ravel().
  estimator.fit(X_train, y_train, **fit_params)
[CV]  max_features=10, n_estimators=41, score=(train=1.000, test=0.849), total=   0.5s
[Parallel(n_jobs=-1)]: Done 517 tasks      | elapsed:   32.2s
[CV] max_features=10, n_estimators=51 ................................
/Users/friedrich/opt/anaconda3/envs/mls_lab/lib/python3.7/site-packages/sklearn/model_selection/_validation.py:531: DataConversionWarning: A column-vector y was passed when a 1d array was expected. Please change the shape of y to (n_samples,), for example using ravel().
  estimator.fit(X_train, y_train, **fit_params)
[CV]  max_features=10, n_estimators=41, score=(train=1.000, test=0.858), total=   0.5s
[Parallel(n_jobs=-1)]: Done 518 tasks      | elapsed:   32.4s
[CV]  max_features=10, n_estimators=41, score=(train=1.000, test=0.845), total=   0.5s
[Parallel(n_jobs=-1)]: Done 519 tasks      | elapsed:   32.4s
[CV] max_features=10, n_estimators=61 ................................
/Users/friedrich/opt/anaconda3/envs/mls_lab/lib/python3.7/site-packages/sklearn/model_selection/_validation.py:531: DataConversionWarning: A column-vector y was passed when a 1d array was expected. Please change the shape of y to (n_samples,), for example using ravel().
  estimator.fit(X_train, y_train, **fit_params)
[CV]  max_features=10, n_estimators=41, score=(train=1.000, test=0.865), total=   0.5s
[Parallel(n_jobs=-1)]: Done 520 tasks      | elapsed:   32.5s
[CV] max_features=10, n_estimators=61 ................................
[CV] max_features=10, n_estimators=61 ................................
/Users/friedrich/opt/anaconda3/envs/mls_lab/lib/python3.7/site-packages/sklearn/model_selection/_validation.py:531: DataConversionWarning: A column-vector y was passed when a 1d array was expected. Please change the shape of y to (n_samples,), for example using ravel().
  estimator.fit(X_train, y_train, **fit_params)
/Users/friedrich/opt/anaconda3/envs/mls_lab/lib/python3.7/site-packages/sklearn/model_selection/_validation.py:531: DataConversionWarning: A column-vector y was passed when a 1d array was expected. Please change the shape of y to (n_samples,), for example using ravel().
  estimator.fit(X_train, y_train, **fit_params)
[CV]  max_features=10, n_estimators=51, score=(train=1.000, test=0.860), total=   0.6s
[Parallel(n_jobs=-1)]: Done 521 tasks      | elapsed:   32.6s
[CV]  max_features=10, n_estimators=51, score=(train=1.000, test=0.860), total=   0.6s
[Parallel(n_jobs=-1)]: Done 522 tasks      | elapsed:   32.6s
[CV] max_features=10, n_estimators=61 ................................
[CV] max_features=10, n_estimators=61 ................................
/Users/friedrich/opt/anaconda3/envs/mls_lab/lib/python3.7/site-packages/sklearn/model_selection/_validation.py:531: DataConversionWarning: A column-vector y was passed when a 1d array was expected. Please change the shape of y to (n_samples,), for example using ravel().
  estimator.fit(X_train, y_train, **fit_params)
/Users/friedrich/opt/anaconda3/envs/mls_lab/lib/python3.7/site-packages/sklearn/model_selection/_validation.py:531: DataConversionWarning: A column-vector y was passed when a 1d array was expected. Please change the shape of y to (n_samples,), for example using ravel().
  estimator.fit(X_train, y_train, **fit_params)
[CV]  max_features=10, n_estimators=51, score=(train=1.000, test=0.880), total=   0.6s
[Parallel(n_jobs=-1)]: Done 523 tasks      | elapsed:   32.7s
[CV] max_features=10, n_estimators=71 ................................
/Users/friedrich/opt/anaconda3/envs/mls_lab/lib/python3.7/site-packages/sklearn/model_selection/_validation.py:531: DataConversionWarning: A column-vector y was passed when a 1d array was expected. Please change the shape of y to (n_samples,), for example using ravel().
  estimator.fit(X_train, y_train, **fit_params)
[CV]  max_features=10, n_estimators=51, score=(train=1.000, test=0.858), total=   0.6s
[Parallel(n_jobs=-1)]: Done 524 tasks      | elapsed:   32.8s
[CV] max_features=10, n_estimators=71 ................................
[CV]  max_features=10, n_estimators=51, score=(train=1.000, test=0.870), total=   0.6s
[Parallel(n_jobs=-1)]: Done 525 tasks      | elapsed:   32.8s
/Users/friedrich/opt/anaconda3/envs/mls_lab/lib/python3.7/site-packages/sklearn/model_selection/_validation.py:531: DataConversionWarning: A column-vector y was passed when a 1d array was expected. Please change the shape of y to (n_samples,), for example using ravel().
  estimator.fit(X_train, y_train, **fit_params)
[CV] max_features=10, n_estimators=71 ................................
/Users/friedrich/opt/anaconda3/envs/mls_lab/lib/python3.7/site-packages/sklearn/model_selection/_validation.py:531: DataConversionWarning: A column-vector y was passed when a 1d array was expected. Please change the shape of y to (n_samples,), for example using ravel().
  estimator.fit(X_train, y_train, **fit_params)
[CV]  max_features=10, n_estimators=61, score=(train=1.000, test=0.849), total=   0.7s
[CV]  max_features=10, n_estimators=61, score=(train=1.000, test=0.864), total=   0.7s
[Parallel(n_jobs=-1)]: Done 526 tasks      | elapsed:   33.2s
[Parallel(n_jobs=-1)]: Done 527 tasks      | elapsed:   33.2s
[CV] max_features=10, n_estimators=71 ................................
[CV] max_features=10, n_estimators=71 ................................
/Users/friedrich/opt/anaconda3/envs/mls_lab/lib/python3.7/site-packages/sklearn/model_selection/_validation.py:531: DataConversionWarning: A column-vector y was passed when a 1d array was expected. Please change the shape of y to (n_samples,), for example using ravel().
  estimator.fit(X_train, y_train, **fit_params)
/Users/friedrich/opt/anaconda3/envs/mls_lab/lib/python3.7/site-packages/sklearn/model_selection/_validation.py:531: DataConversionWarning: A column-vector y was passed when a 1d array was expected. Please change the shape of y to (n_samples,), for example using ravel().
  estimator.fit(X_train, y_train, **fit_params)
[CV]  max_features=10, n_estimators=61, score=(train=1.000, test=0.866), total=   0.7s
[Parallel(n_jobs=-1)]: Done 528 tasks      | elapsed:   33.2s
[CV] max_features=10, n_estimators=81 ................................
/Users/friedrich/opt/anaconda3/envs/mls_lab/lib/python3.7/site-packages/sklearn/model_selection/_validation.py:531: DataConversionWarning: A column-vector y was passed when a 1d array was expected. Please change the shape of y to (n_samples,), for example using ravel().
  estimator.fit(X_train, y_train, **fit_params)
[CV]  max_features=10, n_estimators=61, score=(train=1.000, test=0.855), total=   0.7s
[Parallel(n_jobs=-1)]: Done 529 tasks      | elapsed:   33.4s
[CV]  max_features=10, n_estimators=61, score=(train=1.000, test=0.870), total=   0.7s
[Parallel(n_jobs=-1)]: Done 530 tasks      | elapsed:   33.4s
[CV] max_features=10, n_estimators=81 ................................
[CV] max_features=10, n_estimators=81 ................................
/Users/friedrich/opt/anaconda3/envs/mls_lab/lib/python3.7/site-packages/sklearn/model_selection/_validation.py:531: DataConversionWarning: A column-vector y was passed when a 1d array was expected. Please change the shape of y to (n_samples,), for example using ravel().
  estimator.fit(X_train, y_train, **fit_params)
/Users/friedrich/opt/anaconda3/envs/mls_lab/lib/python3.7/site-packages/sklearn/model_selection/_validation.py:531: DataConversionWarning: A column-vector y was passed when a 1d array was expected. Please change the shape of y to (n_samples,), for example using ravel().
  estimator.fit(X_train, y_train, **fit_params)
[CV]  max_features=10, n_estimators=71, score=(train=1.000, test=0.863), total=   0.8s
[Parallel(n_jobs=-1)]: Done 531 tasks      | elapsed:   33.6s
[CV] max_features=10, n_estimators=81 ................................
/Users/friedrich/opt/anaconda3/envs/mls_lab/lib/python3.7/site-packages/sklearn/model_selection/_validation.py:531: DataConversionWarning: A column-vector y was passed when a 1d array was expected. Please change the shape of y to (n_samples,), for example using ravel().
  estimator.fit(X_train, y_train, **fit_params)
[CV]  max_features=10, n_estimators=71, score=(train=1.000, test=0.860), total=   0.8s
[Parallel(n_jobs=-1)]: Done 532 tasks      | elapsed:   33.7s
[CV] max_features=10, n_estimators=81 ................................
/Users/friedrich/opt/anaconda3/envs/mls_lab/lib/python3.7/site-packages/sklearn/model_selection/_validation.py:531: DataConversionWarning: A column-vector y was passed when a 1d array was expected. Please change the shape of y to (n_samples,), for example using ravel().
  estimator.fit(X_train, y_train, **fit_params)
[CV]  max_features=10, n_estimators=71, score=(train=1.000, test=0.851), total=   0.8s
[Parallel(n_jobs=-1)]: Done 533 tasks      | elapsed:   33.8s
[CV] max_features=10, n_estimators=91 ................................
/Users/friedrich/opt/anaconda3/envs/mls_lab/lib/python3.7/site-packages/sklearn/model_selection/_validation.py:531: DataConversionWarning: A column-vector y was passed when a 1d array was expected. Please change the shape of y to (n_samples,), for example using ravel().
  estimator.fit(X_train, y_train, **fit_params)
[CV]  max_features=10, n_estimators=71, score=(train=1.000, test=0.848), total=   0.8s
[Parallel(n_jobs=-1)]: Done 534 tasks      | elapsed:   34.1s
[CV]  max_features=10, n_estimators=71, score=(train=1.000, test=0.877), total=   0.8s
[Parallel(n_jobs=-1)]: Done 535 tasks      | elapsed:   34.1s
[CV] max_features=10, n_estimators=91 ................................
[CV] max_features=10, n_estimators=91 ................................
/Users/friedrich/opt/anaconda3/envs/mls_lab/lib/python3.7/site-packages/sklearn/model_selection/_validation.py:531: DataConversionWarning: A column-vector y was passed when a 1d array was expected. Please change the shape of y to (n_samples,), for example using ravel().
  estimator.fit(X_train, y_train, **fit_params)
/Users/friedrich/opt/anaconda3/envs/mls_lab/lib/python3.7/site-packages/sklearn/model_selection/_validation.py:531: DataConversionWarning: A column-vector y was passed when a 1d array was expected. Please change the shape of y to (n_samples,), for example using ravel().
  estimator.fit(X_train, y_train, **fit_params)
[CV]  max_features=10, n_estimators=81, score=(train=1.000, test=0.870), total=   1.0s
[CV] max_features=10, n_estimators=91 ................................
/Users/friedrich/opt/anaconda3/envs/mls_lab/lib/python3.7/site-packages/sklearn/model_selection/_validation.py:531: DataConversionWarning: A column-vector y was passed when a 1d array was expected. Please change the shape of y to (n_samples,), for example using ravel().
  estimator.fit(X_train, y_train, **fit_params)
[CV]  max_features=10, n_estimators=81, score=(train=1.000, test=0.851), total=   1.0s
[CV]  max_features=10, n_estimators=81, score=(train=1.000, test=0.861), total=   1.0s
[CV] max_features=10, n_estimators=91 ................................
/Users/friedrich/opt/anaconda3/envs/mls_lab/lib/python3.7/site-packages/sklearn/model_selection/_validation.py:531: DataConversionWarning: A column-vector y was passed when a 1d array was expected. Please change the shape of y to (n_samples,), for example using ravel().
  estimator.fit(X_train, y_train, **fit_params)
[CV] max_features=10, n_estimators=101 ...............................
/Users/friedrich/opt/anaconda3/envs/mls_lab/lib/python3.7/site-packages/sklearn/model_selection/_validation.py:531: DataConversionWarning: A column-vector y was passed when a 1d array was expected. Please change the shape of y to (n_samples,), for example using ravel().
  estimator.fit(X_train, y_train, **fit_params)
[CV]  max_features=10, n_estimators=81, score=(train=1.000, test=0.849), total=   0.9s
[CV] max_features=10, n_estimators=101 ...............................
/Users/friedrich/opt/anaconda3/envs/mls_lab/lib/python3.7/site-packages/sklearn/model_selection/_validation.py:531: DataConversionWarning: A column-vector y was passed when a 1d array was expected. Please change the shape of y to (n_samples,), for example using ravel().
  estimator.fit(X_train, y_train, **fit_params)
[CV]  max_features=10, n_estimators=81, score=(train=1.000, test=0.874), total=   1.0s
[CV] max_features=10, n_estimators=101 ...............................
/Users/friedrich/opt/anaconda3/envs/mls_lab/lib/python3.7/site-packages/sklearn/model_selection/_validation.py:531: DataConversionWarning: A column-vector y was passed when a 1d array was expected. Please change the shape of y to (n_samples,), for example using ravel().
  estimator.fit(X_train, y_train, **fit_params)
[CV]  max_features=10, n_estimators=91, score=(train=1.000, test=0.869), total=   1.0s
[CV] max_features=10, n_estimators=101 ...............................
/Users/friedrich/opt/anaconda3/envs/mls_lab/lib/python3.7/site-packages/sklearn/model_selection/_validation.py:531: DataConversionWarning: A column-vector y was passed when a 1d array was expected. Please change the shape of y to (n_samples,), for example using ravel().
  estimator.fit(X_train, y_train, **fit_params)
[CV]  max_features=10, n_estimators=91, score=(train=1.000, test=0.864), total=   1.1s
[CV]  max_features=10, n_estimators=91, score=(train=1.000, test=0.869), total=   1.1s
[CV] max_features=10, n_estimators=101 ...............................
/Users/friedrich/opt/anaconda3/envs/mls_lab/lib/python3.7/site-packages/sklearn/model_selection/_validation.py:531: DataConversionWarning: A column-vector y was passed when a 1d array was expected. Please change the shape of y to (n_samples,), for example using ravel().
  estimator.fit(X_train, y_train, **fit_params)
[CV]  max_features=10, n_estimators=91, score=(train=1.000, test=0.858), total=   1.0s
[CV]  max_features=10, n_estimators=91, score=(train=1.000, test=0.880), total=   1.0s
[CV]  max_features=10, n_estimators=101, score=(train=1.000, test=0.870), total=   1.1s
[CV]  max_features=10, n_estimators=101, score=(train=1.000, test=0.849), total=   1.1s
[Parallel(n_jobs=-1)]: Done 547 out of 550 | elapsed:   35.7s remaining:    0.2s
[CV]  max_features=10, n_estimators=101, score=(train=1.000, test=0.864), total=   1.0s
[CV]  max_features=10, n_estimators=101, score=(train=1.000, test=0.855), total=   1.0s
[CV]  max_features=10, n_estimators=101, score=(train=1.000, test=0.879), total=   0.8s
[Parallel(n_jobs=-1)]: Done 550 out of 550 | elapsed:   36.2s finished
/Users/friedrich/opt/anaconda3/envs/mls_lab/lib/python3.7/site-packages/sklearn/model_selection/_search.py:765: DataConversionWarning: A column-vector y was passed when a 1d array was expected. Please change the shape of y to (n_samples,), for example using ravel().
  self.best_estimator_.fit(X, y, **fit_params)
TA1:1.0,0.8675862068965517
(mls_lab) 
# friedrich @ Friedrich-MBP in ~/Projects/GitHub/AMLS_assignment20_21/AMLS_20-21_SN20043715 on git:master x [22:50:54] 
$ 