Wed, 16 Dec 2020 23:00:19 main.py[line:40] INFO *****************************************
Wed, 16 Dec 2020 23:00:19 main.py[line:41] INFO **********[Main program starts]**********
Wed, 16 Dec 2020 23:00:19 main.py[line:42] INFO *****************************************

Wed, 16 Dec 2020 23:00:19 main.py[line:69] INFO **********[Task A2 starts]**********
Wed, 16 Dec 2020 23:00:19 helper.py[line:332] INFO ==========[Data Preparation starts]==========
Wed, 16 Dec 2020 23:00:19 helper.py[line:340] INFO Data have been collected from /Users/friedrich/Projects/GitHub/AMLS_assignment20_21/AMLS_20-21_SN20043715/A2/A2_dataset.csv.
Wed, 16 Dec 2020 23:00:19 helper.py[line:341] INFO ==========[Data Preparation ends]==========
Wed, 16 Dec 2020 23:00:19 helper.py[line:382] INFO ==========[Model training starts]==========
Wed, 16 Dec 2020 23:00:19 helper.py[line:383] INFO [Task]: A2
Wed, 16 Dec 2020 23:00:19 helper.py[line:384] INFO [Model]: RandomForest
Wed, 16 Dec 2020 23:00:19 helper.py[line:397] INFO [Model]: No model has been found for this task.
Wed, 16 Dec 2020 23:00:19 helper.py[line:398] INFO Starting to train a new one...
Wed, 16 Dec 2020 23:00:59 helper.py[line:450] INFO ====================
Wed, 16 Dec 2020 23:00:59 helper.py[line:453] INFO [Best Parameters]: {'max_features': 9, 'n_estimators': 101}
Wed, 16 Dec 2020 23:00:59 helper.py[line:454] INFO [Best Test Score]: 0.8900395934028476
Wed, 16 Dec 2020 23:00:59 helper.py[line:456] INFO [Best Training Score]: 1.0
Wed, 16 Dec 2020 23:00:59 helper.py[line:470] INFO [Feature Importances]: [(0.07024799139995869, 'feature_109'), (0.0625586291103093, 'feature_97'), (0.060274920014778854, 'feature_121'), (0.04685009971700439, 'feature_129'), (0.0309860469562105, 'feature_20'), (0.026747693822762916, 'feature_18'), (0.025254379593346827, 'feature_116'), (0.02485284417162555, 'feature_136'), (0.02375048184967029, 'feature_111'), (0.02294919470528662, 'feature_132'), (0.022324678865626203, 'feature_16'), (0.019486964949744688, 'feature_134'), (0.019384372900478147, 'feature_118'), (0.017831381796774223, 'feature_119'), (0.016852762362909193, 'feature_107'), (0.014574819295953523, 'feature_99'), (0.013744577642598989, 'feature_114'), (0.013585336250878113, 'feature_22'), (0.013290213812051536, 'feature_95'), (0.012696504764652653, 'feature_14'), (0.011392936036776637, 'feature_75'), (0.010345754671373891, 'feature_87'), (0.009552910315519957, 'feature_112'), (0.008689288602952754, 'feature_98'), (0.008507890258865442, 'feature_110'), (0.008326327032599714, 'feature_81'), (0.008048950191492037, 'feature_120'), (0.007364555627896478, 'feature_91'), (0.00713573662698072, 'feature_77'), (0.0070926843389756775, 'feature_53'), (0.0067100437885197674, 'feature_93'), (0.006653467728880136, 'feature_51'), (0.006505477097403432, 'feature_37'), (0.005948145800856165, 'feature_68'), (0.005808920535270836, 'feature_83'), (0.005796581370952848, 'feature_62'), (0.005560896964675321, 'feature_80'), (0.005447590413489205, 'feature_24'), (0.005416590170416798, 'feature_70'), (0.0052994890788717235, 'feature_60'), (0.005201097103361741, 'feature_73'), (0.0047848713268079145, 'feature_79'), (0.004752488356196069, 'feature_12'), (0.0047305790338010596, 'feature_49'), (0.004648448861945252, 'feature_26'), (0.004585390479186459, 'feature_89'), (0.004490765957695851, 'feature_7'), (0.004462932088804551, 'feature_64'), (0.00421369426142271, 'feature_88'), (0.004171907192157205, 'feature_66'), (0.0039958988114747445, 'feature_28'), (0.0039154927193407124, 'feature_6'), (0.003904836418066345, 'feature_58'), (0.003903759401365264, 'feature_5'), (0.003790997408868266, 'feature_130'), (0.0037817785748821683, 'feature_10'), (0.0037736609798563374, 'feature_25'), (0.0037256367739192052, 'feature_2'), (0.00372325706198356, 'feature_72'), (0.0036785678987232076, 'feature_31'), (0.0036645001900040912, 'feature_86'), (0.003638395360916688, 'feature_1'), (0.003578007364604179, 'feature_43'), (0.0035515353363156153, 'feature_9'), (0.0035386223875687214, 'feature_13'), (0.003534962082445928, 'feature_8'), (0.0035003498609320555, 'feature_39'), (0.0034662687504983867, 'feature_3'), (0.0034487519814994172, 'feature_11'), (0.0033762952351410864, 'feature_34'), (0.0033501726902121884, 'feature_29'), (0.0033473942761615104, 'feature_17'), (0.0033366357166115953, 'feature_52'), (0.0033152162910387514, 'feature_32'), (0.0032835454380912075, 'feature_4'), (0.003248127499369847, 'feature_27'), (0.00323684138809171, 'feature_36'), (0.003223148552629761, 'feature_104'), (0.0031789179592008163, 'feature_117'), (0.0031764498859913107, 'feature_35'), (0.003165360447550585, 'feature_90'), (0.0031562946315039256, 'feature_30'), (0.003120209128305361, 'feature_41'), (0.0031197185137761944, 'feature_21'), (0.0031040280969819936, 'feature_124'), (0.0030989085624257323, 'feature_40'), (0.0030825463180261933, 'feature_23'), (0.0030642801943414834, 'feature_44'), (0.003042359366549243, 'feature_15'), (0.003026666392912643, 'feature_92'), (0.0030052923775254446, 'feature_131'), (0.0029992818904543525, 'feature_46'), (0.0029879931625179765, 'feature_61'), (0.002941968967088985, 'feature_122'), (0.0029091331444227046, 'feature_96'), (0.0029084782387849527, 'feature_76'), (0.0028327646657255712, 'feature_82'), (0.002822115135778059, 'feature_85'), (0.0028126200893143793, 'feature_126'), (0.002794770179348479, 'feature_56'), (0.0027881966803707204, 'feature_33'), (0.0027464785284050564, 'feature_42'), (0.0027297585109687834, 'feature_59'), (0.0027179053006101696, 'feature_63'), (0.0027057377196965673, 'feature_47'), (0.0026879228352437415, 'feature_50'), (0.002687285386745372, 'feature_106'), (0.002670184164895199, 'feature_100'), (0.0026528408651241555, 'feature_84'), (0.0026488802491549013, 'feature_128'), (0.002634649015724479, 'feature_78'), (0.0026026402815999927, 'feature_48'), (0.0025656279928364264, 'feature_74'), (0.0025564991923876655, 'feature_115'), (0.0025332367878661993, 'feature_102'), (0.0025037237982270823, 'feature_19'), (0.0024931531491966335, 'feature_45'), (0.0024748170914320965, 'feature_127'), (0.0024313870413898977, 'feature_54'), (0.002411181952026499, 'feature_113'), (0.002395231059790121, 'feature_123'), (0.0023009774685654807, 'feature_69'), (0.0022685165719712984, 'feature_38'), (0.0021935643533413118, 'feature_108'), (0.0021713759358646468, 'feature_67'), (0.002064357528409277, 'feature_65'), (0.002024712918522365, 'feature_94'), (0.002024601755133863, 'feature_71'), (0.0019514915680459404, 'feature_55'), (0.001893842494366181, 'feature_105'), (0.0018421087213011452, 'feature_57'), (0.0018420534672924712, 'feature_133'), (0.0018131973495860037, 'feature_101'), (0.0017320177088739313, 'feature_135'), (0.0017262282342206216, 'feature_103'), (0.0014404972249052544, 'feature_125')]
Wed, 16 Dec 2020 23:00:59 helper.py[line:485] INFO [Execution time]: 00:00:39
Wed, 16 Dec 2020 23:00:59 helper.py[line:486] INFO ==========[Model training ends]==========
Wed, 16 Dec 2020 23:00:59 main.py[line:86] INFO **********[Task A2 ends]**********
Wed, 16 Dec 2020 23:00:59 main.py[line:87] INFO ***********************************
Wed, 16 Dec 2020 23:00:59 main.py[line:135] INFO [Total execution time]: 00:00:39
Wed, 16 Dec 2020 23:00:59 main.py[line:137] INFO *****************************************
Wed, 16 Dec 2020 23:00:59 main.py[line:138] INFO ***********[Main program ends]***********
Wed, 16 Dec 2020 23:00:59 main.py[line:139] INFO *****************************************

/Users/friedrich/opt/anaconda3/envs/mls_lab/lib/python3.7/site-packages/sklearn/model_selection/_validation.py:531: DataConversionWarning: A column-vector y was passed when a 1d array was expected. Please change the shape of y to (n_samples,), for example using ravel().
  estimator.fit(X_train, y_train, **fit_params)
[CV]  max_features=7, n_estimators=91, score=(train=1.000, test=0.879), total=   0.8s
[Parallel(n_jobs=-1)]: Done 376 tasks      | elapsed:   24.3s
[CV] max_features=7, n_estimators=101 ................................
/Users/friedrich/opt/anaconda3/envs/mls_lab/lib/python3.7/site-packages/sklearn/model_selection/_validation.py:531: DataConversionWarning: A column-vector y was passed when a 1d array was expected. Please change the shape of y to (n_samples,), for example using ravel().
  estimator.fit(X_train, y_train, **fit_params)
[CV]  max_features=7, n_estimators=91, score=(train=1.000, test=0.888), total=   0.8s
[Parallel(n_jobs=-1)]: Done 377 tasks      | elapsed:   24.6s
[CV] max_features=7, n_estimators=101 ................................
[CV]  max_features=7, n_estimators=91, score=(train=1.000, test=0.883), total=   0.8s
/Users/friedrich/opt/anaconda3/envs/mls_lab/lib/python3.7/site-packages/sklearn/model_selection/_validation.py:531: DataConversionWarning: A column-vector y was passed when a 1d array was expected. Please change the shape of y to (n_samples,), for example using ravel().
  estimator.fit(X_train, y_train, **fit_params)
[Parallel(n_jobs=-1)]: Done 378 tasks      | elapsed:   24.6s
[CV] max_features=8, n_estimators=1 ..................................
/Users/friedrich/opt/anaconda3/envs/mls_lab/lib/python3.7/site-packages/sklearn/model_selection/_validation.py:531: DataConversionWarning: A column-vector y was passed when a 1d array was expected. Please change the shape of y to (n_samples,), for example using ravel().
  estimator.fit(X_train, y_train, **fit_params)
[CV]  max_features=8, n_estimators=1, score=(train=0.929, test=0.799), total=   0.0s
[Parallel(n_jobs=-1)]: Done 379 tasks      | elapsed:   24.7s
[CV] max_features=8, n_estimators=1 ..................................
/Users/friedrich/opt/anaconda3/envs/mls_lab/lib/python3.7/site-packages/sklearn/model_selection/_validation.py:531: DataConversionWarning: A column-vector y was passed when a 1d array was expected. Please change the shape of y to (n_samples,), for example using ravel().
  estimator.fit(X_train, y_train, **fit_params)
[CV]  max_features=8, n_estimators=1, score=(train=0.935, test=0.842), total=   0.0s
[Parallel(n_jobs=-1)]: Done 380 tasks      | elapsed:   24.7s
[CV] max_features=8, n_estimators=1 ..................................
/Users/friedrich/opt/anaconda3/envs/mls_lab/lib/python3.7/site-packages/sklearn/model_selection/_validation.py:531: DataConversionWarning: A column-vector y was passed when a 1d array was expected. Please change the shape of y to (n_samples,), for example using ravel().
  estimator.fit(X_train, y_train, **fit_params)
[CV]  max_features=8, n_estimators=1, score=(train=0.928, test=0.804), total=   0.0s
[Parallel(n_jobs=-1)]: Done 381 tasks      | elapsed:   24.7s
[CV] max_features=8, n_estimators=1 ..................................
[CV]  max_features=7, n_estimators=91, score=(train=1.000, test=0.899), total=   0.8s
[Parallel(n_jobs=-1)]: Done 382 tasks      | elapsed:   24.8s
[CV] max_features=8, n_estimators=1 ..................................
/Users/friedrich/opt/anaconda3/envs/mls_lab/lib/python3.7/site-packages/sklearn/model_selection/_validation.py:531: DataConversionWarning: A column-vector y was passed when a 1d array was expected. Please change the shape of y to (n_samples,), for example using ravel().
  estimator.fit(X_train, y_train, **fit_params)
/Users/friedrich/opt/anaconda3/envs/mls_lab/lib/python3.7/site-packages/sklearn/model_selection/_validation.py:531: DataConversionWarning: A column-vector y was passed when a 1d array was expected. Please change the shape of y to (n_samples,), for example using ravel().
  estimator.fit(X_train, y_train, **fit_params)
[CV]  max_features=8, n_estimators=1, score=(train=0.922, test=0.820), total=   0.0s
[Parallel(n_jobs=-1)]: Done 383 tasks      | elapsed:   24.8s
[CV] max_features=8, n_estimators=11 .................................
[CV]  max_features=8, n_estimators=1, score=(train=0.938, test=0.828), total=   0.0s
[Parallel(n_jobs=-1)]: Done 384 tasks      | elapsed:   24.8s
[CV] max_features=8, n_estimators=11 .................................
/Users/friedrich/opt/anaconda3/envs/mls_lab/lib/python3.7/site-packages/sklearn/model_selection/_validation.py:531: DataConversionWarning: A column-vector y was passed when a 1d array was expected. Please change the shape of y to (n_samples,), for example using ravel().
  estimator.fit(X_train, y_train, **fit_params)
/Users/friedrich/opt/anaconda3/envs/mls_lab/lib/python3.7/site-packages/sklearn/model_selection/_validation.py:531: DataConversionWarning: A column-vector y was passed when a 1d array was expected. Please change the shape of y to (n_samples,), for example using ravel().
  estimator.fit(X_train, y_train, **fit_params)
[CV]  max_features=7, n_estimators=91, score=(train=1.000, test=0.870), total=   0.8s
[Parallel(n_jobs=-1)]: Done 385 tasks      | elapsed:   24.8s
[CV] max_features=8, n_estimators=11 .................................
/Users/friedrich/opt/anaconda3/envs/mls_lab/lib/python3.7/site-packages/sklearn/model_selection/_validation.py:531: DataConversionWarning: A column-vector y was passed when a 1d array was expected. Please change the shape of y to (n_samples,), for example using ravel().
  estimator.fit(X_train, y_train, **fit_params)
[CV]  max_features=8, n_estimators=11, score=(train=0.995, test=0.866), total=   0.1s
[Parallel(n_jobs=-1)]: Done 386 tasks      | elapsed:   25.0s
[CV] max_features=8, n_estimators=11 .................................
[CV]  max_features=8, n_estimators=11, score=(train=0.995, test=0.874), total=   0.1s
[Parallel(n_jobs=-1)]: Done 387 tasks      | elapsed:   25.0s
/Users/friedrich/opt/anaconda3/envs/mls_lab/lib/python3.7/site-packages/sklearn/model_selection/_validation.py:531: DataConversionWarning: A column-vector y was passed when a 1d array was expected. Please change the shape of y to (n_samples,), for example using ravel().
  estimator.fit(X_train, y_train, **fit_params)
[CV] max_features=8, n_estimators=11 .................................
[CV]  max_features=7, n_estimators=101, score=(train=1.000, test=0.869), total=   0.9s
[Parallel(n_jobs=-1)]: Done 388 tasks      | elapsed:   25.0s
/Users/friedrich/opt/anaconda3/envs/mls_lab/lib/python3.7/site-packages/sklearn/model_selection/_validation.py:531: DataConversionWarning: A column-vector y was passed when a 1d array was expected. Please change the shape of y to (n_samples,), for example using ravel().
  estimator.fit(X_train, y_train, **fit_params)
[CV]  max_features=8, n_estimators=11, score=(train=0.996, test=0.867), total=   0.1s
[Parallel(n_jobs=-1)]: Done 389 tasks      | elapsed:   25.0s
[CV] max_features=8, n_estimators=21 .................................
/Users/friedrich/opt/anaconda3/envs/mls_lab/lib/python3.7/site-packages/sklearn/model_selection/_validation.py:531: DataConversionWarning: A column-vector y was passed when a 1d array was expected. Please change the shape of y to (n_samples,), for example using ravel().
  estimator.fit(X_train, y_train, **fit_params)
[CV] max_features=8, n_estimators=21 .................................
/Users/friedrich/opt/anaconda3/envs/mls_lab/lib/python3.7/site-packages/sklearn/model_selection/_validation.py:531: DataConversionWarning: A column-vector y was passed when a 1d array was expected. Please change the shape of y to (n_samples,), for example using ravel().
  estimator.fit(X_train, y_train, **fit_params)
[CV]  max_features=8, n_estimators=11, score=(train=0.996, test=0.877), total=   0.1s
[Parallel(n_jobs=-1)]: Done 390 tasks      | elapsed:   25.1s
[CV] max_features=8, n_estimators=21 .................................
[CV]  max_features=7, n_estimators=101, score=(train=1.000, test=0.886), total=   0.9s
[Parallel(n_jobs=-1)]: Done 391 tasks      | elapsed:   25.1s
/Users/friedrich/opt/anaconda3/envs/mls_lab/lib/python3.7/site-packages/sklearn/model_selection/_validation.py:531: DataConversionWarning: A column-vector y was passed when a 1d array was expected. Please change the shape of y to (n_samples,), for example using ravel().
  estimator.fit(X_train, y_train, **fit_params)
[CV]  max_features=8, n_estimators=11, score=(train=0.994, test=0.848), total=   0.1s
[Parallel(n_jobs=-1)]: Done 392 tasks      | elapsed:   25.2s
[CV] max_features=8, n_estimators=21 .................................
[CV] max_features=8, n_estimators=21 .................................
/Users/friedrich/opt/anaconda3/envs/mls_lab/lib/python3.7/site-packages/sklearn/model_selection/_validation.py:531: DataConversionWarning: A column-vector y was passed when a 1d array was expected. Please change the shape of y to (n_samples,), for example using ravel().
  estimator.fit(X_train, y_train, **fit_params)
/Users/friedrich/opt/anaconda3/envs/mls_lab/lib/python3.7/site-packages/sklearn/model_selection/_validation.py:531: DataConversionWarning: A column-vector y was passed when a 1d array was expected. Please change the shape of y to (n_samples,), for example using ravel().
  estimator.fit(X_train, y_train, **fit_params)
[CV]  max_features=7, n_estimators=101, score=(train=1.000, test=0.894), total=   0.9s
[Parallel(n_jobs=-1)]: Done 393 tasks      | elapsed:   25.2s
[CV] max_features=8, n_estimators=31 .................................
/Users/friedrich/opt/anaconda3/envs/mls_lab/lib/python3.7/site-packages/sklearn/model_selection/_validation.py:531: DataConversionWarning: A column-vector y was passed when a 1d array was expected. Please change the shape of y to (n_samples,), for example using ravel().
  estimator.fit(X_train, y_train, **fit_params)
[CV]  max_features=8, n_estimators=21, score=(train=0.999, test=0.876), total=   0.2s
[Parallel(n_jobs=-1)]: Done 394 tasks      | elapsed:   25.3s
[CV] max_features=8, n_estimators=31 .................................
/Users/friedrich/opt/anaconda3/envs/mls_lab/lib/python3.7/site-packages/sklearn/model_selection/_validation.py:531: DataConversionWarning: A column-vector y was passed when a 1d array was expected. Please change the shape of y to (n_samples,), for example using ravel().
  estimator.fit(X_train, y_train, **fit_params)
[CV]  max_features=8, n_estimators=21, score=(train=0.999, test=0.877), total=   0.2s
[Parallel(n_jobs=-1)]: Done 395 tasks      | elapsed:   25.3s
[CV] max_features=8, n_estimators=31 .................................
/Users/friedrich/opt/anaconda3/envs/mls_lab/lib/python3.7/site-packages/sklearn/model_selection/_validation.py:531: DataConversionWarning: A column-vector y was passed when a 1d array was expected. Please change the shape of y to (n_samples,), for example using ravel().
  estimator.fit(X_train, y_train, **fit_params)
[CV]  max_features=7, n_estimators=101, score=(train=1.000, test=0.892), total=   0.9s
[Parallel(n_jobs=-1)]: Done 396 tasks      | elapsed:   25.4s
[CV]  max_features=8, n_estimators=21, score=(train=0.999, test=0.882), total=   0.2s
[Parallel(n_jobs=-1)]: Done 397 tasks      | elapsed:   25.4s
[CV] max_features=8, n_estimators=31 .................................
[CV] max_features=8, n_estimators=31 .................................
/Users/friedrich/opt/anaconda3/envs/mls_lab/lib/python3.7/site-packages/sklearn/model_selection/_validation.py:531: DataConversionWarning: A column-vector y was passed when a 1d array was expected. Please change the shape of y to (n_samples,), for example using ravel().
  estimator.fit(X_train, y_train, **fit_params)
/Users/friedrich/opt/anaconda3/envs/mls_lab/lib/python3.7/site-packages/sklearn/model_selection/_validation.py:531: DataConversionWarning: A column-vector y was passed when a 1d array was expected. Please change the shape of y to (n_samples,), for example using ravel().
  estimator.fit(X_train, y_train, **fit_params)
[CV]  max_features=8, n_estimators=21, score=(train=0.999, test=0.874), total=   0.2s
[Parallel(n_jobs=-1)]: Done 398 tasks      | elapsed:   25.4s
[CV]  max_features=8, n_estimators=21, score=(train=1.000, test=0.899), total=   0.2s
[Parallel(n_jobs=-1)]: Done 399 tasks      | elapsed:   25.4s
[CV] max_features=8, n_estimators=41 .................................
[CV] max_features=8, n_estimators=41 .................................
/Users/friedrich/opt/anaconda3/envs/mls_lab/lib/python3.7/site-packages/sklearn/model_selection/_validation.py:531: DataConversionWarning: A column-vector y was passed when a 1d array was expected. Please change the shape of y to (n_samples,), for example using ravel().
  estimator.fit(X_train, y_train, **fit_params)
/Users/friedrich/opt/anaconda3/envs/mls_lab/lib/python3.7/site-packages/sklearn/model_selection/_validation.py:531: DataConversionWarning: A column-vector y was passed when a 1d array was expected. Please change the shape of y to (n_samples,), for example using ravel().
  estimator.fit(X_train, y_train, **fit_params)
[CV]  max_features=8, n_estimators=31, score=(train=1.000, test=0.886), total=   0.3s
[Parallel(n_jobs=-1)]: Done 400 tasks      | elapsed:   25.6s
[CV] max_features=8, n_estimators=41 .................................
[CV]  max_features=7, n_estimators=101, score=(train=1.000, test=0.874), total=   1.0s
[Parallel(n_jobs=-1)]: Done 401 tasks      | elapsed:   25.6s
/Users/friedrich/opt/anaconda3/envs/mls_lab/lib/python3.7/site-packages/sklearn/model_selection/_validation.py:531: DataConversionWarning: A column-vector y was passed when a 1d array was expected. Please change the shape of y to (n_samples,), for example using ravel().
  estimator.fit(X_train, y_train, **fit_params)
[CV]  max_features=8, n_estimators=31, score=(train=1.000, test=0.886), total=   0.3s
[Parallel(n_jobs=-1)]: Done 402 tasks      | elapsed:   25.7s
[CV] max_features=8, n_estimators=41 .................................
[CV]  max_features=8, n_estimators=31, score=(train=0.999, test=0.879), total=   0.3s
/Users/friedrich/opt/anaconda3/envs/mls_lab/lib/python3.7/site-packages/sklearn/model_selection/_validation.py:531: DataConversionWarning: A column-vector y was passed when a 1d array was expected. Please change the shape of y to (n_samples,), for example using ravel().
  estimator.fit(X_train, y_train, **fit_params)
[CV] max_features=8, n_estimators=41 .................................
[Parallel(n_jobs=-1)]: Done 403 tasks      | elapsed:   25.7s
[CV] max_features=8, n_estimators=51 .................................
/Users/friedrich/opt/anaconda3/envs/mls_lab/lib/python3.7/site-packages/sklearn/model_selection/_validation.py:531: DataConversionWarning: A column-vector y was passed when a 1d array was expected. Please change the shape of y to (n_samples,), for example using ravel().
  estimator.fit(X_train, y_train, **fit_params)
/Users/friedrich/opt/anaconda3/envs/mls_lab/lib/python3.7/site-packages/sklearn/model_selection/_validation.py:531: DataConversionWarning: A column-vector y was passed when a 1d array was expected. Please change the shape of y to (n_samples,), for example using ravel().
  estimator.fit(X_train, y_train, **fit_params)
[CV]  max_features=8, n_estimators=31, score=(train=1.000, test=0.889), total=   0.3s
[Parallel(n_jobs=-1)]: Done 404 tasks      | elapsed:   25.8s
[CV] max_features=8, n_estimators=51 .................................
[CV]  max_features=8, n_estimators=31, score=(train=1.000, test=0.870), total=   0.3s
[Parallel(n_jobs=-1)]: Done 405 tasks      | elapsed:   25.8s
/Users/friedrich/opt/anaconda3/envs/mls_lab/lib/python3.7/site-packages/sklearn/model_selection/_validation.py:531: DataConversionWarning: A column-vector y was passed when a 1d array was expected. Please change the shape of y to (n_samples,), for example using ravel().
  estimator.fit(X_train, y_train, **fit_params)
[CV] max_features=8, n_estimators=51 .................................
/Users/friedrich/opt/anaconda3/envs/mls_lab/lib/python3.7/site-packages/sklearn/model_selection/_validation.py:531: DataConversionWarning: A column-vector y was passed when a 1d array was expected. Please change the shape of y to (n_samples,), for example using ravel().
  estimator.fit(X_train, y_train, **fit_params)
[CV]  max_features=8, n_estimators=41, score=(train=1.000, test=0.876), total=   0.4s
[Parallel(n_jobs=-1)]: Done 406 tasks      | elapsed:   25.9s
[CV]  max_features=8, n_estimators=41, score=(train=1.000, test=0.879), total=   0.4s
[Parallel(n_jobs=-1)]: Done 407 tasks      | elapsed:   25.9s
[CV] max_features=8, n_estimators=51 .................................
[CV] max_features=8, n_estimators=51 .................................
/Users/friedrich/opt/anaconda3/envs/mls_lab/lib/python3.7/site-packages/sklearn/model_selection/_validation.py:531: DataConversionWarning: A column-vector y was passed when a 1d array was expected. Please change the shape of y to (n_samples,), for example using ravel().
  estimator.fit(X_train, y_train, **fit_params)
/Users/friedrich/opt/anaconda3/envs/mls_lab/lib/python3.7/site-packages/sklearn/model_selection/_validation.py:531: DataConversionWarning: A column-vector y was passed when a 1d array was expected. Please change the shape of y to (n_samples,), for example using ravel().
  estimator.fit(X_train, y_train, **fit_params)
[CV]  max_features=8, n_estimators=41, score=(train=1.000, test=0.888), total=   0.4s
[Parallel(n_jobs=-1)]: Done 408 tasks      | elapsed:   26.1s
[CV] max_features=8, n_estimators=61 .................................
/Users/friedrich/opt/anaconda3/envs/mls_lab/lib/python3.7/site-packages/sklearn/model_selection/_validation.py:531: DataConversionWarning: A column-vector y was passed when a 1d array was expected. Please change the shape of y to (n_samples,), for example using ravel().
  estimator.fit(X_train, y_train, **fit_params)
[CV]  max_features=8, n_estimators=41, score=(train=1.000, test=0.902), total=   0.4s
[Parallel(n_jobs=-1)]: Done 409 tasks      | elapsed:   26.2s
[CV]  max_features=8, n_estimators=41, score=(train=1.000, test=0.877), total=   0.4s
[Parallel(n_jobs=-1)]: Done 410 tasks      | elapsed:   26.2s
[CV] max_features=8, n_estimators=61 .................................
/Users/friedrich/opt/anaconda3/envs/mls_lab/lib/python3.7/site-packages/sklearn/model_selection/_validation.py:531: DataConversionWarning: A column-vector y was passed when a 1d array was expected. Please change the shape of y to (n_samples,), for example using ravel().
  estimator.fit(X_train, y_train, **fit_params)
[CV] max_features=8, n_estimators=61 .................................
/Users/friedrich/opt/anaconda3/envs/mls_lab/lib/python3.7/site-packages/sklearn/model_selection/_validation.py:531: DataConversionWarning: A column-vector y was passed when a 1d array was expected. Please change the shape of y to (n_samples,), for example using ravel().
  estimator.fit(X_train, y_train, **fit_params)
[CV]  max_features=8, n_estimators=51, score=(train=1.000, test=0.882), total=   0.6s
[Parallel(n_jobs=-1)]: Done 411 tasks      | elapsed:   26.3s
[CV] max_features=8, n_estimators=61 .................................
/Users/friedrich/opt/anaconda3/envs/mls_lab/lib/python3.7/site-packages/sklearn/model_selection/_validation.py:531: DataConversionWarning: A column-vector y was passed when a 1d array was expected. Please change the shape of y to (n_samples,), for example using ravel().
  estimator.fit(X_train, y_train, **fit_params)
[CV]  max_features=8, n_estimators=51, score=(train=1.000, test=0.883), total=   0.6s
[Parallel(n_jobs=-1)]: Done 412 tasks      | elapsed:   26.4s
[CV]  max_features=8, n_estimators=51, score=(train=1.000, test=0.882), total=   0.6s
[Parallel(n_jobs=-1)]: Done 413 tasks      | elapsed:   26.4s
[CV] max_features=8, n_estimators=61 .................................
/Users/friedrich/opt/anaconda3/envs/mls_lab/lib/python3.7/site-packages/sklearn/model_selection/_validation.py:531: DataConversionWarning: A column-vector y was passed when a 1d array was expected. Please change the shape of y to (n_samples,), for example using ravel().
  estimator.fit(X_train, y_train, **fit_params)
[CV] max_features=8, n_estimators=71 .................................
/Users/friedrich/opt/anaconda3/envs/mls_lab/lib/python3.7/site-packages/sklearn/model_selection/_validation.py:531: DataConversionWarning: A column-vector y was passed when a 1d array was expected. Please change the shape of y to (n_samples,), for example using ravel().
  estimator.fit(X_train, y_train, **fit_params)
[CV]  max_features=8, n_estimators=51, score=(train=1.000, test=0.871), total=   0.6s
[Parallel(n_jobs=-1)]: Done 414 tasks      | elapsed:   26.5s
[CV]  max_features=8, n_estimators=51, score=(train=1.000, test=0.892), total=   0.6s
[Parallel(n_jobs=-1)]: Done 415 tasks      | elapsed:   26.5s
[CV] max_features=8, n_estimators=71 .................................
[CV] max_features=8, n_estimators=71 .................................
/Users/friedrich/opt/anaconda3/envs/mls_lab/lib/python3.7/site-packages/sklearn/model_selection/_validation.py:531: DataConversionWarning: A column-vector y was passed when a 1d array was expected. Please change the shape of y to (n_samples,), for example using ravel().
  estimator.fit(X_train, y_train, **fit_params)
/Users/friedrich/opt/anaconda3/envs/mls_lab/lib/python3.7/site-packages/sklearn/model_selection/_validation.py:531: DataConversionWarning: A column-vector y was passed when a 1d array was expected. Please change the shape of y to (n_samples,), for example using ravel().
  estimator.fit(X_train, y_train, **fit_params)
[CV]  max_features=8, n_estimators=61, score=(train=1.000, test=0.877), total=   0.7s
[Parallel(n_jobs=-1)]: Done 416 tasks      | elapsed:   26.8s
[CV]  max_features=8, n_estimators=61, score=(train=1.000, test=0.885), total=   0.7s
[CV] max_features=8, n_estimators=71 .................................
[Parallel(n_jobs=-1)]: Done 417 tasks      | elapsed:   26.9s
/Users/friedrich/opt/anaconda3/envs/mls_lab/lib/python3.7/site-packages/sklearn/model_selection/_validation.py:531: DataConversionWarning: A column-vector y was passed when a 1d array was expected. Please change the shape of y to (n_samples,), for example using ravel().
  estimator.fit(X_train, y_train, **fit_params)
[CV]  max_features=8, n_estimators=61, score=(train=1.000, test=0.891), total=   0.6s
[Parallel(n_jobs=-1)]: Done 418 tasks      | elapsed:   26.9s
[CV] max_features=8, n_estimators=71 .................................
/Users/friedrich/opt/anaconda3/envs/mls_lab/lib/python3.7/site-packages/sklearn/model_selection/_validation.py:531: DataConversionWarning: A column-vector y was passed when a 1d array was expected. Please change the shape of y to (n_samples,), for example using ravel().
  estimator.fit(X_train, y_train, **fit_params)
[CV] max_features=8, n_estimators=81 .................................
/Users/friedrich/opt/anaconda3/envs/mls_lab/lib/python3.7/site-packages/sklearn/model_selection/_validation.py:531: DataConversionWarning: A column-vector y was passed when a 1d array was expected. Please change the shape of y to (n_samples,), for example using ravel().
  estimator.fit(X_train, y_train, **fit_params)
[CV]  max_features=8, n_estimators=61, score=(train=1.000, test=0.899), total=   0.7s
[Parallel(n_jobs=-1)]: Done 419 tasks      | elapsed:   27.0s
[CV] max_features=8, n_estimators=81 .................................
/Users/friedrich/opt/anaconda3/envs/mls_lab/lib/python3.7/site-packages/sklearn/model_selection/_validation.py:531: DataConversionWarning: A column-vector y was passed when a 1d array was expected. Please change the shape of y to (n_samples,), for example using ravel().
  estimator.fit(X_train, y_train, **fit_params)
[CV]  max_features=8, n_estimators=61, score=(train=1.000, test=0.874), total=   0.6s
[Parallel(n_jobs=-1)]: Done 420 tasks      | elapsed:   27.1s
[CV] max_features=8, n_estimators=81 .................................
/Users/friedrich/opt/anaconda3/envs/mls_lab/lib/python3.7/site-packages/sklearn/model_selection/_validation.py:531: DataConversionWarning: A column-vector y was passed when a 1d array was expected. Please change the shape of y to (n_samples,), for example using ravel().
  estimator.fit(X_train, y_train, **fit_params)
[CV]  max_features=8, n_estimators=71, score=(train=1.000, test=0.876), total=   0.8s
[Parallel(n_jobs=-1)]: Done 421 tasks      | elapsed:   27.2s
[CV] max_features=8, n_estimators=81 .................................
/Users/friedrich/opt/anaconda3/envs/mls_lab/lib/python3.7/site-packages/sklearn/model_selection/_validation.py:531: DataConversionWarning: A column-vector y was passed when a 1d array was expected. Please change the shape of y to (n_samples,), for example using ravel().
  estimator.fit(X_train, y_train, **fit_params)
[CV]  max_features=8, n_estimators=71, score=(train=1.000, test=0.894), total=   0.7s
[Parallel(n_jobs=-1)]: Done 422 tasks      | elapsed:   27.4s
[CV] max_features=8, n_estimators=81 .................................
[CV]  max_features=8, n_estimators=71, score=(train=1.000, test=0.882), total=   0.7s
[Parallel(n_jobs=-1)]: Done 423 tasks      | elapsed:   27.4s
[CV] max_features=8, n_estimators=91 .................................
/Users/friedrich/opt/anaconda3/envs/mls_lab/lib/python3.7/site-packages/sklearn/model_selection/_validation.py:531: DataConversionWarning: A column-vector y was passed when a 1d array was expected. Please change the shape of y to (n_samples,), for example using ravel().
  estimator.fit(X_train, y_train, **fit_params)
/Users/friedrich/opt/anaconda3/envs/mls_lab/lib/python3.7/site-packages/sklearn/model_selection/_validation.py:531: DataConversionWarning: A column-vector y was passed when a 1d array was expected. Please change the shape of y to (n_samples,), for example using ravel().
  estimator.fit(X_train, y_train, **fit_params)
[CV]  max_features=8, n_estimators=71, score=(train=1.000, test=0.908), total=   0.7s
[Parallel(n_jobs=-1)]: Done 424 tasks      | elapsed:   27.6s
[CV] max_features=8, n_estimators=91 .................................
/Users/friedrich/opt/anaconda3/envs/mls_lab/lib/python3.7/site-packages/sklearn/model_selection/_validation.py:531: DataConversionWarning: A column-vector y was passed when a 1d array was expected. Please change the shape of y to (n_samples,), for example using ravel().
  estimator.fit(X_train, y_train, **fit_params)
[CV]  max_features=8, n_estimators=71, score=(train=1.000, test=0.879), total=   0.7s
[Parallel(n_jobs=-1)]: Done 425 tasks      | elapsed:   27.7s
[CV] max_features=8, n_estimators=91 .................................
/Users/friedrich/opt/anaconda3/envs/mls_lab/lib/python3.7/site-packages/sklearn/model_selection/_validation.py:531: DataConversionWarning: A column-vector y was passed when a 1d array was expected. Please change the shape of y to (n_samples,), for example using ravel().
  estimator.fit(X_train, y_train, **fit_params)
[CV]  max_features=8, n_estimators=81, score=(train=1.000, test=0.877), total=   0.8s
[Parallel(n_jobs=-1)]: Done 426 tasks      | elapsed:   27.8s
[CV] max_features=8, n_estimators=91 .................................
/Users/friedrich/opt/anaconda3/envs/mls_lab/lib/python3.7/site-packages/sklearn/model_selection/_validation.py:531: DataConversionWarning: A column-vector y was passed when a 1d array was expected. Please change the shape of y to (n_samples,), for example using ravel().
  estimator.fit(X_train, y_train, **fit_params)
[CV]  max_features=8, n_estimators=81, score=(train=1.000, test=0.897), total=   0.8s
[Parallel(n_jobs=-1)]: Done 427 tasks      | elapsed:   27.9s
[CV] max_features=8, n_estimators=91 .................................
/Users/friedrich/opt/anaconda3/envs/mls_lab/lib/python3.7/site-packages/sklearn/model_selection/_validation.py:531: DataConversionWarning: A column-vector y was passed when a 1d array was expected. Please change the shape of y to (n_samples,), for example using ravel().
  estimator.fit(X_train, y_train, **fit_params)
[CV]  max_features=8, n_estimators=81, score=(train=1.000, test=0.892), total=   0.8s
[Parallel(n_jobs=-1)]: Done 428 tasks      | elapsed:   28.0s
[CV] max_features=8, n_estimators=101 ................................
/Users/friedrich/opt/anaconda3/envs/mls_lab/lib/python3.7/site-packages/sklearn/model_selection/_validation.py:531: DataConversionWarning: A column-vector y was passed when a 1d array was expected. Please change the shape of y to (n_samples,), for example using ravel().
  estimator.fit(X_train, y_train, **fit_params)
[CV]  max_features=8, n_estimators=81, score=(train=1.000, test=0.898), total=   0.8s
[Parallel(n_jobs=-1)]: Done 429 tasks      | elapsed:   28.1s
[CV] max_features=8, n_estimators=101 ................................
/Users/friedrich/opt/anaconda3/envs/mls_lab/lib/python3.7/site-packages/sklearn/model_selection/_validation.py:531: DataConversionWarning: A column-vector y was passed when a 1d array was expected. Please change the shape of y to (n_samples,), for example using ravel().
  estimator.fit(X_train, y_train, **fit_params)
[CV]  max_features=8, n_estimators=81, score=(train=1.000, test=0.870), total=   0.8s
[Parallel(n_jobs=-1)]: Done 430 tasks      | elapsed:   28.2s
[CV] max_features=8, n_estimators=101 ................................
/Users/friedrich/opt/anaconda3/envs/mls_lab/lib/python3.7/site-packages/sklearn/model_selection/_validation.py:531: DataConversionWarning: A column-vector y was passed when a 1d array was expected. Please change the shape of y to (n_samples,), for example using ravel().
  estimator.fit(X_train, y_train, **fit_params)
[CV]  max_features=8, n_estimators=91, score=(train=1.000, test=0.885), total=   0.9s
[Parallel(n_jobs=-1)]: Done 431 tasks      | elapsed:   28.4s
[CV] max_features=8, n_estimators=101 ................................
/Users/friedrich/opt/anaconda3/envs/mls_lab/lib/python3.7/site-packages/sklearn/model_selection/_validation.py:531: DataConversionWarning: A column-vector y was passed when a 1d array was expected. Please change the shape of y to (n_samples,), for example using ravel().
  estimator.fit(X_train, y_train, **fit_params)
[CV]  max_features=8, n_estimators=91, score=(train=1.000, test=0.888), total=   0.9s
[Parallel(n_jobs=-1)]: Done 432 tasks      | elapsed:   28.6s
[CV] max_features=8, n_estimators=101 ................................
/Users/friedrich/opt/anaconda3/envs/mls_lab/lib/python3.7/site-packages/sklearn/model_selection/_validation.py:531: DataConversionWarning: A column-vector y was passed when a 1d array was expected. Please change the shape of y to (n_samples,), for example using ravel().
  estimator.fit(X_train, y_train, **fit_params)
[CV]  max_features=8, n_estimators=91, score=(train=1.000, test=0.886), total=   0.9s
[Parallel(n_jobs=-1)]: Done 433 tasks      | elapsed:   28.7s
[CV] max_features=9, n_estimators=1 ..................................
/Users/friedrich/opt/anaconda3/envs/mls_lab/lib/python3.7/site-packages/sklearn/model_selection/_validation.py:531: DataConversionWarning: A column-vector y was passed when a 1d array was expected. Please change the shape of y to (n_samples,), for example using ravel().
  estimator.fit(X_train, y_train, **fit_params)
[CV]  max_features=9, n_estimators=1, score=(train=0.939, test=0.805), total=   0.0s
[Parallel(n_jobs=-1)]: Done 434 tasks      | elapsed:   28.7s
[CV] max_features=9, n_estimators=1 ..................................
/Users/friedrich/opt/anaconda3/envs/mls_lab/lib/python3.7/site-packages/sklearn/model_selection/_validation.py:531: DataConversionWarning: A column-vector y was passed when a 1d array was expected. Please change the shape of y to (n_samples,), for example using ravel().
  estimator.fit(X_train, y_train, **fit_params)
[CV]  max_features=8, n_estimators=91, score=(train=1.000, test=0.899), total=   0.9s
[Parallel(n_jobs=-1)]: Done 435 tasks      | elapsed:   28.8s
[CV]  max_features=9, n_estimators=1, score=(train=0.930, test=0.821), total=   0.0s
[Parallel(n_jobs=-1)]: Done 436 tasks      | elapsed:   28.8s
[CV] max_features=9, n_estimators=1 ..................................
/Users/friedrich/opt/anaconda3/envs/mls_lab/lib/python3.7/site-packages/sklearn/model_selection/_validation.py:531: DataConversionWarning: A column-vector y was passed when a 1d array was expected. Please change the shape of y to (n_samples,), for example using ravel().
  estimator.fit(X_train, y_train, **fit_params)
[CV] max_features=9, n_estimators=1 ..................................
/Users/friedrich/opt/anaconda3/envs/mls_lab/lib/python3.7/site-packages/sklearn/model_selection/_validation.py:531: DataConversionWarning: A column-vector y was passed when a 1d array was expected. Please change the shape of y to (n_samples,), for example using ravel().
  estimator.fit(X_train, y_train, **fit_params)
[CV]  max_features=9, n_estimators=1, score=(train=0.931, test=0.795), total=   0.0s
[Parallel(n_jobs=-1)]: Done 437 tasks      | elapsed:   28.8s
[CV] max_features=9, n_estimators=1 ..................................
[CV]  max_features=9, n_estimators=1, score=(train=0.933, test=0.834), total=   0.0s
[Parallel(n_jobs=-1)]: Done 438 tasks      | elapsed:   28.9s
[CV] max_features=9, n_estimators=11 .................................
/Users/friedrich/opt/anaconda3/envs/mls_lab/lib/python3.7/site-packages/sklearn/model_selection/_validation.py:531: DataConversionWarning: A column-vector y was passed when a 1d array was expected. Please change the shape of y to (n_samples,), for example using ravel().
  estimator.fit(X_train, y_train, **fit_params)
/Users/friedrich/opt/anaconda3/envs/mls_lab/lib/python3.7/site-packages/sklearn/model_selection/_validation.py:531: DataConversionWarning: A column-vector y was passed when a 1d array was expected. Please change the shape of y to (n_samples,), for example using ravel().
  estimator.fit(X_train, y_train, **fit_params)
[CV]  max_features=9, n_estimators=1, score=(train=0.934, test=0.817), total=   0.0s
[Parallel(n_jobs=-1)]: Done 439 tasks      | elapsed:   28.9s
[CV] max_features=9, n_estimators=11 .................................
/Users/friedrich/opt/anaconda3/envs/mls_lab/lib/python3.7/site-packages/sklearn/model_selection/_validation.py:531: DataConversionWarning: A column-vector y was passed when a 1d array was expected. Please change the shape of y to (n_samples,), for example using ravel().
  estimator.fit(X_train, y_train, **fit_params)
[CV]  max_features=8, n_estimators=91, score=(train=1.000, test=0.879), total=   0.9s
[Parallel(n_jobs=-1)]: Done 440 tasks      | elapsed:   28.9s
[CV] max_features=9, n_estimators=11 .................................
/Users/friedrich/opt/anaconda3/envs/mls_lab/lib/python3.7/site-packages/sklearn/model_selection/_validation.py:531: DataConversionWarning: A column-vector y was passed when a 1d array was expected. Please change the shape of y to (n_samples,), for example using ravel().
  estimator.fit(X_train, y_train, **fit_params)
[CV]  max_features=9, n_estimators=11, score=(train=0.993, test=0.852), total=   0.2s
[Parallel(n_jobs=-1)]: Done 441 tasks      | elapsed:   29.0s
[CV] max_features=9, n_estimators=11 .................................
/Users/friedrich/opt/anaconda3/envs/mls_lab/lib/python3.7/site-packages/sklearn/model_selection/_validation.py:531: DataConversionWarning: A column-vector y was passed when a 1d array was expected. Please change the shape of y to (n_samples,), for example using ravel().
  estimator.fit(X_train, y_train, **fit_params)
[CV]  max_features=9, n_estimators=11, score=(train=0.996, test=0.876), total=   0.1s
[Parallel(n_jobs=-1)]: Done 442 tasks      | elapsed:   29.1s
[CV] max_features=9, n_estimators=11 .................................
/Users/friedrich/opt/anaconda3/envs/mls_lab/lib/python3.7/site-packages/sklearn/model_selection/_validation.py:531: DataConversionWarning: A column-vector y was passed when a 1d array was expected. Please change the shape of y to (n_samples,), for example using ravel().
  estimator.fit(X_train, y_train, **fit_params)
[CV]  max_features=8, n_estimators=101, score=(train=1.000, test=0.871), total=   1.0s
[Parallel(n_jobs=-1)]: Done 443 tasks      | elapsed:   29.1s
[CV]  max_features=9, n_estimators=11, score=(train=0.994, test=0.876), total=   0.1s
[Parallel(n_jobs=-1)]: Done 444 tasks      | elapsed:   29.1s
[CV] max_features=9, n_estimators=21 .................................
[CV] max_features=9, n_estimators=21 .................................
/Users/friedrich/opt/anaconda3/envs/mls_lab/lib/python3.7/site-packages/sklearn/model_selection/_validation.py:531: DataConversionWarning: A column-vector y was passed when a 1d array was expected. Please change the shape of y to (n_samples,), for example using ravel().
  estimator.fit(X_train, y_train, **fit_params)
/Users/friedrich/opt/anaconda3/envs/mls_lab/lib/python3.7/site-packages/sklearn/model_selection/_validation.py:531: DataConversionWarning: A column-vector y was passed when a 1d array was expected. Please change the shape of y to (n_samples,), for example using ravel().
  estimator.fit(X_train, y_train, **fit_params)
[CV]  max_features=9, n_estimators=11, score=(train=0.997, test=0.891), total=   0.1s
[Parallel(n_jobs=-1)]: Done 445 tasks      | elapsed:   29.2s
[CV] max_features=9, n_estimators=21 .................................
/Users/friedrich/opt/anaconda3/envs/mls_lab/lib/python3.7/site-packages/sklearn/model_selection/_validation.py:531: DataConversionWarning: A column-vector y was passed when a 1d array was expected. Please change the shape of y to (n_samples,), for example using ravel().
  estimator.fit(X_train, y_train, **fit_params)
[CV]  max_features=9, n_estimators=11, score=(train=0.996, test=0.857), total=   0.1s
[Parallel(n_jobs=-1)]: Done 446 tasks      | elapsed:   29.2s
[CV]  max_features=8, n_estimators=101, score=(train=1.000, test=0.891), total=   1.0s
[Parallel(n_jobs=-1)]: Done 447 tasks      | elapsed:   29.2s
[CV] max_features=9, n_estimators=21 .................................
/Users/friedrich/opt/anaconda3/envs/mls_lab/lib/python3.7/site-packages/sklearn/model_selection/_validation.py:531: DataConversionWarning: A column-vector y was passed when a 1d array was expected. Please change the shape of y to (n_samples,), for example using ravel().
  estimator.fit(X_train, y_train, **fit_params)
[CV] max_features=9, n_estimators=21 .................................
/Users/friedrich/opt/anaconda3/envs/mls_lab/lib/python3.7/site-packages/sklearn/model_selection/_validation.py:531: DataConversionWarning: A column-vector y was passed when a 1d array was expected. Please change the shape of y to (n_samples,), for example using ravel().
  estimator.fit(X_train, y_train, **fit_params)
[CV]  max_features=8, n_estimators=101, score=(train=1.000, test=0.886), total=   1.0s
[Parallel(n_jobs=-1)]: Done 448 tasks      | elapsed:   29.4s
[CV]  max_features=9, n_estimators=21, score=(train=0.998, test=0.877), total=   0.2s
[Parallel(n_jobs=-1)]: Done 449 tasks      | elapsed:   29.4s
[CV]  max_features=9, n_estimators=21, score=(train=0.997, test=0.883), total=   0.2s
[CV] max_features=9, n_estimators=31 .................................
[Parallel(n_jobs=-1)]: Done 450 tasks      | elapsed:   29.4s
[CV] max_features=9, n_estimators=31 .................................
[CV] max_features=9, n_estimators=31 .................................
/Users/friedrich/opt/anaconda3/envs/mls_lab/lib/python3.7/site-packages/sklearn/model_selection/_validation.py:531: DataConversionWarning: A column-vector y was passed when a 1d array was expected. Please change the shape of y to (n_samples,), for example using ravel().
  estimator.fit(X_train, y_train, **fit_params)
/Users/friedrich/opt/anaconda3/envs/mls_lab/lib/python3.7/site-packages/sklearn/model_selection/_validation.py:531: DataConversionWarning: A column-vector y was passed when a 1d array was expected. Please change the shape of y to (n_samples,), for example using ravel().
  estimator.fit(X_train, y_train, **fit_params)
/Users/friedrich/opt/anaconda3/envs/mls_lab/lib/python3.7/site-packages/sklearn/model_selection/_validation.py:531: DataConversionWarning: A column-vector y was passed when a 1d array was expected. Please change the shape of y to (n_samples,), for example using ravel().
  estimator.fit(X_train, y_train, **fit_params)
[CV]  max_features=9, n_estimators=21, score=(train=0.999, test=0.867), total=   0.2s
[Parallel(n_jobs=-1)]: Done 451 tasks      | elapsed:   29.5s
[CV] max_features=9, n_estimators=31 .................................
/Users/friedrich/opt/anaconda3/envs/mls_lab/lib/python3.7/site-packages/sklearn/model_selection/_validation.py:531: DataConversionWarning: A column-vector y was passed when a 1d array was expected. Please change the shape of y to (n_samples,), for example using ravel().
  estimator.fit(X_train, y_train, **fit_params)
[CV]  max_features=9, n_estimators=21, score=(train=0.999, test=0.882), total=   0.2s
[Parallel(n_jobs=-1)]: Done 452 tasks      | elapsed:   29.5s
[CV] max_features=9, n_estimators=31 .................................
/Users/friedrich/opt/anaconda3/envs/mls_lab/lib/python3.7/site-packages/sklearn/model_selection/_validation.py:531: DataConversionWarning: A column-vector y was passed when a 1d array was expected. Please change the shape of y to (n_samples,), for example using ravel().
  estimator.fit(X_train, y_train, **fit_params)
[CV]  max_features=8, n_estimators=101, score=(train=1.000, test=0.899), total=   1.0s
[Parallel(n_jobs=-1)]: Done 453 tasks      | elapsed:   29.5s
[CV]  max_features=9, n_estimators=21, score=(train=0.999, test=0.864), total=   0.2s
[Parallel(n_jobs=-1)]: Done 454 tasks      | elapsed:   29.5s
[CV] max_features=9, n_estimators=41 .................................
/Users/friedrich/opt/anaconda3/envs/mls_lab/lib/python3.7/site-packages/sklearn/model_selection/_validation.py:531: DataConversionWarning: A column-vector y was passed when a 1d array was expected. Please change the shape of y to (n_samples,), for example using ravel().
  estimator.fit(X_train, y_train, **fit_params)
[CV] max_features=9, n_estimators=41 .................................
/Users/friedrich/opt/anaconda3/envs/mls_lab/lib/python3.7/site-packages/sklearn/model_selection/_validation.py:531: DataConversionWarning: A column-vector y was passed when a 1d array was expected. Please change the shape of y to (n_samples,), for example using ravel().
  estimator.fit(X_train, y_train, **fit_params)
[CV]  max_features=8, n_estimators=101, score=(train=1.000, test=0.870), total=   1.0s
[Parallel(n_jobs=-1)]: Done 455 tasks      | elapsed:   29.8s
[CV]  max_features=9, n_estimators=31, score=(train=0.999, test=0.891), total=   0.3s
[Parallel(n_jobs=-1)]: Done 456 tasks      | elapsed:   29.8s
[CV]  max_features=9, n_estimators=31, score=(train=1.000, test=0.886), total=   0.3s
[Parallel(n_jobs=-1)]: Done 457 tasks      | elapsed:   29.8s
[CV] max_features=9, n_estimators=41 .................................
[CV]  max_features=9, n_estimators=31, score=(train=0.999, test=0.880), total=   0.4s
[CV] max_features=9, n_estimators=41 .................................
[Parallel(n_jobs=-1)]: Done 458 tasks      | elapsed:   29.8s
[CV] max_features=9, n_estimators=41 .................................
/Users/friedrich/opt/anaconda3/envs/mls_lab/lib/python3.7/site-packages/sklearn/model_selection/_validation.py:531: DataConversionWarning: A column-vector y was passed when a 1d array was expected. Please change the shape of y to (n_samples,), for example using ravel().
  estimator.fit(X_train, y_train, **fit_params)
/Users/friedrich/opt/anaconda3/envs/mls_lab/lib/python3.7/site-packages/sklearn/model_selection/_validation.py:531: DataConversionWarning: A column-vector y was passed when a 1d array was expected. Please change the shape of y to (n_samples,), for example using ravel().
  estimator.fit(X_train, y_train, **fit_params)
[CV] max_features=9, n_estimators=51 .................................
/Users/friedrich/opt/anaconda3/envs/mls_lab/lib/python3.7/site-packages/sklearn/model_selection/_validation.py:531: DataConversionWarning: A column-vector y was passed when a 1d array was expected. Please change the shape of y to (n_samples,), for example using ravel().
  estimator.fit(X_train, y_train, **fit_params)
/Users/friedrich/opt/anaconda3/envs/mls_lab/lib/python3.7/site-packages/sklearn/model_selection/_validation.py:531: DataConversionWarning: A column-vector y was passed when a 1d array was expected. Please change the shape of y to (n_samples,), for example using ravel().
  estimator.fit(X_train, y_train, **fit_params)
[CV]  max_features=9, n_estimators=31, score=(train=1.000, test=0.896), total=   0.4s
[Parallel(n_jobs=-1)]: Done 459 tasks      | elapsed:   29.9s
[CV]  max_features=9, n_estimators=31, score=(train=1.000, test=0.871), total=   0.4s
[Parallel(n_jobs=-1)]: Done 460 tasks      | elapsed:   29.9s
[CV] max_features=9, n_estimators=51 .................................
/Users/friedrich/opt/anaconda3/envs/mls_lab/lib/python3.7/site-packages/sklearn/model_selection/_validation.py:531: DataConversionWarning: A column-vector y was passed when a 1d array was expected. Please change the shape of y to (n_samples,), for example using ravel().
  estimator.fit(X_train, y_train, **fit_params)
[CV] max_features=9, n_estimators=51 .................................
/Users/friedrich/opt/anaconda3/envs/mls_lab/lib/python3.7/site-packages/sklearn/model_selection/_validation.py:531: DataConversionWarning: A column-vector y was passed when a 1d array was expected. Please change the shape of y to (n_samples,), for example using ravel().
  estimator.fit(X_train, y_train, **fit_params)
[CV]  max_features=9, n_estimators=41, score=(train=1.000, test=0.873), total=   0.5s
[Parallel(n_jobs=-1)]: Done 461 tasks      | elapsed:   30.0s
[CV]  max_features=9, n_estimators=41, score=(train=1.000, test=0.879), total=   0.5s
[Parallel(n_jobs=-1)]: Done 462 tasks      | elapsed:   30.0s
[CV] max_features=9, n_estimators=51 .................................
[CV] max_features=9, n_estimators=51 .................................
/Users/friedrich/opt/anaconda3/envs/mls_lab/lib/python3.7/site-packages/sklearn/model_selection/_validation.py:531: DataConversionWarning: A column-vector y was passed when a 1d array was expected. Please change the shape of y to (n_samples,), for example using ravel().
  estimator.fit(X_train, y_train, **fit_params)
/Users/friedrich/opt/anaconda3/envs/mls_lab/lib/python3.7/site-packages/sklearn/model_selection/_validation.py:531: DataConversionWarning: A column-vector y was passed when a 1d array was expected. Please change the shape of y to (n_samples,), for example using ravel().
  estimator.fit(X_train, y_train, **fit_params)
[CV]  max_features=9, n_estimators=41, score=(train=1.000, test=0.888), total=   0.5s
[Parallel(n_jobs=-1)]: Done 463 tasks      | elapsed:   30.3s
[CV]  max_features=9, n_estimators=41, score=(train=1.000, test=0.871), total=   0.4s
[Parallel(n_jobs=-1)]: Done 464 tasks      | elapsed:   30.3s
[CV]  max_features=9, n_estimators=41, score=(train=1.000, test=0.891), total=   0.5s
[Parallel(n_jobs=-1)]: Done 465 tasks      | elapsed:   30.3s
[CV] max_features=9, n_estimators=61 .................................
[CV] max_features=9, n_estimators=61 .................................
/Users/friedrich/opt/anaconda3/envs/mls_lab/lib/python3.7/site-packages/sklearn/model_selection/_validation.py:531: DataConversionWarning: A column-vector y was passed when a 1d array was expected. Please change the shape of y to (n_samples,), for example using ravel().
  estimator.fit(X_train, y_train, **fit_params)
[CV] max_features=9, n_estimators=61 .................................
/Users/friedrich/opt/anaconda3/envs/mls_lab/lib/python3.7/site-packages/sklearn/model_selection/_validation.py:531: DataConversionWarning: A column-vector y was passed when a 1d array was expected. Please change the shape of y to (n_samples,), for example using ravel().
  estimator.fit(X_train, y_train, **fit_params)
/Users/friedrich/opt/anaconda3/envs/mls_lab/lib/python3.7/site-packages/sklearn/model_selection/_validation.py:531: DataConversionWarning: A column-vector y was passed when a 1d array was expected. Please change the shape of y to (n_samples,), for example using ravel().
  estimator.fit(X_train, y_train, **fit_params)
[CV]  max_features=9, n_estimators=51, score=(train=0.999, test=0.873), total=   0.6s
[Parallel(n_jobs=-1)]: Done 466 tasks      | elapsed:   30.4s
[CV] max_features=9, n_estimators=61 .................................
/Users/friedrich/opt/anaconda3/envs/mls_lab/lib/python3.7/site-packages/sklearn/model_selection/_validation.py:531: DataConversionWarning: A column-vector y was passed when a 1d array was expected. Please change the shape of y to (n_samples,), for example using ravel().
  estimator.fit(X_train, y_train, **fit_params)
[CV]  max_features=9, n_estimators=51, score=(train=1.000, test=0.886), total=   0.6s
[Parallel(n_jobs=-1)]: Done 467 tasks      | elapsed:   30.5s
[CV]  max_features=9, n_estimators=51, score=(train=1.000, test=0.892), total=   0.5s
[Parallel(n_jobs=-1)]: Done 468 tasks      | elapsed:   30.5s
[CV] max_features=9, n_estimators=61 .................................
[CV] max_features=9, n_estimators=71 .................................
/Users/friedrich/opt/anaconda3/envs/mls_lab/lib/python3.7/site-packages/sklearn/model_selection/_validation.py:531: DataConversionWarning: A column-vector y was passed when a 1d array was expected. Please change the shape of y to (n_samples,), for example using ravel().
  estimator.fit(X_train, y_train, **fit_params)
/Users/friedrich/opt/anaconda3/envs/mls_lab/lib/python3.7/site-packages/sklearn/model_selection/_validation.py:531: DataConversionWarning: A column-vector y was passed when a 1d array was expected. Please change the shape of y to (n_samples,), for example using ravel().
  estimator.fit(X_train, y_train, **fit_params)
[CV]  max_features=9, n_estimators=51, score=(train=1.000, test=0.896), total=   0.6s
[Parallel(n_jobs=-1)]: Done 469 tasks      | elapsed:   30.6s
[CV]  max_features=9, n_estimators=51, score=(train=1.000, test=0.864), total=   0.6s
[Parallel(n_jobs=-1)]: Done 470 tasks      | elapsed:   30.6s
[CV] max_features=9, n_estimators=71 .................................
[CV] max_features=9, n_estimators=71 .................................
/Users/friedrich/opt/anaconda3/envs/mls_lab/lib/python3.7/site-packages/sklearn/model_selection/_validation.py:531: DataConversionWarning: A column-vector y was passed when a 1d array was expected. Please change the shape of y to (n_samples,), for example using ravel().
  estimator.fit(X_train, y_train, **fit_params)
/Users/friedrich/opt/anaconda3/envs/mls_lab/lib/python3.7/site-packages/sklearn/model_selection/_validation.py:531: DataConversionWarning: A column-vector y was passed when a 1d array was expected. Please change the shape of y to (n_samples,), for example using ravel().
  estimator.fit(X_train, y_train, **fit_params)
[CV]  max_features=9, n_estimators=61, score=(train=1.000, test=0.876), total=   0.6s
[Parallel(n_jobs=-1)]: Done 471 tasks      | elapsed:   31.0s
[CV]  max_features=9, n_estimators=61, score=(train=1.000, test=0.889), total=   0.6s
[Parallel(n_jobs=-1)]: Done 472 tasks      | elapsed:   31.0s
[CV]  max_features=9, n_estimators=61, score=(train=1.000, test=0.889), total=   0.6s
[Parallel(n_jobs=-1)]: Done 473 tasks      | elapsed:   31.0s
[CV] max_features=9, n_estimators=71 .................................
[CV] max_features=9, n_estimators=71 .................................
/Users/friedrich/opt/anaconda3/envs/mls_lab/lib/python3.7/site-packages/sklearn/model_selection/_validation.py:531: DataConversionWarning: A column-vector y was passed when a 1d array was expected. Please change the shape of y to (n_samples,), for example using ravel().
  estimator.fit(X_train, y_train, **fit_params)
/Users/friedrich/opt/anaconda3/envs/mls_lab/lib/python3.7/site-packages/sklearn/model_selection/_validation.py:531: DataConversionWarning: A column-vector y was passed when a 1d array was expected. Please change the shape of y to (n_samples,), for example using ravel().
  estimator.fit(X_train, y_train, **fit_params)
[CV] max_features=9, n_estimators=81 .................................
/Users/friedrich/opt/anaconda3/envs/mls_lab/lib/python3.7/site-packages/sklearn/model_selection/_validation.py:531: DataConversionWarning: A column-vector y was passed when a 1d array was expected. Please change the shape of y to (n_samples,), for example using ravel().
  estimator.fit(X_train, y_train, **fit_params)
[CV]  max_features=9, n_estimators=61, score=(train=1.000, test=0.901), total=   0.6s
[Parallel(n_jobs=-1)]: Done 474 tasks      | elapsed:   31.1s
[CV] max_features=9, n_estimators=81 .................................
/Users/friedrich/opt/anaconda3/envs/mls_lab/lib/python3.7/site-packages/sklearn/model_selection/_validation.py:531: DataConversionWarning: A column-vector y was passed when a 1d array was expected. Please change the shape of y to (n_samples,), for example using ravel().
  estimator.fit(X_train, y_train, **fit_params)
[CV]  max_features=9, n_estimators=61, score=(train=1.000, test=0.861), total=   0.6s
[Parallel(n_jobs=-1)]: Done 475 tasks      | elapsed:   31.2s
[CV] max_features=9, n_estimators=81 .................................
/Users/friedrich/opt/anaconda3/envs/mls_lab/lib/python3.7/site-packages/sklearn/model_selection/_validation.py:531: DataConversionWarning: A column-vector y was passed when a 1d array was expected. Please change the shape of y to (n_samples,), for example using ravel().
  estimator.fit(X_train, y_train, **fit_params)
[CV]  max_features=9, n_estimators=71, score=(train=1.000, test=0.882), total=   0.8s
[Parallel(n_jobs=-1)]: Done 476 tasks      | elapsed:   31.3s
[CV] max_features=9, n_estimators=81 .................................
/Users/friedrich/opt/anaconda3/envs/mls_lab/lib/python3.7/site-packages/sklearn/model_selection/_validation.py:531: DataConversionWarning: A column-vector y was passed when a 1d array was expected. Please change the shape of y to (n_samples,), for example using ravel().
  estimator.fit(X_train, y_train, **fit_params)
[CV]  max_features=9, n_estimators=71, score=(train=1.000, test=0.889), total=   0.7s
[Parallel(n_jobs=-1)]: Done 477 tasks      | elapsed:   31.5s
[CV]  max_features=9, n_estimators=71, score=(train=1.000, test=0.885), total=   0.7s
[Parallel(n_jobs=-1)]: Done 478 tasks      | elapsed:   31.5s
[CV] max_features=9, n_estimators=81 .................................
[CV] max_features=9, n_estimators=91 .................................
/Users/friedrich/opt/anaconda3/envs/mls_lab/lib/python3.7/site-packages/sklearn/model_selection/_validation.py:531: DataConversionWarning: A column-vector y was passed when a 1d array was expected. Please change the shape of y to (n_samples,), for example using ravel().
  estimator.fit(X_train, y_train, **fit_params)
/Users/friedrich/opt/anaconda3/envs/mls_lab/lib/python3.7/site-packages/sklearn/model_selection/_validation.py:531: DataConversionWarning: A column-vector y was passed when a 1d array was expected. Please change the shape of y to (n_samples,), for example using ravel().
  estimator.fit(X_train, y_train, **fit_params)
[CV]  max_features=9, n_estimators=71, score=(train=1.000, test=0.882), total=   0.7s
[Parallel(n_jobs=-1)]: Done 479 tasks      | elapsed:   31.8s
[CV]  max_features=9, n_estimators=71, score=(train=1.000, test=0.896), total=   0.7s
[Parallel(n_jobs=-1)]: Done 480 tasks      | elapsed:   31.8s
[CV] max_features=9, n_estimators=91 .................................
[CV] max_features=9, n_estimators=91 .................................
/Users/friedrich/opt/anaconda3/envs/mls_lab/lib/python3.7/site-packages/sklearn/model_selection/_validation.py:531: DataConversionWarning: A column-vector y was passed when a 1d array was expected. Please change the shape of y to (n_samples,), for example using ravel().
  estimator.fit(X_train, y_train, **fit_params)
/Users/friedrich/opt/anaconda3/envs/mls_lab/lib/python3.7/site-packages/sklearn/model_selection/_validation.py:531: DataConversionWarning: A column-vector y was passed when a 1d array was expected. Please change the shape of y to (n_samples,), for example using ravel().
  estimator.fit(X_train, y_train, **fit_params)
[CV]  max_features=9, n_estimators=81, score=(train=1.000, test=0.874), total=   0.8s
[Parallel(n_jobs=-1)]: Done 481 tasks      | elapsed:   31.9s
[CV] max_features=9, n_estimators=91 .................................
/Users/friedrich/opt/anaconda3/envs/mls_lab/lib/python3.7/site-packages/sklearn/model_selection/_validation.py:531: DataConversionWarning: A column-vector y was passed when a 1d array was expected. Please change the shape of y to (n_samples,), for example using ravel().
  estimator.fit(X_train, y_train, **fit_params)
[CV]  max_features=9, n_estimators=81, score=(train=1.000, test=0.885), total=   0.8s
[Parallel(n_jobs=-1)]: Done 482 tasks      | elapsed:   32.0s
[CV] max_features=9, n_estimators=91 .................................
/Users/friedrich/opt/anaconda3/envs/mls_lab/lib/python3.7/site-packages/sklearn/model_selection/_validation.py:531: DataConversionWarning: A column-vector y was passed when a 1d array was expected. Please change the shape of y to (n_samples,), for example using ravel().
  estimator.fit(X_train, y_train, **fit_params)
[CV]  max_features=9, n_estimators=81, score=(train=1.000, test=0.895), total=   0.8s
[Parallel(n_jobs=-1)]: Done 483 tasks      | elapsed:   32.1s
[CV] max_features=9, n_estimators=101 ................................
/Users/friedrich/opt/anaconda3/envs/mls_lab/lib/python3.7/site-packages/sklearn/model_selection/_validation.py:531: DataConversionWarning: A column-vector y was passed when a 1d array was expected. Please change the shape of y to (n_samples,), for example using ravel().
  estimator.fit(X_train, y_train, **fit_params)
[CV]  max_features=9, n_estimators=81, score=(train=1.000, test=0.898), total=   0.8s
[Parallel(n_jobs=-1)]: Done 484 tasks      | elapsed:   32.3s
[CV] max_features=9, n_estimators=101 ................................
/Users/friedrich/opt/anaconda3/envs/mls_lab/lib/python3.7/site-packages/sklearn/model_selection/_validation.py:531: DataConversionWarning: A column-vector y was passed when a 1d array was expected. Please change the shape of y to (n_samples,), for example using ravel().
  estimator.fit(X_train, y_train, **fit_params)
[CV]  max_features=9, n_estimators=81, score=(train=1.000, test=0.870), total=   0.9s
[Parallel(n_jobs=-1)]: Done 485 tasks      | elapsed:   32.4s
[CV] max_features=9, n_estimators=101 ................................
/Users/friedrich/opt/anaconda3/envs/mls_lab/lib/python3.7/site-packages/sklearn/model_selection/_validation.py:531: DataConversionWarning: A column-vector y was passed when a 1d array was expected. Please change the shape of y to (n_samples,), for example using ravel().
  estimator.fit(X_train, y_train, **fit_params)
[CV]  max_features=9, n_estimators=91, score=(train=1.000, test=0.879), total=   0.9s
[Parallel(n_jobs=-1)]: Done 486 tasks      | elapsed:   32.5s
[CV] max_features=9, n_estimators=101 ................................
/Users/friedrich/opt/anaconda3/envs/mls_lab/lib/python3.7/site-packages/sklearn/model_selection/_validation.py:531: DataConversionWarning: A column-vector y was passed when a 1d array was expected. Please change the shape of y to (n_samples,), for example using ravel().
  estimator.fit(X_train, y_train, **fit_params)
[CV]  max_features=9, n_estimators=91, score=(train=1.000, test=0.889), total=   1.0s
[Parallel(n_jobs=-1)]: Done 487 tasks      | elapsed:   32.9s
[CV]  max_features=9, n_estimators=91, score=(train=1.000, test=0.889), total=   1.0s
[Parallel(n_jobs=-1)]: Done 488 tasks      | elapsed:   32.9s
[CV] max_features=9, n_estimators=101 ................................
/Users/friedrich/opt/anaconda3/envs/mls_lab/lib/python3.7/site-packages/sklearn/model_selection/_validation.py:531: DataConversionWarning: A column-vector y was passed when a 1d array was expected. Please change the shape of y to (n_samples,), for example using ravel().
  estimator.fit(X_train, y_train, **fit_params)
[CV] max_features=10, n_estimators=1 .................................
/Users/friedrich/opt/anaconda3/envs/mls_lab/lib/python3.7/site-packages/sklearn/model_selection/_validation.py:531: DataConversionWarning: A column-vector y was passed when a 1d array was expected. Please change the shape of y to (n_samples,), for example using ravel().
  estimator.fit(X_train, y_train, **fit_params)
[CV]  max_features=10, n_estimators=1, score=(train=0.930, test=0.820), total=   0.0s
[Parallel(n_jobs=-1)]: Done 489 tasks      | elapsed:   33.0s
[CV] max_features=10, n_estimators=1 .................................
/Users/friedrich/opt/anaconda3/envs/mls_lab/lib/python3.7/site-packages/sklearn/model_selection/_validation.py:531: DataConversionWarning: A column-vector y was passed when a 1d array was expected. Please change the shape of y to (n_samples,), for example using ravel().
  estimator.fit(X_train, y_train, **fit_params)
[CV]  max_features=9, n_estimators=91, score=(train=1.000, test=0.898), total=   1.0s
[Parallel(n_jobs=-1)]: Done 490 tasks      | elapsed:   33.0s
[CV]  max_features=10, n_estimators=1, score=(train=0.929, test=0.829), total=   0.0s
[Parallel(n_jobs=-1)]: Done 491 tasks      | elapsed:   33.0s
[CV] max_features=10, n_estimators=1 .................................
/Users/friedrich/opt/anaconda3/envs/mls_lab/lib/python3.7/site-packages/sklearn/model_selection/_validation.py:531: DataConversionWarning: A column-vector y was passed when a 1d array was expected. Please change the shape of y to (n_samples,), for example using ravel().
  estimator.fit(X_train, y_train, **fit_params)
[CV] max_features=10, n_estimators=1 .................................
/Users/friedrich/opt/anaconda3/envs/mls_lab/lib/python3.7/site-packages/sklearn/model_selection/_validation.py:531: DataConversionWarning: A column-vector y was passed when a 1d array was expected. Please change the shape of y to (n_samples,), for example using ravel().
  estimator.fit(X_train, y_train, **fit_params)
[CV]  max_features=10, n_estimators=1, score=(train=0.927, test=0.811), total=   0.0s
[Parallel(n_jobs=-1)]: Done 492 tasks      | elapsed:   33.1s
[CV] max_features=10, n_estimators=1 .................................
/Users/friedrich/opt/anaconda3/envs/mls_lab/lib/python3.7/site-packages/sklearn/model_selection/_validation.py:531: DataConversionWarning: A column-vector y was passed when a 1d array was expected. Please change the shape of y to (n_samples,), for example using ravel().
  estimator.fit(X_train, y_train, **fit_params)
[CV]  max_features=10, n_estimators=1, score=(train=0.937, test=0.836), total=   0.0s
[Parallel(n_jobs=-1)]: Done 493 tasks      | elapsed:   33.1s
[CV] max_features=10, n_estimators=11 ................................
/Users/friedrich/opt/anaconda3/envs/mls_lab/lib/python3.7/site-packages/sklearn/model_selection/_validation.py:531: DataConversionWarning: A column-vector y was passed when a 1d array was expected. Please change the shape of y to (n_samples,), for example using ravel().
  estimator.fit(X_train, y_train, **fit_params)
[CV]  max_features=10, n_estimators=1, score=(train=0.928, test=0.820), total=   0.0s
[Parallel(n_jobs=-1)]: Done 494 tasks      | elapsed:   33.1s
[CV] max_features=10, n_estimators=11 ................................
[CV]  max_features=9, n_estimators=91, score=(train=1.000, test=0.870), total=   1.0s
[Parallel(n_jobs=-1)]: Done 495 tasks      | elapsed:   33.2s
/Users/friedrich/opt/anaconda3/envs/mls_lab/lib/python3.7/site-packages/sklearn/model_selection/_validation.py:531: DataConversionWarning: A column-vector y was passed when a 1d array was expected. Please change the shape of y to (n_samples,), for example using ravel().
  estimator.fit(X_train, y_train, **fit_params)
[CV] max_features=10, n_estimators=11 ................................
/Users/friedrich/opt/anaconda3/envs/mls_lab/lib/python3.7/site-packages/sklearn/model_selection/_validation.py:531: DataConversionWarning: A column-vector y was passed when a 1d array was expected. Please change the shape of y to (n_samples,), for example using ravel().
  estimator.fit(X_train, y_train, **fit_params)
[CV]  max_features=10, n_estimators=11, score=(train=0.992, test=0.873), total=   0.1s
[Parallel(n_jobs=-1)]: Done 496 tasks      | elapsed:   33.3s
[CV] max_features=10, n_estimators=11 ................................
/Users/friedrich/opt/anaconda3/envs/mls_lab/lib/python3.7/site-packages/sklearn/model_selection/_validation.py:531: DataConversionWarning: A column-vector y was passed when a 1d array was expected. Please change the shape of y to (n_samples,), for example using ravel().
  estimator.fit(X_train, y_train, **fit_params)
[CV]  max_features=10, n_estimators=11, score=(train=0.995, test=0.874), total=   0.1s
[Parallel(n_jobs=-1)]: Done 497 tasks      | elapsed:   33.3s
[CV] max_features=10, n_estimators=11 ................................
/Users/friedrich/opt/anaconda3/envs/mls_lab/lib/python3.7/site-packages/sklearn/model_selection/_validation.py:531: DataConversionWarning: A column-vector y was passed when a 1d array was expected. Please change the shape of y to (n_samples,), for example using ravel().
  estimator.fit(X_train, y_train, **fit_params)
[CV]  max_features=10, n_estimators=11, score=(train=0.995, test=0.877), total=   0.2s
[Parallel(n_jobs=-1)]: Done 498 tasks      | elapsed:   33.4s
[CV] max_features=10, n_estimators=21 ................................
/Users/friedrich/opt/anaconda3/envs/mls_lab/lib/python3.7/site-packages/sklearn/model_selection/_validation.py:531: DataConversionWarning: A column-vector y was passed when a 1d array was expected. Please change the shape of y to (n_samples,), for example using ravel().
  estimator.fit(X_train, y_train, **fit_params)
[CV]  max_features=9, n_estimators=101, score=(train=1.000, test=0.879), total=   1.2s
[Parallel(n_jobs=-1)]: Done 499 tasks      | elapsed:   33.4s
[CV] max_features=10, n_estimators=21 ................................
/Users/friedrich/opt/anaconda3/envs/mls_lab/lib/python3.7/site-packages/sklearn/model_selection/_validation.py:531: DataConversionWarning: A column-vector y was passed when a 1d array was expected. Please change the shape of y to (n_samples,), for example using ravel().
  estimator.fit(X_train, y_train, **fit_params)
[CV]  max_features=10, n_estimators=11, score=(train=0.994, test=0.891), total=   0.2s
[Parallel(n_jobs=-1)]: Done 500 tasks      | elapsed:   33.5s
[CV] max_features=10, n_estimators=21 ................................
/Users/friedrich/opt/anaconda3/envs/mls_lab/lib/python3.7/site-packages/sklearn/model_selection/_validation.py:531: DataConversionWarning: A column-vector y was passed when a 1d array was expected. Please change the shape of y to (n_samples,), for example using ravel().
  estimator.fit(X_train, y_train, **fit_params)
[CV]  max_features=10, n_estimators=11, score=(train=0.996, test=0.865), total=   0.2s
[Parallel(n_jobs=-1)]: Done 501 tasks      | elapsed:   33.5s
[CV] max_features=10, n_estimators=21 ................................
/Users/friedrich/opt/anaconda3/envs/mls_lab/lib/python3.7/site-packages/sklearn/model_selection/_validation.py:531: DataConversionWarning: A column-vector y was passed when a 1d array was expected. Please change the shape of y to (n_samples,), for example using ravel().
  estimator.fit(X_train, y_train, **fit_params)
[CV]  max_features=9, n_estimators=101, score=(train=1.000, test=0.897), total=   1.2s
[Parallel(n_jobs=-1)]: Done 502 tasks      | elapsed:   33.5s
[CV] max_features=10, n_estimators=21 ................................
/Users/friedrich/opt/anaconda3/envs/mls_lab/lib/python3.7/site-packages/sklearn/model_selection/_validation.py:531: DataConversionWarning: A column-vector y was passed when a 1d array was expected. Please change the shape of y to (n_samples,), for example using ravel().
  estimator.fit(X_train, y_train, **fit_params)
[CV]  max_features=10, n_estimators=21, score=(train=0.998, test=0.888), total=   0.3s
[Parallel(n_jobs=-1)]: Done 503 tasks      | elapsed:   33.7s
[CV]  max_features=9, n_estimators=101, score=(train=1.000, test=0.891), total=   1.2s
[CV] max_features=10, n_estimators=31 ................................
[Parallel(n_jobs=-1)]: Done 504 tasks      | elapsed:   33.7s
/Users/friedrich/opt/anaconda3/envs/mls_lab/lib/python3.7/site-packages/sklearn/model_selection/_validation.py:531: DataConversionWarning: A column-vector y was passed when a 1d array was expected. Please change the shape of y to (n_samples,), for example using ravel().
  estimator.fit(X_train, y_train, **fit_params)
[CV] max_features=10, n_estimators=31 ................................
/Users/friedrich/opt/anaconda3/envs/mls_lab/lib/python3.7/site-packages/sklearn/model_selection/_validation.py:531: DataConversionWarning: A column-vector y was passed when a 1d array was expected. Please change the shape of y to (n_samples,), for example using ravel().
  estimator.fit(X_train, y_train, **fit_params)
[CV]  max_features=10, n_estimators=21, score=(train=0.999, test=0.883), total=   0.3s
[Parallel(n_jobs=-1)]: Done 505 tasks      | elapsed:   33.7s
[CV] max_features=10, n_estimators=31 ................................
/Users/friedrich/opt/anaconda3/envs/mls_lab/lib/python3.7/site-packages/sklearn/model_selection/_validation.py:531: DataConversionWarning: A column-vector y was passed when a 1d array was expected. Please change the shape of y to (n_samples,), for example using ravel().
  estimator.fit(X_train, y_train, **fit_params)
[CV]  max_features=10, n_estimators=21, score=(train=1.000, test=0.882), total=   0.3s
[Parallel(n_jobs=-1)]: Done 506 tasks      | elapsed:   33.8s
[CV] max_features=10, n_estimators=31 ................................
[CV]  max_features=10, n_estimators=21, score=(train=0.998, test=0.885), total=   0.3s
[CV]  max_features=9, n_estimators=101, score=(train=1.000, test=0.904), total=   1.2s
[Parallel(n_jobs=-1)]: Done 507 tasks      | elapsed:   33.8s
[CV] max_features=10, n_estimators=31 ................................
[Parallel(n_jobs=-1)]: Done 508 tasks      | elapsed:   33.8s
/Users/friedrich/opt/anaconda3/envs/mls_lab/lib/python3.7/site-packages/sklearn/model_selection/_validation.py:531: DataConversionWarning: A column-vector y was passed when a 1d array was expected. Please change the shape of y to (n_samples,), for example using ravel().
  estimator.fit(X_train, y_train, **fit_params)
/Users/friedrich/opt/anaconda3/envs/mls_lab/lib/python3.7/site-packages/sklearn/model_selection/_validation.py:531: DataConversionWarning: A column-vector y was passed when a 1d array was expected. Please change the shape of y to (n_samples,), for example using ravel().
  estimator.fit(X_train, y_train, **fit_params)
[CV] max_features=10, n_estimators=41 ................................
/Users/friedrich/opt/anaconda3/envs/mls_lab/lib/python3.7/site-packages/sklearn/model_selection/_validation.py:531: DataConversionWarning: A column-vector y was passed when a 1d array was expected. Please change the shape of y to (n_samples,), for example using ravel().
  estimator.fit(X_train, y_train, **fit_params)
[CV]  max_features=10, n_estimators=21, score=(train=0.999, test=0.880), total=   0.3s
[Parallel(n_jobs=-1)]: Done 509 tasks      | elapsed:   33.9s
[CV] max_features=10, n_estimators=41 ................................
/Users/friedrich/opt/anaconda3/envs/mls_lab/lib/python3.7/site-packages/sklearn/model_selection/_validation.py:531: DataConversionWarning: A column-vector y was passed when a 1d array was expected. Please change the shape of y to (n_samples,), for example using ravel().
  estimator.fit(X_train, y_train, **fit_params)
[CV]  max_features=10, n_estimators=31, score=(train=1.000, test=0.877), total=   0.4s
[Parallel(n_jobs=-1)]: Done 510 tasks      | elapsed:   34.1s
[CV] max_features=10, n_estimators=41 ................................
/Users/friedrich/opt/anaconda3/envs/mls_lab/lib/python3.7/site-packages/sklearn/model_selection/_validation.py:531: DataConversionWarning: A column-vector y was passed when a 1d array was expected. Please change the shape of y to (n_samples,), for example using ravel().
  estimator.fit(X_train, y_train, **fit_params)
[CV]  max_features=10, n_estimators=31, score=(train=0.999, test=0.879), total=   0.4s
[Parallel(n_jobs=-1)]: Done 511 tasks      | elapsed:   34.1s
[CV] max_features=10, n_estimators=41 ................................
/Users/friedrich/opt/anaconda3/envs/mls_lab/lib/python3.7/site-packages/sklearn/model_selection/_validation.py:531: DataConversionWarning: A column-vector y was passed when a 1d array was expected. Please change the shape of y to (n_samples,), for example using ravel().
  estimator.fit(X_train, y_train, **fit_params)
[CV]  max_features=10, n_estimators=31, score=(train=0.999, test=0.885), total=   0.4s
[Parallel(n_jobs=-1)]: Done 512 tasks      | elapsed:   34.2s
[CV] max_features=10, n_estimators=41 ................................
/Users/friedrich/opt/anaconda3/envs/mls_lab/lib/python3.7/site-packages/sklearn/model_selection/_validation.py:531: DataConversionWarning: A column-vector y was passed when a 1d array was expected. Please change the shape of y to (n_samples,), for example using ravel().
  estimator.fit(X_train, y_train, **fit_params)
[CV]  max_features=9, n_estimators=101, score=(train=1.000, test=0.880), total=   1.2s
[Parallel(n_jobs=-1)]: Done 513 tasks      | elapsed:   34.2s
[CV]  max_features=10, n_estimators=31, score=(train=1.000, test=0.896), total=   0.4s
[Parallel(n_jobs=-1)]: Done 514 tasks      | elapsed:   34.2s
[CV]  max_features=10, n_estimators=31, score=(train=1.000, test=0.874), total=   0.4s
[Parallel(n_jobs=-1)]: Done 515 tasks      | elapsed:   34.2s
[CV] max_features=10, n_estimators=51 ................................
/Users/friedrich/opt/anaconda3/envs/mls_lab/lib/python3.7/site-packages/sklearn/model_selection/_validation.py:531: DataConversionWarning: A column-vector y was passed when a 1d array was expected. Please change the shape of y to (n_samples,), for example using ravel().
  estimator.fit(X_train, y_train, **fit_params)
[CV] max_features=10, n_estimators=51 ................................
[CV] max_features=10, n_estimators=51 ................................
/Users/friedrich/opt/anaconda3/envs/mls_lab/lib/python3.7/site-packages/sklearn/model_selection/_validation.py:531: DataConversionWarning: A column-vector y was passed when a 1d array was expected. Please change the shape of y to (n_samples,), for example using ravel().
  estimator.fit(X_train, y_train, **fit_params)
/Users/friedrich/opt/anaconda3/envs/mls_lab/lib/python3.7/site-packages/sklearn/model_selection/_validation.py:531: DataConversionWarning: A column-vector y was passed when a 1d array was expected. Please change the shape of y to (n_samples,), for example using ravel().
  estimator.fit(X_train, y_train, **fit_params)
[CV]  max_features=10, n_estimators=41, score=(train=1.000, test=0.874), total=   0.5s
[Parallel(n_jobs=-1)]: Done 516 tasks      | elapsed:   34.4s
[CV] max_features=10, n_estimators=51 ................................
/Users/friedrich/opt/anaconda3/envs/mls_lab/lib/python3.7/site-packages/sklearn/model_selection/_validation.py:531: DataConversionWarning: A column-vector y was passed when a 1d array was expected. Please change the shape of y to (n_samples,), for example using ravel().
  estimator.fit(X_train, y_train, **fit_params)
[CV]  max_features=10, n_estimators=41, score=(train=1.000, test=0.885), total=   0.5s
[Parallel(n_jobs=-1)]: Done 517 tasks      | elapsed:   34.4s
[CV] max_features=10, n_estimators=51 ................................
/Users/friedrich/opt/anaconda3/envs/mls_lab/lib/python3.7/site-packages/sklearn/model_selection/_validation.py:531: DataConversionWarning: A column-vector y was passed when a 1d array was expected. Please change the shape of y to (n_samples,), for example using ravel().
  estimator.fit(X_train, y_train, **fit_params)
[CV]  max_features=10, n_estimators=41, score=(train=1.000, test=0.886), total=   0.5s
[Parallel(n_jobs=-1)]: Done 518 tasks      | elapsed:   34.7s
[CV] max_features=10, n_estimators=61 ................................
[CV]  max_features=10, n_estimators=41, score=(train=1.000, test=0.891), total=   0.5s
[Parallel(n_jobs=-1)]: Done 519 tasks      | elapsed:   34.7s
[CV] max_features=10, n_estimators=61 ................................
/Users/friedrich/opt/anaconda3/envs/mls_lab/lib/python3.7/site-packages/sklearn/model_selection/_validation.py:531: DataConversionWarning: A column-vector y was passed when a 1d array was expected. Please change the shape of y to (n_samples,), for example using ravel().
  estimator.fit(X_train, y_train, **fit_params)
/Users/friedrich/opt/anaconda3/envs/mls_lab/lib/python3.7/site-packages/sklearn/model_selection/_validation.py:531: DataConversionWarning: A column-vector y was passed when a 1d array was expected. Please change the shape of y to (n_samples,), for example using ravel().
  estimator.fit(X_train, y_train, **fit_params)
[CV]  max_features=10, n_estimators=41, score=(train=1.000, test=0.870), total=   0.5s
[Parallel(n_jobs=-1)]: Done 520 tasks      | elapsed:   34.7s
[CV] max_features=10, n_estimators=61 ................................
/Users/friedrich/opt/anaconda3/envs/mls_lab/lib/python3.7/site-packages/sklearn/model_selection/_validation.py:531: DataConversionWarning: A column-vector y was passed when a 1d array was expected. Please change the shape of y to (n_samples,), for example using ravel().
  estimator.fit(X_train, y_train, **fit_params)
[CV]  max_features=10, n_estimators=51, score=(train=1.000, test=0.892), total=   0.6s
[Parallel(n_jobs=-1)]: Done 521 tasks      | elapsed:   34.9s
[CV] max_features=10, n_estimators=61 ................................
[CV]  max_features=10, n_estimators=51, score=(train=0.999, test=0.895), total=   0.6s
[Parallel(n_jobs=-1)]: Done 522 tasks      | elapsed:   34.9s
/Users/friedrich/opt/anaconda3/envs/mls_lab/lib/python3.7/site-packages/sklearn/model_selection/_validation.py:531: DataConversionWarning: A column-vector y was passed when a 1d array was expected. Please change the shape of y to (n_samples,), for example using ravel().
  estimator.fit(X_train, y_train, **fit_params)
[CV] max_features=10, n_estimators=61 ................................
/Users/friedrich/opt/anaconda3/envs/mls_lab/lib/python3.7/site-packages/sklearn/model_selection/_validation.py:531: DataConversionWarning: A column-vector y was passed when a 1d array was expected. Please change the shape of y to (n_samples,), for example using ravel().
  estimator.fit(X_train, y_train, **fit_params)
[CV]  max_features=10, n_estimators=51, score=(train=1.000, test=0.876), total=   0.6s
[Parallel(n_jobs=-1)]: Done 523 tasks      | elapsed:   35.0s
[CV] max_features=10, n_estimators=71 ................................
/Users/friedrich/opt/anaconda3/envs/mls_lab/lib/python3.7/site-packages/sklearn/model_selection/_validation.py:531: DataConversionWarning: A column-vector y was passed when a 1d array was expected. Please change the shape of y to (n_samples,), for example using ravel().
  estimator.fit(X_train, y_train, **fit_params)
[CV]  max_features=10, n_estimators=51, score=(train=1.000, test=0.892), total=   0.6s
[Parallel(n_jobs=-1)]: Done 524 tasks      | elapsed:   35.1s
[CV] max_features=10, n_estimators=71 ................................
[CV]  max_features=10, n_estimators=51, score=(train=1.000, test=0.877), total=   0.7s
[Parallel(n_jobs=-1)]: Done 525 tasks      | elapsed:   35.2s
/Users/friedrich/opt/anaconda3/envs/mls_lab/lib/python3.7/site-packages/sklearn/model_selection/_validation.py:531: DataConversionWarning: A column-vector y was passed when a 1d array was expected. Please change the shape of y to (n_samples,), for example using ravel().
  estimator.fit(X_train, y_train, **fit_params)
[CV] max_features=10, n_estimators=71 ................................
/Users/friedrich/opt/anaconda3/envs/mls_lab/lib/python3.7/site-packages/sklearn/model_selection/_validation.py:531: DataConversionWarning: A column-vector y was passed when a 1d array was expected. Please change the shape of y to (n_samples,), for example using ravel().
  estimator.fit(X_train, y_train, **fit_params)
[CV]  max_features=10, n_estimators=61, score=(train=1.000, test=0.880), total=   0.9s
[Parallel(n_jobs=-1)]: Done 526 tasks      | elapsed:   35.7s
[CV] max_features=10, n_estimators=71 ................................
/Users/friedrich/opt/anaconda3/envs/mls_lab/lib/python3.7/site-packages/sklearn/model_selection/_validation.py:531: DataConversionWarning: A column-vector y was passed when a 1d array was expected. Please change the shape of y to (n_samples,), for example using ravel().
  estimator.fit(X_train, y_train, **fit_params)
[CV]  max_features=10, n_estimators=61, score=(train=1.000, test=0.886), total=   0.9s
[Parallel(n_jobs=-1)]: Done 527 tasks      | elapsed:   35.7s
[CV] max_features=10, n_estimators=71 ................................
/Users/friedrich/opt/anaconda3/envs/mls_lab/lib/python3.7/site-packages/sklearn/model_selection/_validation.py:531: DataConversionWarning: A column-vector y was passed when a 1d array was expected. Please change the shape of y to (n_samples,), for example using ravel().
  estimator.fit(X_train, y_train, **fit_params)
[CV]  max_features=10, n_estimators=61, score=(train=1.000, test=0.888), total=   0.9s
[Parallel(n_jobs=-1)]: Done 528 tasks      | elapsed:   35.8s
[CV] max_features=10, n_estimators=81 ................................
/Users/friedrich/opt/anaconda3/envs/mls_lab/lib/python3.7/site-packages/sklearn/model_selection/_validation.py:531: DataConversionWarning: A column-vector y was passed when a 1d array was expected. Please change the shape of y to (n_samples,), for example using ravel().
  estimator.fit(X_train, y_train, **fit_params)
[CV]  max_features=10, n_estimators=61, score=(train=1.000, test=0.892), total=   1.0s
[Parallel(n_jobs=-1)]: Done 529 tasks      | elapsed:   35.9s
[CV]  max_features=10, n_estimators=61, score=(train=1.000, test=0.864), total=   1.0s
[Parallel(n_jobs=-1)]: Done 530 tasks      | elapsed:   36.0s
[CV] max_features=10, n_estimators=81 ................................
[CV] max_features=10, n_estimators=81 ................................
/Users/friedrich/opt/anaconda3/envs/mls_lab/lib/python3.7/site-packages/sklearn/model_selection/_validation.py:531: DataConversionWarning: A column-vector y was passed when a 1d array was expected. Please change the shape of y to (n_samples,), for example using ravel().
  estimator.fit(X_train, y_train, **fit_params)
/Users/friedrich/opt/anaconda3/envs/mls_lab/lib/python3.7/site-packages/sklearn/model_selection/_validation.py:531: DataConversionWarning: A column-vector y was passed when a 1d array was expected. Please change the shape of y to (n_samples,), for example using ravel().
  estimator.fit(X_train, y_train, **fit_params)
[CV]  max_features=10, n_estimators=71, score=(train=1.000, test=0.870), total=   1.1s
[Parallel(n_jobs=-1)]: Done 531 tasks      | elapsed:   36.1s
[CV] max_features=10, n_estimators=81 ................................
/Users/friedrich/opt/anaconda3/envs/mls_lab/lib/python3.7/site-packages/sklearn/model_selection/_validation.py:531: DataConversionWarning: A column-vector y was passed when a 1d array was expected. Please change the shape of y to (n_samples,), for example using ravel().
  estimator.fit(X_train, y_train, **fit_params)
[CV]  max_features=10, n_estimators=71, score=(train=1.000, test=0.886), total=   1.0s
[Parallel(n_jobs=-1)]: Done 532 tasks      | elapsed:   36.3s
[CV] max_features=10, n_estimators=81 ................................
/Users/friedrich/opt/anaconda3/envs/mls_lab/lib/python3.7/site-packages/sklearn/model_selection/_validation.py:531: DataConversionWarning: A column-vector y was passed when a 1d array was expected. Please change the shape of y to (n_samples,), for example using ravel().
  estimator.fit(X_train, y_train, **fit_params)
[CV]  max_features=10, n_estimators=71, score=(train=1.000, test=0.886), total=   1.0s
[Parallel(n_jobs=-1)]: Done 533 tasks      | elapsed:   36.4s
[CV] max_features=10, n_estimators=91 ................................
/Users/friedrich/opt/anaconda3/envs/mls_lab/lib/python3.7/site-packages/sklearn/model_selection/_validation.py:531: DataConversionWarning: A column-vector y was passed when a 1d array was expected. Please change the shape of y to (n_samples,), for example using ravel().
  estimator.fit(X_train, y_train, **fit_params)
[CV]  max_features=10, n_estimators=71, score=(train=1.000, test=0.901), total=   0.9s
[Parallel(n_jobs=-1)]: Done 534 tasks      | elapsed:   36.7s
[CV] max_features=10, n_estimators=91 ................................
[CV]  max_features=10, n_estimators=71, score=(train=1.000, test=0.873), total=   0.9s
[Parallel(n_jobs=-1)]: Done 535 tasks      | elapsed:   36.7s
[CV] max_features=10, n_estimators=91 ................................
/Users/friedrich/opt/anaconda3/envs/mls_lab/lib/python3.7/site-packages/sklearn/model_selection/_validation.py:531: DataConversionWarning: A column-vector y was passed when a 1d array was expected. Please change the shape of y to (n_samples,), for example using ravel().
  estimator.fit(X_train, y_train, **fit_params)
/Users/friedrich/opt/anaconda3/envs/mls_lab/lib/python3.7/site-packages/sklearn/model_selection/_validation.py:531: DataConversionWarning: A column-vector y was passed when a 1d array was expected. Please change the shape of y to (n_samples,), for example using ravel().
  estimator.fit(X_train, y_train, **fit_params)
[CV]  max_features=10, n_estimators=81, score=(train=1.000, test=0.879), total=   1.0s
[CV] max_features=10, n_estimators=91 ................................
/Users/friedrich/opt/anaconda3/envs/mls_lab/lib/python3.7/site-packages/sklearn/model_selection/_validation.py:531: DataConversionWarning: A column-vector y was passed when a 1d array was expected. Please change the shape of y to (n_samples,), for example using ravel().
  estimator.fit(X_train, y_train, **fit_params)
[CV]  max_features=10, n_estimators=81, score=(train=1.000, test=0.895), total=   1.0s
[CV]  max_features=10, n_estimators=81, score=(train=1.000, test=0.892), total=   1.0s
[CV] max_features=10, n_estimators=91 ................................
[CV] max_features=10, n_estimators=101 ...............................
/Users/friedrich/opt/anaconda3/envs/mls_lab/lib/python3.7/site-packages/sklearn/model_selection/_validation.py:531: DataConversionWarning: A column-vector y was passed when a 1d array was expected. Please change the shape of y to (n_samples,), for example using ravel().
  estimator.fit(X_train, y_train, **fit_params)
/Users/friedrich/opt/anaconda3/envs/mls_lab/lib/python3.7/site-packages/sklearn/model_selection/_validation.py:531: DataConversionWarning: A column-vector y was passed when a 1d array was expected. Please change the shape of y to (n_samples,), for example using ravel().
  estimator.fit(X_train, y_train, **fit_params)
[CV]  max_features=10, n_estimators=81, score=(train=1.000, test=0.899), total=   1.0s
[CV] max_features=10, n_estimators=101 ...............................
/Users/friedrich/opt/anaconda3/envs/mls_lab/lib/python3.7/site-packages/sklearn/model_selection/_validation.py:531: DataConversionWarning: A column-vector y was passed when a 1d array was expected. Please change the shape of y to (n_samples,), for example using ravel().
  estimator.fit(X_train, y_train, **fit_params)
[CV]  max_features=10, n_estimators=81, score=(train=1.000, test=0.873), total=   1.1s
[CV] max_features=10, n_estimators=101 ...............................
/Users/friedrich/opt/anaconda3/envs/mls_lab/lib/python3.7/site-packages/sklearn/model_selection/_validation.py:531: DataConversionWarning: A column-vector y was passed when a 1d array was expected. Please change the shape of y to (n_samples,), for example using ravel().
  estimator.fit(X_train, y_train, **fit_params)
[CV]  max_features=10, n_estimators=91, score=(train=1.000, test=0.882), total=   1.2s
[CV] max_features=10, n_estimators=101 ...............................
/Users/friedrich/opt/anaconda3/envs/mls_lab/lib/python3.7/site-packages/sklearn/model_selection/_validation.py:531: DataConversionWarning: A column-vector y was passed when a 1d array was expected. Please change the shape of y to (n_samples,), for example using ravel().
  estimator.fit(X_train, y_train, **fit_params)
[CV]  max_features=10, n_estimators=91, score=(train=1.000, test=0.891), total=   1.2s
[CV]  max_features=10, n_estimators=91, score=(train=1.000, test=0.885), total=   1.2s
[CV] max_features=10, n_estimators=101 ...............................
/Users/friedrich/opt/anaconda3/envs/mls_lab/lib/python3.7/site-packages/sklearn/model_selection/_validation.py:531: DataConversionWarning: A column-vector y was passed when a 1d array was expected. Please change the shape of y to (n_samples,), for example using ravel().
  estimator.fit(X_train, y_train, **fit_params)
[CV]  max_features=10, n_estimators=91, score=(train=1.000, test=0.902), total=   1.2s
[CV]  max_features=10, n_estimators=91, score=(train=1.000, test=0.874), total=   1.2s
[CV]  max_features=10, n_estimators=101, score=(train=1.000, test=0.869), total=   1.3s
[CV]  max_features=10, n_estimators=101, score=(train=1.000, test=0.894), total=   1.2s
[Parallel(n_jobs=-1)]: Done 547 out of 550 | elapsed:   38.6s remaining:    0.2s
[CV]  max_features=10, n_estimators=101, score=(train=1.000, test=0.883), total=   1.1s
[CV]  max_features=10, n_estimators=101, score=(train=1.000, test=0.889), total=   1.0s
[CV]  max_features=10, n_estimators=101, score=(train=1.000, test=0.873), total=   0.9s
[Parallel(n_jobs=-1)]: Done 550 out of 550 | elapsed:   39.0s finished
/Users/friedrich/opt/anaconda3/envs/mls_lab/lib/python3.7/site-packages/sklearn/model_selection/_search.py:765: DataConversionWarning: A column-vector y was passed when a 1d array was expected. Please change the shape of y to (n_samples,), for example using ravel().
  self.best_estimator_.fit(X, y, **fit_params)
TA2:1.0,0.8944827586206896
(mls_lab) 
# friedrich @ Friedrich-MBP in ~/Projects/GitHub/AMLS_assignment20_21/AMLS_20-21_SN20043715 on git:master x [23:01:00] 
$ 